ARM GAS  C:\Users\jisu8\AppData\Local\Temp\ccp9sS8Z.s 			page 1


   1              		.cpu cortex-m0
   2              		.arch armv6s-m
   3              		.fpu softvfp
   4              		.eabi_attribute 20, 1
   5              		.eabi_attribute 21, 1
   6              		.eabi_attribute 23, 3
   7              		.eabi_attribute 24, 1
   8              		.eabi_attribute 25, 1
   9              		.eabi_attribute 26, 1
  10              		.eabi_attribute 30, 1
  11              		.eabi_attribute 34, 0
  12              		.eabi_attribute 18, 4
  13              		.file	"blutooth.c"
  14              		.text
  15              	.Ltext0:
  16              		.cfi_sections	.debug_frame
  17              		.section	.rodata.Blutooth_Init.str1.4,"aMS",%progbits,1
  18              		.align	2
  19              	.LC1:
  20 0000 48656C6C 		.ascii	"Hello, Blutooth Connection Complete\000"
  20      6F2C2042 
  20      6C75746F 
  20      6F746820 
  20      436F6E6E 
  21              		.section	.text.Blutooth_Init,"ax",%progbits
  22              		.align	1
  23              		.global	Blutooth_Init
  24              		.syntax unified
  25              		.code	16
  26              		.thumb_func
  28              	Blutooth_Init:
  29              	.LFB43:
  30              		.file 1 "Core/Src/blutooth.c"
   1:Core/Src/blutooth.c **** #include "blutooth.h"
   2:Core/Src/blutooth.c **** #include <stdio.h>
   3:Core/Src/blutooth.c **** #include <string.h>
   4:Core/Src/blutooth.c **** 
   5:Core/Src/blutooth.c **** uint8 Blutooth_Tx_Data[100];
   6:Core/Src/blutooth.c **** uint8 Blutooth_Rx_Data[100];
   7:Core/Src/blutooth.c **** 
   8:Core/Src/blutooth.c **** void Blutooth_Init(void)
   9:Core/Src/blutooth.c **** {
  31              		.loc 1 9 1 view -0
  32              		.cfi_startproc
  33              		@ args = 0, pretend = 0, frame = 0
  34              		@ frame_needed = 0, uses_anonymous_args = 0
  35 0000 70B5     		push	{r4, r5, r6, lr}
  36              	.LCFI0:
  37              		.cfi_def_cfa_offset 16
  38              		.cfi_offset 4, -16
  39              		.cfi_offset 5, -12
  40              		.cfi_offset 6, -8
  41              		.cfi_offset 14, -4
  10:Core/Src/blutooth.c ****     sprintf(Blutooth_Tx_Data,"Hello, Blutooth Connection Complete");
  42              		.loc 1 10 5 view .LVU1
  43 0002 0C4C     		ldr	r4, .L2
  44 0004 0C4B     		ldr	r3, .L2+4
ARM GAS  C:\Users\jisu8\AppData\Local\Temp\ccp9sS8Z.s 			page 2


  45 0006 2200     		movs	r2, r4
  46 0008 23CB     		ldmia	r3!, {r0, r1, r5}
  47 000a 23C2     		stmia	r2!, {r0, r1, r5}
  48 000c 23CB     		ldmia	r3!, {r0, r1, r5}
  49 000e 23C2     		stmia	r2!, {r0, r1, r5}
  50 0010 23CB     		ldmia	r3!, {r0, r1, r5}
  51 0012 23C2     		stmia	r2!, {r0, r1, r5}
  11:Core/Src/blutooth.c ****     HAL_UART_Transmit(&BLUTOOTH_MODULE, Blutooth_Tx_Data, strlen(Blutooth_Tx_Data), 100);    
  52              		.loc 1 11 5 view .LVU2
  53              		.loc 1 11 59 is_stmt 0 view .LVU3
  54 0014 2000     		movs	r0, r4
  55 0016 FFF7FEFF 		bl	strlen
  56              	.LVL0:
  57              		.loc 1 11 5 view .LVU4
  58 001a 82B2     		uxth	r2, r0
  59 001c 074D     		ldr	r5, .L2+8
  60 001e 6423     		movs	r3, #100
  61 0020 2100     		movs	r1, r4
  62 0022 2800     		movs	r0, r5
  63 0024 FFF7FEFF 		bl	HAL_UART_Transmit
  64              	.LVL1:
  12:Core/Src/blutooth.c ****     HAL_UART_Receive_IT(&BLUTOOTH_MODULE,&Blutooth_Rx_Data,1);
  65              		.loc 1 12 5 is_stmt 1 view .LVU5
  66 0028 0122     		movs	r2, #1
  67 002a 0549     		ldr	r1, .L2+12
  68 002c 2800     		movs	r0, r5
  69 002e FFF7FEFF 		bl	HAL_UART_Receive_IT
  70              	.LVL2:
  13:Core/Src/blutooth.c **** }
  71              		.loc 1 13 1 is_stmt 0 view .LVU6
  72              		@ sp needed
  73 0032 70BD     		pop	{r4, r5, r6, pc}
  74              	.L3:
  75              		.align	2
  76              	.L2:
  77 0034 00000000 		.word	.LANCHOR0
  78 0038 00000000 		.word	.LC1
  79 003c 00000000 		.word	huart1
  80 0040 00000000 		.word	.LANCHOR1
  81              		.cfi_endproc
  82              	.LFE43:
  84              		.section	.text.Blutooth_Communication,"ax",%progbits
  85              		.align	1
  86              		.global	Blutooth_Communication
  87              		.syntax unified
  88              		.code	16
  89              		.thumb_func
  91              	Blutooth_Communication:
  92              	.LFB44:
  14:Core/Src/blutooth.c **** 
  15:Core/Src/blutooth.c **** void Blutooth_Communication(void)
  16:Core/Src/blutooth.c **** {
  93              		.loc 1 16 1 is_stmt 1 view -0
  94              		.cfi_startproc
  95              		@ args = 0, pretend = 0, frame = 0
  96              		@ frame_needed = 0, uses_anonymous_args = 0
  97              		@ link register save eliminated.
ARM GAS  C:\Users\jisu8\AppData\Local\Temp\ccp9sS8Z.s 			page 3


  17:Core/Src/blutooth.c **** 
  18:Core/Src/blutooth.c **** }
  98              		.loc 1 18 1 view .LVU8
  99              		@ sp needed
 100 0000 7047     		bx	lr
 101              		.cfi_endproc
 102              	.LFE44:
 104              		.section	.rodata.HAL_UART_RxCpltCallback.str1.4,"aMS",%progbits,1
 105              		.align	2
 106              	.LC7:
 107 0000 52656365 		.ascii	"Receive Menu information is : \000"
 107      69766520 
 107      4D656E75 
 107      20696E66 
 107      6F726D61 
 108 001f 00       		.align	2
 109              	.LC10:
 110 0020 0A0A00   		.ascii	"\012\012\000"
 111              		.section	.text.HAL_UART_RxCpltCallback,"ax",%progbits
 112              		.align	1
 113              		.global	HAL_UART_RxCpltCallback
 114              		.syntax unified
 115              		.code	16
 116              		.thumb_func
 118              	HAL_UART_RxCpltCallback:
 119              	.LVL3:
 120              	.LFB45:
  19:Core/Src/blutooth.c **** 
  20:Core/Src/blutooth.c **** void HAL_UART_RxCpltCallback(UART_HandleTypeDef *huart)
  21:Core/Src/blutooth.c **** {
 121              		.loc 1 21 1 view -0
 122              		.cfi_startproc
 123              		@ args = 0, pretend = 0, frame = 0
 124              		@ frame_needed = 0, uses_anonymous_args = 0
 125              		.loc 1 21 1 is_stmt 0 view .LVU10
 126 0000 70B5     		push	{r4, r5, r6, lr}
 127              	.LCFI1:
 128              		.cfi_def_cfa_offset 16
 129              		.cfi_offset 4, -16
 130              		.cfi_offset 5, -12
 131              		.cfi_offset 6, -8
 132              		.cfi_offset 14, -4
  22:Core/Src/blutooth.c ****     if(huart->Instance == USART1)
 133              		.loc 1 22 5 is_stmt 1 view .LVU11
 134              		.loc 1 22 13 is_stmt 0 view .LVU12
 135 0002 0268     		ldr	r2, [r0]
 136              		.loc 1 22 7 view .LVU13
 137 0004 224B     		ldr	r3, .L10
 138 0006 9A42     		cmp	r2, r3
 139 0008 00D0     		beq	.L9
 140              	.LVL4:
 141              	.L5:
  23:Core/Src/blutooth.c ****     {
  24:Core/Src/blutooth.c ****         if(((Blutooth_Rx_Data[0] >= '0')&&(Blutooth_Rx_Data[0] <= '9'))||
  25:Core/Src/blutooth.c ****            ((Blutooth_Rx_Data[0] >= 'a')&&(Blutooth_Rx_Data[0] <= 'z'))||
  26:Core/Src/blutooth.c ****            ((Blutooth_Rx_Data[0] >= 'A')&&(Blutooth_Rx_Data[0] <= 'Z')))
  27:Core/Src/blutooth.c ****         {
ARM GAS  C:\Users\jisu8\AppData\Local\Temp\ccp9sS8Z.s 			page 4


  28:Core/Src/blutooth.c ****             sprintf(Blutooth_Tx_Data,"Receive Menu information is : ");
  29:Core/Src/blutooth.c ****             HAL_UART_Transmit(&BLUTOOTH_MODULE,Blutooth_Tx_Data,strlen(Blutooth_Tx_Data), 100);
  30:Core/Src/blutooth.c ****             HAL_UART_Transmit(&BLUTOOTH_MODULE,&Blutooth_Rx_Data,1, 100);
  31:Core/Src/blutooth.c ****             sprintf(Blutooth_Tx_Data,"\n\n");
  32:Core/Src/blutooth.c ****             HAL_UART_Transmit(&BLUTOOTH_MODULE,Blutooth_Tx_Data,strlen(Blutooth_Tx_Data), 100);
  33:Core/Src/blutooth.c ****         }
  34:Core/Src/blutooth.c **** 
  35:Core/Src/blutooth.c ****         HAL_UART_Receive_IT(&BLUTOOTH_MODULE,&Blutooth_Rx_Data,1);
  36:Core/Src/blutooth.c ****     }
  37:Core/Src/blutooth.c ****     return;
  38:Core/Src/blutooth.c **** }...
 142              		.loc 1 38 1 view .LVU14
 143              		@ sp needed
 144 000a 70BD     		pop	{r4, r5, r6, pc}
 145              	.LVL5:
 146              	.L9:
  24:Core/Src/blutooth.c ****         if(((Blutooth_Rx_Data[0] >= '0')&&(Blutooth_Rx_Data[0] <= '9'))||
 147              		.loc 1 24 9 is_stmt 1 view .LVU15
  24:Core/Src/blutooth.c ****         if(((Blutooth_Rx_Data[0] >= '0')&&(Blutooth_Rx_Data[0] <= '9'))||
 148              		.loc 1 24 30 is_stmt 0 view .LVU16
 149 000c 214B     		ldr	r3, .L10+4
 150 000e 1B78     		ldrb	r3, [r3]
  24:Core/Src/blutooth.c ****         if(((Blutooth_Rx_Data[0] >= '0')&&(Blutooth_Rx_Data[0] <= '9'))||
 151              		.loc 1 24 41 view .LVU17
 152 0010 1A00     		movs	r2, r3
 153 0012 303A     		subs	r2, r2, #48
 154 0014 D2B2     		uxtb	r2, r2
  24:Core/Src/blutooth.c ****         if(((Blutooth_Rx_Data[0] >= '0')&&(Blutooth_Rx_Data[0] <= '9'))||
 155              		.loc 1 24 11 view .LVU18
 156 0016 092A     		cmp	r2, #9
 157 0018 08D9     		bls	.L7
  25:Core/Src/blutooth.c ****            ((Blutooth_Rx_Data[0] >= 'a')&&(Blutooth_Rx_Data[0] <= 'z'))||
 158              		.loc 1 25 41 discriminator 1 view .LVU19
 159 001a 1A00     		movs	r2, r3
 160 001c 613A     		subs	r2, r2, #97
 161 001e D2B2     		uxtb	r2, r2
  24:Core/Src/blutooth.c ****         if(((Blutooth_Rx_Data[0] >= '0')&&(Blutooth_Rx_Data[0] <= '9'))||
 162              		.loc 1 24 72 discriminator 1 view .LVU20
 163 0020 192A     		cmp	r2, #25
 164 0022 03D9     		bls	.L7
  26:Core/Src/blutooth.c ****            ((Blutooth_Rx_Data[0] >= 'A')&&(Blutooth_Rx_Data[0] <= 'Z')))
 165              		.loc 1 26 41 view .LVU21
 166 0024 413B     		subs	r3, r3, #65
 167 0026 DBB2     		uxtb	r3, r3
  25:Core/Src/blutooth.c ****            ((Blutooth_Rx_Data[0] >= 'a')&&(Blutooth_Rx_Data[0] <= 'z'))||
 168              		.loc 1 25 72 view .LVU22
 169 0028 192B     		cmp	r3, #25
 170 002a 2AD8     		bhi	.L8
 171              	.L7:
  28:Core/Src/blutooth.c ****             sprintf(Blutooth_Tx_Data,"Receive Menu information is : ");
 172              		.loc 1 28 13 is_stmt 1 view .LVU23
 173 002c 1A4C     		ldr	r4, .L10+8
 174 002e 1B4B     		ldr	r3, .L10+12
 175 0030 2200     		movs	r2, r4
 176 0032 23CB     		ldmia	r3!, {r0, r1, r5}
 177 0034 23C2     		stmia	r2!, {r0, r1, r5}
 178              	.LVL6:
ARM GAS  C:\Users\jisu8\AppData\Local\Temp\ccp9sS8Z.s 			page 5


  28:Core/Src/blutooth.c ****             sprintf(Blutooth_Tx_Data,"Receive Menu information is : ");
 179              		.loc 1 28 13 is_stmt 0 view .LVU24
 180 0036 23CB     		ldmia	r3!, {r0, r1, r5}
 181 0038 23C2     		stmia	r2!, {r0, r1, r5}
 182 003a 1968     		ldr	r1, [r3]
 183 003c 1160     		str	r1, [r2]
 184 003e 9988     		ldrh	r1, [r3, #4]
 185 0040 9180     		strh	r1, [r2, #4]
 186 0042 9B79     		ldrb	r3, [r3, #6]
 187 0044 9371     		strb	r3, [r2, #6]
  29:Core/Src/blutooth.c ****             HAL_UART_Transmit(&BLUTOOTH_MODULE,Blutooth_Tx_Data,strlen(Blutooth_Tx_Data), 100);
 188              		.loc 1 29 13 is_stmt 1 view .LVU25
  29:Core/Src/blutooth.c ****             HAL_UART_Transmit(&BLUTOOTH_MODULE,Blutooth_Tx_Data,strlen(Blutooth_Tx_Data), 100);
 189              		.loc 1 29 65 is_stmt 0 view .LVU26
 190 0046 2000     		movs	r0, r4
 191 0048 FFF7FEFF 		bl	strlen
 192              	.LVL7:
  29:Core/Src/blutooth.c ****             HAL_UART_Transmit(&BLUTOOTH_MODULE,Blutooth_Tx_Data,strlen(Blutooth_Tx_Data), 100);
 193              		.loc 1 29 13 view .LVU27
 194 004c 82B2     		uxth	r2, r0
 195 004e 144D     		ldr	r5, .L10+16
 196 0050 6423     		movs	r3, #100
 197 0052 2100     		movs	r1, r4
 198 0054 2800     		movs	r0, r5
 199 0056 FFF7FEFF 		bl	HAL_UART_Transmit
 200              	.LVL8:
  30:Core/Src/blutooth.c ****             HAL_UART_Transmit(&BLUTOOTH_MODULE,&Blutooth_Rx_Data,1, 100);
 201              		.loc 1 30 13 is_stmt 1 view .LVU28
 202 005a 6423     		movs	r3, #100
 203 005c 0122     		movs	r2, #1
 204 005e 0D49     		ldr	r1, .L10+4
 205 0060 2800     		movs	r0, r5
 206 0062 FFF7FEFF 		bl	HAL_UART_Transmit
 207              	.LVL9:
  31:Core/Src/blutooth.c ****             sprintf(Blutooth_Tx_Data,"\n\n");
 208              		.loc 1 31 13 view .LVU29
 209 0066 0F4B     		ldr	r3, .L10+20
 210 0068 1A88     		ldrh	r2, [r3]
 211 006a 2280     		strh	r2, [r4]
 212 006c 9B78     		ldrb	r3, [r3, #2]
 213 006e A370     		strb	r3, [r4, #2]
  32:Core/Src/blutooth.c ****             HAL_UART_Transmit(&BLUTOOTH_MODULE,Blutooth_Tx_Data,strlen(Blutooth_Tx_Data), 100);
 214              		.loc 1 32 13 view .LVU30
  32:Core/Src/blutooth.c ****             HAL_UART_Transmit(&BLUTOOTH_MODULE,Blutooth_Tx_Data,strlen(Blutooth_Tx_Data), 100);
 215              		.loc 1 32 65 is_stmt 0 view .LVU31
 216 0070 2000     		movs	r0, r4
 217 0072 FFF7FEFF 		bl	strlen
 218              	.LVL10:
  32:Core/Src/blutooth.c ****             HAL_UART_Transmit(&BLUTOOTH_MODULE,Blutooth_Tx_Data,strlen(Blutooth_Tx_Data), 100);
 219              		.loc 1 32 13 view .LVU32
 220 0076 82B2     		uxth	r2, r0
 221 0078 6423     		movs	r3, #100
 222 007a 2100     		movs	r1, r4
 223 007c 2800     		movs	r0, r5
 224 007e FFF7FEFF 		bl	HAL_UART_Transmit
 225              	.LVL11:
 226              	.L8:
ARM GAS  C:\Users\jisu8\AppData\Local\Temp\ccp9sS8Z.s 			page 6


  35:Core/Src/blutooth.c ****         HAL_UART_Receive_IT(&BLUTOOTH_MODULE,&Blutooth_Rx_Data,1);
 227              		.loc 1 35 9 is_stmt 1 view .LVU33
 228 0082 0122     		movs	r2, #1
 229 0084 0349     		ldr	r1, .L10+4
 230 0086 0648     		ldr	r0, .L10+16
 231 0088 FFF7FEFF 		bl	HAL_UART_Receive_IT
 232              	.LVL12:
  37:Core/Src/blutooth.c ****     return;
 233              		.loc 1 37 5 view .LVU34
 234 008c BDE7     		b	.L5
 235              	.L11:
 236 008e C046     		.align	2
 237              	.L10:
 238 0090 00380140 		.word	1073821696
 239 0094 00000000 		.word	.LANCHOR1
 240 0098 00000000 		.word	.LANCHOR0
 241 009c 00000000 		.word	.LC7
 242 00a0 00000000 		.word	huart1
 243 00a4 20000000 		.word	.LC10
 244              		.cfi_endproc
 245              	.LFE45:
 247              		.global	Blutooth_Rx_Data
 248              		.global	Blutooth_Tx_Data
 249              		.section	.bss.Blutooth_Rx_Data,"aw",%nobits
 250              		.align	2
 251              		.set	.LANCHOR1,. + 0
 254              	Blutooth_Rx_Data:
 255 0000 00000000 		.space	100
 255      00000000 
 255      00000000 
 255      00000000 
 255      00000000 
 256              		.section	.bss.Blutooth_Tx_Data,"aw",%nobits
 257              		.align	2
 258              		.set	.LANCHOR0,. + 0
 261              	Blutooth_Tx_Data:
 262 0000 00000000 		.space	100
 262      00000000 
 262      00000000 
 262      00000000 
 262      00000000 
 263              		.text
 264              	.Letext0:
 265              		.file 2 "d:\\3.tools\\arm_gcc_toolchain\\arm-none-eabi\\include\\machine\\_default_types.h"
 266              		.file 3 "d:\\3.tools\\arm_gcc_toolchain\\arm-none-eabi\\include\\sys\\_stdint.h"
 267              		.file 4 "Drivers/CMSIS/Device/ST/STM32F0xx/Include/stm32f030x6.h"
 268              		.file 5 "Drivers/STM32F0xx_HAL_Driver/Inc/stm32f0xx_hal_def.h"
 269              		.file 6 "Drivers/STM32F0xx_HAL_Driver/Inc/stm32f0xx_hal_dma.h"
 270              		.file 7 "Drivers/STM32F0xx_HAL_Driver/Inc/stm32f0xx_hal_uart.h"
 271              		.file 8 "Core/Inc/vardef.h"
 272              		.file 9 "Core/Inc/main.h"
 273              		.file 10 "d:\\3.tools\\arm_gcc_toolchain\\arm-none-eabi\\include\\string.h"
ARM GAS  C:\Users\jisu8\AppData\Local\Temp\ccp9sS8Z.s 			page 7


DEFINED SYMBOLS
                            *ABS*:00000000 blutooth.c
C:\Users\jisu8\AppData\Local\Temp\ccp9sS8Z.s:18     .rodata.Blutooth_Init.str1.4:00000000 $d
C:\Users\jisu8\AppData\Local\Temp\ccp9sS8Z.s:22     .text.Blutooth_Init:00000000 $t
C:\Users\jisu8\AppData\Local\Temp\ccp9sS8Z.s:28     .text.Blutooth_Init:00000000 Blutooth_Init
C:\Users\jisu8\AppData\Local\Temp\ccp9sS8Z.s:77     .text.Blutooth_Init:00000034 $d
C:\Users\jisu8\AppData\Local\Temp\ccp9sS8Z.s:85     .text.Blutooth_Communication:00000000 $t
C:\Users\jisu8\AppData\Local\Temp\ccp9sS8Z.s:91     .text.Blutooth_Communication:00000000 Blutooth_Communication
C:\Users\jisu8\AppData\Local\Temp\ccp9sS8Z.s:105    .rodata.HAL_UART_RxCpltCallback.str1.4:00000000 $d
C:\Users\jisu8\AppData\Local\Temp\ccp9sS8Z.s:112    .text.HAL_UART_RxCpltCallback:00000000 $t
C:\Users\jisu8\AppData\Local\Temp\ccp9sS8Z.s:118    .text.HAL_UART_RxCpltCallback:00000000 HAL_UART_RxCpltCallback
C:\Users\jisu8\AppData\Local\Temp\ccp9sS8Z.s:238    .text.HAL_UART_RxCpltCallback:00000090 $d
C:\Users\jisu8\AppData\Local\Temp\ccp9sS8Z.s:254    .bss.Blutooth_Rx_Data:00000000 Blutooth_Rx_Data
C:\Users\jisu8\AppData\Local\Temp\ccp9sS8Z.s:261    .bss.Blutooth_Tx_Data:00000000 Blutooth_Tx_Data
C:\Users\jisu8\AppData\Local\Temp\ccp9sS8Z.s:250    .bss.Blutooth_Rx_Data:00000000 $d
C:\Users\jisu8\AppData\Local\Temp\ccp9sS8Z.s:257    .bss.Blutooth_Tx_Data:00000000 $d

UNDEFINED SYMBOLS
strlen
HAL_UART_Transmit
HAL_UART_Receive_IT
huart1
