ARM GAS  C:\Users\jisu8\AppData\Local\Temp\ccbp9zPL.s 			page 1


   1              		.cpu cortex-m0
   2              		.eabi_attribute 20, 1
   3              		.eabi_attribute 21, 1
   4              		.eabi_attribute 23, 3
   5              		.eabi_attribute 24, 1
   6              		.eabi_attribute 25, 1
   7              		.eabi_attribute 26, 1
   8              		.eabi_attribute 30, 1
   9              		.eabi_attribute 34, 0
  10              		.eabi_attribute 18, 4
  11              		.file	"main.c"
  12              		.text
  13              	.Ltext0:
  14              		.cfi_sections	.debug_frame
  15              		.section	.text.MX_GPIO_Init,"ax",%progbits
  16              		.align	1
  17              		.arch armv6s-m
  18              		.syntax unified
  19              		.code	16
  20              		.thumb_func
  21              		.fpu softvfp
  23              	MX_GPIO_Init:
  24              	.LFB45:
  25              		.file 1 "Core/Src/main.c"
   1:Core/Src/main.c **** /* USER CODE BEGIN Header */
   2:Core/Src/main.c **** /**
   3:Core/Src/main.c ****   ******************************************************************************
   4:Core/Src/main.c ****   * @file           : main.c
   5:Core/Src/main.c ****   * @brief          : Main program body
   6:Core/Src/main.c ****   ******************************************************************************
   7:Core/Src/main.c ****   * @attention
   8:Core/Src/main.c ****   *
   9:Core/Src/main.c ****   * <h2><center>&copy; Copyright (c) 2021 STMicroelectronics.
  10:Core/Src/main.c ****   * All rights reserved.</center></h2>
  11:Core/Src/main.c ****   *
  12:Core/Src/main.c ****   * This software component is licensed by ST under BSD 3-Clause license,
  13:Core/Src/main.c ****   * the "License"; You may not use this file except in compliance with the
  14:Core/Src/main.c ****   * License. You may obtain a copy of the License at:
  15:Core/Src/main.c ****   *                        opensource.org/licenses/BSD-3-Clause
  16:Core/Src/main.c ****   *
  17:Core/Src/main.c ****   ******************************************************************************
  18:Core/Src/main.c ****   */
  19:Core/Src/main.c **** /* USER CODE END Header */
  20:Core/Src/main.c **** /* Includes ------------------------------------------------------------------*/
  21:Core/Src/main.c **** #include "main.h"
  22:Core/Src/main.c **** #include "ssd1306.h"
  23:Core/Src/main.c **** /* Private includes ----------------------------------------------------------*/
  24:Core/Src/main.c **** /* USER CODE BEGIN Includes */
  25:Core/Src/main.c **** 
  26:Core/Src/main.c **** /* USER CODE END Includes */
  27:Core/Src/main.c **** 
  28:Core/Src/main.c **** /* Private typedef -----------------------------------------------------------*/
  29:Core/Src/main.c **** /* USER CODE BEGIN PTD */
  30:Core/Src/main.c **** 
  31:Core/Src/main.c **** /* USER CODE END PTD */
  32:Core/Src/main.c **** 
  33:Core/Src/main.c **** /* Private define ------------------------------------------------------------*/
ARM GAS  C:\Users\jisu8\AppData\Local\Temp\ccbp9zPL.s 			page 2


  34:Core/Src/main.c **** /* USER CODE BEGIN PD */
  35:Core/Src/main.c **** /* USER CODE END PD */
  36:Core/Src/main.c **** 
  37:Core/Src/main.c **** /* Private macro -------------------------------------------------------------*/
  38:Core/Src/main.c **** /* USER CODE BEGIN PM */
  39:Core/Src/main.c **** 
  40:Core/Src/main.c **** /* USER CODE END PM */
  41:Core/Src/main.c **** 
  42:Core/Src/main.c **** /* Private variables ---------------------------------------------------------*/
  43:Core/Src/main.c **** ADC_HandleTypeDef hadc;
  44:Core/Src/main.c **** 
  45:Core/Src/main.c **** I2C_HandleTypeDef hi2c1;
  46:Core/Src/main.c **** 
  47:Core/Src/main.c **** TIM_HandleTypeDef htim16;
  48:Core/Src/main.c **** 
  49:Core/Src/main.c **** /* USER CODE BEGIN PV */
  50:Core/Src/main.c **** 
  51:Core/Src/main.c **** /* USER CODE END PV */
  52:Core/Src/main.c **** 
  53:Core/Src/main.c **** /* Private function prototypes -----------------------------------------------*/
  54:Core/Src/main.c **** void SystemClock_Config(void);
  55:Core/Src/main.c **** static void MX_GPIO_Init(void);
  56:Core/Src/main.c **** static void MX_ADC_Init(void);
  57:Core/Src/main.c **** static void MX_TIM16_Init(void);
  58:Core/Src/main.c **** static void MX_I2C1_Init(void);
  59:Core/Src/main.c **** 
  60:Core/Src/main.c **** extern void Os_Init_Task(void);
  61:Core/Src/main.c **** 
  62:Core/Src/main.c **** int main(void)
  63:Core/Src/main.c **** {
  64:Core/Src/main.c ****     /* USER CODE BEGIN 1 */
  65:Core/Src/main.c **** 
  66:Core/Src/main.c ****     /* USER CODE END 1 */
  67:Core/Src/main.c **** 
  68:Core/Src/main.c ****     /* MCU Configuration--------------------------------------------------------*/
  69:Core/Src/main.c **** 
  70:Core/Src/main.c ****     /* Reset of all peripherals, Initializes the Flash interface and the Systick. */
  71:Core/Src/main.c ****     HAL_Init();
  72:Core/Src/main.c **** 
  73:Core/Src/main.c ****     /* USER CODE BEGIN Init */
  74:Core/Src/main.c **** 
  75:Core/Src/main.c ****     /* USER CODE END Init */
  76:Core/Src/main.c **** 
  77:Core/Src/main.c ****     /* Configure the system clock */
  78:Core/Src/main.c ****     SystemClock_Config();
  79:Core/Src/main.c **** 
  80:Core/Src/main.c ****     /* USER CODE BEGIN SysInit */
  81:Core/Src/main.c **** 
  82:Core/Src/main.c ****     /* USER CODE END SysInit */
  83:Core/Src/main.c **** 
  84:Core/Src/main.c ****     /* Initialize all configured peripherals */
  85:Core/Src/main.c ****     MX_GPIO_Init();
  86:Core/Src/main.c ****     MX_ADC_Init();
  87:Core/Src/main.c ****     MX_TIM16_Init();
  88:Core/Src/main.c ****  	MX_I2C1_Init();
  89:Core/Src/main.c ****     /* USER CODE BEGIN 2 */
  90:Core/Src/main.c **** 
ARM GAS  C:\Users\jisu8\AppData\Local\Temp\ccbp9zPL.s 			page 3


  91:Core/Src/main.c ****     /* USER CODE END 2 */
  92:Core/Src/main.c ****     HAL_TIM_Base_Start_IT(&htim16);
  93:Core/Src/main.c ****     /* Infinite loop */
  94:Core/Src/main.c ****     Os_Init_Task();
  95:Core/Src/main.c ****     SSD1306_Init(&hi2c1);
  96:Core/Src/main.c ****     /* USER CODE BEGIN WHILE */
  97:Core/Src/main.c ****     while (1)
  98:Core/Src/main.c ****     {
  99:Core/Src/main.c ****         /* USER CODE END WHILE */
 100:Core/Src/main.c ****         SSD1306_ON();
 101:Core/Src/main.c ****         SSD1306_UpdateScreen();
 102:Core/Src/main.c ****         HAL_Delay(1000);
 103:Core/Src/main.c **** 
 104:Core/Src/main.c ****         /* USER CODE BEGIN 3 */
 105:Core/Src/main.c ****     }
 106:Core/Src/main.c ****     /* USER CODE END 3 */
 107:Core/Src/main.c **** }
 108:Core/Src/main.c **** 
 109:Core/Src/main.c **** /**
 110:Core/Src/main.c ****   * @brief System Clock Configuration
 111:Core/Src/main.c ****   * @retval None
 112:Core/Src/main.c ****   */
 113:Core/Src/main.c **** void SystemClock_Config(void)
 114:Core/Src/main.c **** {
 115:Core/Src/main.c ****   RCC_OscInitTypeDef RCC_OscInitStruct = {0};
 116:Core/Src/main.c ****   RCC_ClkInitTypeDef RCC_ClkInitStruct = {0};
 117:Core/Src/main.c ****   RCC_PeriphCLKInitTypeDef PeriphClkInit = {0};
 118:Core/Src/main.c **** 
 119:Core/Src/main.c ****   /** Initializes the RCC Oscillators according to the specified parameters
 120:Core/Src/main.c ****   * in the RCC_OscInitTypeDef structure.
 121:Core/Src/main.c ****   */
 122:Core/Src/main.c ****   RCC_OscInitStruct.OscillatorType = RCC_OSCILLATORTYPE_HSI|RCC_OSCILLATORTYPE_HSI14;
 123:Core/Src/main.c ****   RCC_OscInitStruct.HSIState = RCC_HSI_ON;
 124:Core/Src/main.c ****   RCC_OscInitStruct.HSI14State = RCC_HSI14_ON;
 125:Core/Src/main.c ****   RCC_OscInitStruct.HSICalibrationValue = RCC_HSICALIBRATION_DEFAULT;
 126:Core/Src/main.c ****   RCC_OscInitStruct.HSI14CalibrationValue = 16;
 127:Core/Src/main.c ****   RCC_OscInitStruct.PLL.PLLState = RCC_PLL_ON;
 128:Core/Src/main.c ****   RCC_OscInitStruct.PLL.PLLSource = RCC_PLLSOURCE_HSI;
 129:Core/Src/main.c ****   RCC_OscInitStruct.PLL.PLLMUL = RCC_PLL_MUL12;
 130:Core/Src/main.c ****   RCC_OscInitStruct.PLL.PREDIV = RCC_PREDIV_DIV1;
 131:Core/Src/main.c ****   if (HAL_RCC_OscConfig(&RCC_OscInitStruct) != HAL_OK)
 132:Core/Src/main.c ****   {
 133:Core/Src/main.c ****     Error_Handler();
 134:Core/Src/main.c ****   }
 135:Core/Src/main.c ****   /** Initializes the CPU, AHB and APB buses clocks
 136:Core/Src/main.c ****   */
 137:Core/Src/main.c ****   RCC_ClkInitStruct.ClockType = RCC_CLOCKTYPE_HCLK|RCC_CLOCKTYPE_SYSCLK
 138:Core/Src/main.c ****                               |RCC_CLOCKTYPE_PCLK1;
 139:Core/Src/main.c ****   RCC_ClkInitStruct.SYSCLKSource = RCC_SYSCLKSOURCE_PLLCLK;
 140:Core/Src/main.c ****   RCC_ClkInitStruct.AHBCLKDivider = RCC_SYSCLK_DIV1;
 141:Core/Src/main.c ****   RCC_ClkInitStruct.APB1CLKDivider = RCC_HCLK_DIV1;
 142:Core/Src/main.c **** 
 143:Core/Src/main.c ****   if (HAL_RCC_ClockConfig(&RCC_ClkInitStruct, FLASH_LATENCY_1) != HAL_OK)
 144:Core/Src/main.c ****   {
 145:Core/Src/main.c ****     Error_Handler();
 146:Core/Src/main.c ****   }
 147:Core/Src/main.c ****   PeriphClkInit.PeriphClockSelection = RCC_PERIPHCLK_I2C1;
ARM GAS  C:\Users\jisu8\AppData\Local\Temp\ccbp9zPL.s 			page 4


 148:Core/Src/main.c ****   PeriphClkInit.I2c1ClockSelection = RCC_I2C1CLKSOURCE_HSI;
 149:Core/Src/main.c ****   if (HAL_RCCEx_PeriphCLKConfig(&PeriphClkInit) != HAL_OK)
 150:Core/Src/main.c ****   {
 151:Core/Src/main.c ****     Error_Handler();
 152:Core/Src/main.c ****   }
 153:Core/Src/main.c **** }
 154:Core/Src/main.c **** 
 155:Core/Src/main.c **** /**
 156:Core/Src/main.c ****   * @brief ADC Initialization Function
 157:Core/Src/main.c ****   * @param None
 158:Core/Src/main.c ****   * @retval None
 159:Core/Src/main.c ****   */
 160:Core/Src/main.c **** static void MX_ADC_Init(void)
 161:Core/Src/main.c **** {
 162:Core/Src/main.c **** 
 163:Core/Src/main.c ****   /* USER CODE BEGIN ADC_Init 0 */
 164:Core/Src/main.c **** 
 165:Core/Src/main.c ****   /* USER CODE END ADC_Init 0 */
 166:Core/Src/main.c **** 
 167:Core/Src/main.c ****   ADC_ChannelConfTypeDef sConfig = {0};
 168:Core/Src/main.c **** 
 169:Core/Src/main.c ****   /* USER CODE BEGIN ADC_Init 1 */
 170:Core/Src/main.c **** 
 171:Core/Src/main.c ****   /* USER CODE END ADC_Init 1 */
 172:Core/Src/main.c ****   /** Configure the global features of the ADC (Clock, Resolution, Data Alignment and number of con
 173:Core/Src/main.c ****   */
 174:Core/Src/main.c ****   hadc.Instance = ADC1;
 175:Core/Src/main.c ****   hadc.Init.ClockPrescaler = ADC_CLOCK_ASYNC_DIV1;
 176:Core/Src/main.c ****   hadc.Init.Resolution = ADC_RESOLUTION_12B;
 177:Core/Src/main.c ****   hadc.Init.DataAlign = ADC_DATAALIGN_RIGHT;
 178:Core/Src/main.c ****   hadc.Init.ScanConvMode = ADC_SCAN_DIRECTION_FORWARD;
 179:Core/Src/main.c ****   hadc.Init.EOCSelection = ADC_EOC_SINGLE_CONV;
 180:Core/Src/main.c ****   hadc.Init.LowPowerAutoWait = DISABLE;
 181:Core/Src/main.c ****   hadc.Init.LowPowerAutoPowerOff = DISABLE;
 182:Core/Src/main.c ****   hadc.Init.ContinuousConvMode = DISABLE;
 183:Core/Src/main.c ****   hadc.Init.DiscontinuousConvMode = DISABLE;
 184:Core/Src/main.c ****   hadc.Init.ExternalTrigConv = ADC_SOFTWARE_START;
 185:Core/Src/main.c ****   hadc.Init.ExternalTrigConvEdge = ADC_EXTERNALTRIGCONVEDGE_NONE;
 186:Core/Src/main.c ****   hadc.Init.DMAContinuousRequests = DISABLE;
 187:Core/Src/main.c ****   hadc.Init.Overrun = ADC_OVR_DATA_PRESERVED;
 188:Core/Src/main.c ****   if (HAL_ADC_Init(&hadc) != HAL_OK)
 189:Core/Src/main.c ****   {
 190:Core/Src/main.c ****     Error_Handler();
 191:Core/Src/main.c ****   }
 192:Core/Src/main.c ****   /** Configure for the selected ADC regular channel to be converted.
 193:Core/Src/main.c ****   */
 194:Core/Src/main.c ****   sConfig.Channel = ADC_CHANNEL_0;
 195:Core/Src/main.c ****   sConfig.Rank = ADC_RANK_CHANNEL_NUMBER;
 196:Core/Src/main.c ****   sConfig.SamplingTime = ADC_SAMPLETIME_1CYCLE_5;
 197:Core/Src/main.c ****   if (HAL_ADC_ConfigChannel(&hadc, &sConfig) != HAL_OK)
 198:Core/Src/main.c ****   {
 199:Core/Src/main.c ****     Error_Handler();
 200:Core/Src/main.c ****   }
 201:Core/Src/main.c ****   /* USER CODE BEGIN ADC_Init 2 */
 202:Core/Src/main.c **** 
 203:Core/Src/main.c ****   /* USER CODE END ADC_Init 2 */
 204:Core/Src/main.c **** 
ARM GAS  C:\Users\jisu8\AppData\Local\Temp\ccbp9zPL.s 			page 5


 205:Core/Src/main.c **** }
 206:Core/Src/main.c **** 
 207:Core/Src/main.c **** /**
 208:Core/Src/main.c ****   * @brief I2C1 Initialization Function
 209:Core/Src/main.c ****   * @param None
 210:Core/Src/main.c ****   * @retval None
 211:Core/Src/main.c ****   */
 212:Core/Src/main.c **** static void MX_I2C1_Init(void)
 213:Core/Src/main.c **** {
 214:Core/Src/main.c **** 
 215:Core/Src/main.c ****   /* USER CODE BEGIN I2C1_Init 0 */
 216:Core/Src/main.c **** 
 217:Core/Src/main.c ****   /* USER CODE END I2C1_Init 0 */
 218:Core/Src/main.c **** 
 219:Core/Src/main.c ****   /* USER CODE BEGIN I2C1_Init 1 */
 220:Core/Src/main.c **** 
 221:Core/Src/main.c ****   /* USER CODE END I2C1_Init 1 */
 222:Core/Src/main.c ****   hi2c1.Instance = I2C1;
 223:Core/Src/main.c ****   hi2c1.Init.Timing = 0x2000090E;
 224:Core/Src/main.c ****   hi2c1.Init.OwnAddress1 = 0;
 225:Core/Src/main.c ****   hi2c1.Init.AddressingMode = I2C_ADDRESSINGMODE_7BIT;
 226:Core/Src/main.c ****   hi2c1.Init.DualAddressMode = I2C_DUALADDRESS_DISABLE;
 227:Core/Src/main.c ****   hi2c1.Init.OwnAddress2 = 0;
 228:Core/Src/main.c ****   hi2c1.Init.OwnAddress2Masks = I2C_OA2_NOMASK;
 229:Core/Src/main.c ****   hi2c1.Init.GeneralCallMode = I2C_GENERALCALL_DISABLE;
 230:Core/Src/main.c ****   hi2c1.Init.NoStretchMode = I2C_NOSTRETCH_DISABLE;
 231:Core/Src/main.c ****   if (HAL_I2C_Init(&hi2c1) != HAL_OK)
 232:Core/Src/main.c ****   {
 233:Core/Src/main.c ****     Error_Handler();
 234:Core/Src/main.c ****   }
 235:Core/Src/main.c ****   /** Configure Analogue filter
 236:Core/Src/main.c ****   */
 237:Core/Src/main.c ****   if (HAL_I2CEx_ConfigAnalogFilter(&hi2c1, I2C_ANALOGFILTER_ENABLE) != HAL_OK)
 238:Core/Src/main.c ****   {
 239:Core/Src/main.c ****     Error_Handler();
 240:Core/Src/main.c ****   }
 241:Core/Src/main.c ****   /** Configure Digital filter
 242:Core/Src/main.c ****   */
 243:Core/Src/main.c ****   if (HAL_I2CEx_ConfigDigitalFilter(&hi2c1, 0) != HAL_OK)
 244:Core/Src/main.c ****   {
 245:Core/Src/main.c ****     Error_Handler();
 246:Core/Src/main.c ****   }
 247:Core/Src/main.c ****   /* USER CODE BEGIN I2C1_Init 2 */
 248:Core/Src/main.c **** 
 249:Core/Src/main.c ****   /* USER CODE END I2C1_Init 2 */
 250:Core/Src/main.c **** 
 251:Core/Src/main.c **** }
 252:Core/Src/main.c **** 
 253:Core/Src/main.c **** /**
 254:Core/Src/main.c ****   * @brief TIM16 Initialization Function
 255:Core/Src/main.c ****   * @param None
 256:Core/Src/main.c ****   * @retval None
 257:Core/Src/main.c ****   */
 258:Core/Src/main.c **** static void MX_TIM16_Init(void)
 259:Core/Src/main.c **** {
 260:Core/Src/main.c **** 
 261:Core/Src/main.c ****   /* USER CODE BEGIN TIM16_Init 0 */
ARM GAS  C:\Users\jisu8\AppData\Local\Temp\ccbp9zPL.s 			page 6


 262:Core/Src/main.c **** 
 263:Core/Src/main.c ****   /* USER CODE END TIM16_Init 0 */
 264:Core/Src/main.c **** 
 265:Core/Src/main.c ****   /* USER CODE BEGIN TIM16_Init 1 */
 266:Core/Src/main.c **** 
 267:Core/Src/main.c ****   /* USER CODE END TIM16_Init 1 */
 268:Core/Src/main.c ****   htim16.Instance = TIM16;
 269:Core/Src/main.c ****   htim16.Init.Prescaler = 47;
 270:Core/Src/main.c ****   htim16.Init.CounterMode = TIM_COUNTERMODE_UP;
 271:Core/Src/main.c ****   htim16.Init.Period = 999;
 272:Core/Src/main.c ****   htim16.Init.ClockDivision = TIM_CLOCKDIVISION_DIV1;
 273:Core/Src/main.c ****   htim16.Init.RepetitionCounter = 0;
 274:Core/Src/main.c ****   htim16.Init.AutoReloadPreload = TIM_AUTORELOAD_PRELOAD_DISABLE;
 275:Core/Src/main.c ****   if (HAL_TIM_Base_Init(&htim16) != HAL_OK)
 276:Core/Src/main.c ****   {
 277:Core/Src/main.c ****     Error_Handler();
 278:Core/Src/main.c ****   }
 279:Core/Src/main.c ****   /* USER CODE BEGIN TIM16_Init 2 */
 280:Core/Src/main.c **** 
 281:Core/Src/main.c ****   /* USER CODE END TIM16_Init 2 */
 282:Core/Src/main.c **** 
 283:Core/Src/main.c **** }
 284:Core/Src/main.c **** 
 285:Core/Src/main.c **** /**
 286:Core/Src/main.c ****   * @brief GPIO Initialization Function
 287:Core/Src/main.c ****   * @param None
 288:Core/Src/main.c ****   * @retval None
 289:Core/Src/main.c ****   */
 290:Core/Src/main.c **** static void MX_GPIO_Init(void)
 291:Core/Src/main.c **** {
  26              		.loc 1 291 1 view -0
  27              		.cfi_startproc
  28              		@ args = 0, pretend = 0, frame = 32
  29              		@ frame_needed = 0, uses_anonymous_args = 0
  30 0000 F0B5     		push	{r4, r5, r6, r7, lr}
  31              	.LCFI0:
  32              		.cfi_def_cfa_offset 20
  33              		.cfi_offset 4, -20
  34              		.cfi_offset 5, -16
  35              		.cfi_offset 6, -12
  36              		.cfi_offset 7, -8
  37              		.cfi_offset 14, -4
  38 0002 CE46     		mov	lr, r9
  39 0004 4746     		mov	r7, r8
  40 0006 80B5     		push	{r7, lr}
  41              	.LCFI1:
  42              		.cfi_def_cfa_offset 28
  43              		.cfi_offset 8, -28
  44              		.cfi_offset 9, -24
  45 0008 89B0     		sub	sp, sp, #36
  46              	.LCFI2:
  47              		.cfi_def_cfa_offset 64
 292:Core/Src/main.c ****   GPIO_InitTypeDef GPIO_InitStruct = {0};
  48              		.loc 1 292 3 view .LVU1
  49              		.loc 1 292 20 is_stmt 0 view .LVU2
  50 000a 1422     		movs	r2, #20
  51 000c 0021     		movs	r1, #0
ARM GAS  C:\Users\jisu8\AppData\Local\Temp\ccbp9zPL.s 			page 7


  52 000e 03A8     		add	r0, sp, #12
  53 0010 FFF7FEFF 		bl	memset
  54              	.LVL0:
 293:Core/Src/main.c **** 
 294:Core/Src/main.c ****   /* GPIO Ports Clock Enable */
 295:Core/Src/main.c ****   __HAL_RCC_GPIOC_CLK_ENABLE();
  55              		.loc 1 295 3 is_stmt 1 view .LVU3
  56              	.LBB4:
  57              		.loc 1 295 3 view .LVU4
  58              		.loc 1 295 3 view .LVU5
  59 0014 444B     		ldr	r3, .L2
  60 0016 5969     		ldr	r1, [r3, #20]
  61 0018 8020     		movs	r0, #128
  62 001a 0003     		lsls	r0, r0, #12
  63 001c 0143     		orrs	r1, r0
  64 001e 5961     		str	r1, [r3, #20]
  65              		.loc 1 295 3 view .LVU6
  66 0020 5A69     		ldr	r2, [r3, #20]
  67 0022 0240     		ands	r2, r0
  68 0024 0092     		str	r2, [sp]
  69              		.loc 1 295 3 view .LVU7
  70 0026 009A     		ldr	r2, [sp]
  71              	.LBE4:
  72              		.loc 1 295 3 view .LVU8
 296:Core/Src/main.c ****   __HAL_RCC_GPIOA_CLK_ENABLE();
  73              		.loc 1 296 3 view .LVU9
  74              	.LBB5:
  75              		.loc 1 296 3 view .LVU10
  76              		.loc 1 296 3 view .LVU11
  77 0028 5969     		ldr	r1, [r3, #20]
  78 002a 8020     		movs	r0, #128
  79 002c 8002     		lsls	r0, r0, #10
  80 002e 0143     		orrs	r1, r0
  81 0030 5961     		str	r1, [r3, #20]
  82              		.loc 1 296 3 view .LVU12
  83 0032 5A69     		ldr	r2, [r3, #20]
  84 0034 0240     		ands	r2, r0
  85 0036 0192     		str	r2, [sp, #4]
  86              		.loc 1 296 3 view .LVU13
  87 0038 019A     		ldr	r2, [sp, #4]
  88              	.LBE5:
  89              		.loc 1 296 3 view .LVU14
 297:Core/Src/main.c ****   __HAL_RCC_GPIOB_CLK_ENABLE();
  90              		.loc 1 297 3 view .LVU15
  91              	.LBB6:
  92              		.loc 1 297 3 view .LVU16
  93              		.loc 1 297 3 view .LVU17
  94 003a 5A69     		ldr	r2, [r3, #20]
  95 003c 8021     		movs	r1, #128
  96 003e C902     		lsls	r1, r1, #11
  97 0040 0A43     		orrs	r2, r1
  98 0042 5A61     		str	r2, [r3, #20]
  99              		.loc 1 297 3 view .LVU18
 100 0044 5B69     		ldr	r3, [r3, #20]
 101 0046 0B40     		ands	r3, r1
 102 0048 0293     		str	r3, [sp, #8]
 103              		.loc 1 297 3 view .LVU19
ARM GAS  C:\Users\jisu8\AppData\Local\Temp\ccbp9zPL.s 			page 8


 104 004a 029B     		ldr	r3, [sp, #8]
 105              	.LBE6:
 106              		.loc 1 297 3 view .LVU20
 298:Core/Src/main.c **** 
 299:Core/Src/main.c ****   /*Configure GPIO pin Output Level */
 300:Core/Src/main.c ****   HAL_GPIO_WritePin(GPIOC, GPIO_PIN_13, GPIO_PIN_RESET);
 107              		.loc 1 300 3 view .LVU21
 108 004c 8024     		movs	r4, #128
 109 004e A401     		lsls	r4, r4, #6
 110 0050 364F     		ldr	r7, .L2+4
 111 0052 0022     		movs	r2, #0
 112 0054 2100     		movs	r1, r4
 113 0056 3800     		movs	r0, r7
 114 0058 FFF7FEFF 		bl	HAL_GPIO_WritePin
 115              	.LVL1:
 301:Core/Src/main.c **** 
 302:Core/Src/main.c ****   /*Configure GPIO pin Output Level */
 303:Core/Src/main.c ****   HAL_GPIO_WritePin(GPIOA, GPIO_PIN_1|GPIO_PIN_2|GPIO_PIN_5, GPIO_PIN_RESET);
 116              		.loc 1 303 3 view .LVU22
 117 005c 9025     		movs	r5, #144
 118 005e ED05     		lsls	r5, r5, #23
 119 0060 0022     		movs	r2, #0
 120 0062 2621     		movs	r1, #38
 121 0064 2800     		movs	r0, r5
 122 0066 FFF7FEFF 		bl	HAL_GPIO_WritePin
 123              	.LVL2:
 304:Core/Src/main.c **** 
 305:Core/Src/main.c ****   /*Configure GPIO pin Output Level */
 306:Core/Src/main.c ****   HAL_GPIO_WritePin(GPIOB, GPIO_PIN_12|GPIO_PIN_14|GPIO_PIN_4|GPIO_PIN_5, GPIO_PIN_RESET);
 124              		.loc 1 306 3 view .LVU23
 125 006a 314B     		ldr	r3, .L2+8
 126 006c 9946     		mov	r9, r3
 127 006e 314E     		ldr	r6, .L2+12
 128 0070 0022     		movs	r2, #0
 129 0072 1900     		movs	r1, r3
 130 0074 3000     		movs	r0, r6
 131 0076 FFF7FEFF 		bl	HAL_GPIO_WritePin
 132              	.LVL3:
 307:Core/Src/main.c **** 
 308:Core/Src/main.c ****   /*Configure GPIO pin : PC13 */
 309:Core/Src/main.c ****   GPIO_InitStruct.Pin = GPIO_PIN_13;
 133              		.loc 1 309 3 view .LVU24
 134              		.loc 1 309 23 is_stmt 0 view .LVU25
 135 007a 0394     		str	r4, [sp, #12]
 310:Core/Src/main.c ****   GPIO_InitStruct.Mode = GPIO_MODE_OUTPUT_PP;
 136              		.loc 1 310 3 is_stmt 1 view .LVU26
 137              		.loc 1 310 24 is_stmt 0 view .LVU27
 138 007c 0123     		movs	r3, #1
 139 007e 9846     		mov	r8, r3
 140 0080 0493     		str	r3, [sp, #16]
 311:Core/Src/main.c ****   GPIO_InitStruct.Pull = GPIO_NOPULL;
 141              		.loc 1 311 3 is_stmt 1 view .LVU28
 142              		.loc 1 311 24 is_stmt 0 view .LVU29
 143 0082 0024     		movs	r4, #0
 144 0084 0594     		str	r4, [sp, #20]
 312:Core/Src/main.c ****   GPIO_InitStruct.Speed = GPIO_SPEED_FREQ_LOW;
 145              		.loc 1 312 3 is_stmt 1 view .LVU30
ARM GAS  C:\Users\jisu8\AppData\Local\Temp\ccbp9zPL.s 			page 9


 146              		.loc 1 312 25 is_stmt 0 view .LVU31
 147 0086 0694     		str	r4, [sp, #24]
 313:Core/Src/main.c ****   HAL_GPIO_Init(GPIOC, &GPIO_InitStruct);
 148              		.loc 1 313 3 is_stmt 1 view .LVU32
 149 0088 03A9     		add	r1, sp, #12
 150 008a 3800     		movs	r0, r7
 151 008c FFF7FEFF 		bl	HAL_GPIO_Init
 152              	.LVL4:
 314:Core/Src/main.c **** 
 315:Core/Src/main.c ****   /*Configure GPIO pins : PA1 PA2 PA5 */
 316:Core/Src/main.c ****   GPIO_InitStruct.Pin = GPIO_PIN_1|GPIO_PIN_2|GPIO_PIN_5;
 153              		.loc 1 316 3 view .LVU33
 154              		.loc 1 316 23 is_stmt 0 view .LVU34
 155 0090 2623     		movs	r3, #38
 156 0092 0393     		str	r3, [sp, #12]
 317:Core/Src/main.c ****   GPIO_InitStruct.Mode = GPIO_MODE_OUTPUT_PP;
 157              		.loc 1 317 3 is_stmt 1 view .LVU35
 158              		.loc 1 317 24 is_stmt 0 view .LVU36
 159 0094 4346     		mov	r3, r8
 160 0096 0493     		str	r3, [sp, #16]
 318:Core/Src/main.c ****   GPIO_InitStruct.Pull = GPIO_NOPULL;
 161              		.loc 1 318 3 is_stmt 1 view .LVU37
 162              		.loc 1 318 24 is_stmt 0 view .LVU38
 163 0098 0594     		str	r4, [sp, #20]
 319:Core/Src/main.c ****   GPIO_InitStruct.Speed = GPIO_SPEED_FREQ_LOW;
 164              		.loc 1 319 3 is_stmt 1 view .LVU39
 165              		.loc 1 319 25 is_stmt 0 view .LVU40
 166 009a 0694     		str	r4, [sp, #24]
 320:Core/Src/main.c ****   HAL_GPIO_Init(GPIOA, &GPIO_InitStruct);
 167              		.loc 1 320 3 is_stmt 1 view .LVU41
 168 009c 03A9     		add	r1, sp, #12
 169 009e 2800     		movs	r0, r5
 170 00a0 FFF7FEFF 		bl	HAL_GPIO_Init
 171              	.LVL5:
 321:Core/Src/main.c **** 
 322:Core/Src/main.c ****   /*Configure GPIO pins : PA3 PA8 PA10 PA11
 323:Core/Src/main.c ****                            PA12 PA15 */
 324:Core/Src/main.c ****   GPIO_InitStruct.Pin = GPIO_PIN_3|GPIO_PIN_8|GPIO_PIN_10|GPIO_PIN_11
 172              		.loc 1 324 3 view .LVU42
 173              		.loc 1 324 23 is_stmt 0 view .LVU43
 174 00a4 244B     		ldr	r3, .L2+16
 175 00a6 0393     		str	r3, [sp, #12]
 325:Core/Src/main.c ****                           |GPIO_PIN_12|GPIO_PIN_15;
 326:Core/Src/main.c ****   GPIO_InitStruct.Mode = GPIO_MODE_INPUT;
 176              		.loc 1 326 3 is_stmt 1 view .LVU44
 177              		.loc 1 326 24 is_stmt 0 view .LVU45
 178 00a8 0494     		str	r4, [sp, #16]
 327:Core/Src/main.c ****   GPIO_InitStruct.Pull = GPIO_NOPULL;
 179              		.loc 1 327 3 is_stmt 1 view .LVU46
 180              		.loc 1 327 24 is_stmt 0 view .LVU47
 181 00aa 0594     		str	r4, [sp, #20]
 328:Core/Src/main.c ****   HAL_GPIO_Init(GPIOA, &GPIO_InitStruct);
 182              		.loc 1 328 3 is_stmt 1 view .LVU48
 183 00ac 03A9     		add	r1, sp, #12
 184 00ae 2800     		movs	r0, r5
 185 00b0 FFF7FEFF 		bl	HAL_GPIO_Init
 186              	.LVL6:
ARM GAS  C:\Users\jisu8\AppData\Local\Temp\ccbp9zPL.s 			page 10


 329:Core/Src/main.c **** 
 330:Core/Src/main.c ****   /*Configure GPIO pin : PA4 */
 331:Core/Src/main.c ****   GPIO_InitStruct.Pin = GPIO_PIN_4;
 187              		.loc 1 331 3 view .LVU49
 188              		.loc 1 331 23 is_stmt 0 view .LVU50
 189 00b4 1023     		movs	r3, #16
 190 00b6 0393     		str	r3, [sp, #12]
 332:Core/Src/main.c ****   GPIO_InitStruct.Mode = GPIO_MODE_AF_PP;
 191              		.loc 1 332 3 is_stmt 1 view .LVU51
 192              		.loc 1 332 24 is_stmt 0 view .LVU52
 193 00b8 0227     		movs	r7, #2
 194 00ba 0497     		str	r7, [sp, #16]
 333:Core/Src/main.c ****   GPIO_InitStruct.Pull = GPIO_NOPULL;
 195              		.loc 1 333 3 is_stmt 1 view .LVU53
 196              		.loc 1 333 24 is_stmt 0 view .LVU54
 197 00bc 0594     		str	r4, [sp, #20]
 334:Core/Src/main.c ****   GPIO_InitStruct.Speed = GPIO_SPEED_FREQ_LOW;
 198              		.loc 1 334 3 is_stmt 1 view .LVU55
 199              		.loc 1 334 25 is_stmt 0 view .LVU56
 200 00be 0694     		str	r4, [sp, #24]
 335:Core/Src/main.c ****   GPIO_InitStruct.Alternate = GPIO_AF4_TIM14;
 201              		.loc 1 335 3 is_stmt 1 view .LVU57
 202              		.loc 1 335 29 is_stmt 0 view .LVU58
 203 00c0 0C3B     		subs	r3, r3, #12
 204 00c2 0793     		str	r3, [sp, #28]
 336:Core/Src/main.c ****   HAL_GPIO_Init(GPIOA, &GPIO_InitStruct);
 205              		.loc 1 336 3 is_stmt 1 view .LVU59
 206 00c4 03A9     		add	r1, sp, #12
 207 00c6 2800     		movs	r0, r5
 208 00c8 FFF7FEFF 		bl	HAL_GPIO_Init
 209              	.LVL7:
 337:Core/Src/main.c **** 
 338:Core/Src/main.c ****   /*Configure GPIO pins : PA6 PA7 */
 339:Core/Src/main.c ****   GPIO_InitStruct.Pin = GPIO_PIN_6|GPIO_PIN_7;
 210              		.loc 1 339 3 view .LVU60
 211              		.loc 1 339 23 is_stmt 0 view .LVU61
 212 00cc C023     		movs	r3, #192
 213 00ce 0393     		str	r3, [sp, #12]
 340:Core/Src/main.c ****   GPIO_InitStruct.Mode = GPIO_MODE_AF_PP;
 214              		.loc 1 340 3 is_stmt 1 view .LVU62
 215              		.loc 1 340 24 is_stmt 0 view .LVU63
 216 00d0 0497     		str	r7, [sp, #16]
 341:Core/Src/main.c ****   GPIO_InitStruct.Pull = GPIO_NOPULL;
 217              		.loc 1 341 3 is_stmt 1 view .LVU64
 218              		.loc 1 341 24 is_stmt 0 view .LVU65
 219 00d2 0594     		str	r4, [sp, #20]
 342:Core/Src/main.c ****   GPIO_InitStruct.Speed = GPIO_SPEED_FREQ_LOW;
 220              		.loc 1 342 3 is_stmt 1 view .LVU66
 221              		.loc 1 342 25 is_stmt 0 view .LVU67
 222 00d4 0694     		str	r4, [sp, #24]
 343:Core/Src/main.c ****   GPIO_InitStruct.Alternate = GPIO_AF1_TIM3;
 223              		.loc 1 343 3 is_stmt 1 view .LVU68
 224              		.loc 1 343 29 is_stmt 0 view .LVU69
 225 00d6 4346     		mov	r3, r8
 226 00d8 0793     		str	r3, [sp, #28]
 344:Core/Src/main.c ****   HAL_GPIO_Init(GPIOA, &GPIO_InitStruct);
 227              		.loc 1 344 3 is_stmt 1 view .LVU70
ARM GAS  C:\Users\jisu8\AppData\Local\Temp\ccbp9zPL.s 			page 11


 228 00da 03A9     		add	r1, sp, #12
 229 00dc 2800     		movs	r0, r5
 230 00de FFF7FEFF 		bl	HAL_GPIO_Init
 231              	.LVL8:
 345:Core/Src/main.c **** 
 346:Core/Src/main.c ****   /*Configure GPIO pins : PB0 PB1 PB2 PB3 */
 347:Core/Src/main.c ****   GPIO_InitStruct.Pin = GPIO_PIN_0|GPIO_PIN_1|GPIO_PIN_2|GPIO_PIN_3;
 232              		.loc 1 347 3 view .LVU71
 233              		.loc 1 347 23 is_stmt 0 view .LVU72
 234 00e2 0F23     		movs	r3, #15
 235 00e4 0393     		str	r3, [sp, #12]
 348:Core/Src/main.c ****   GPIO_InitStruct.Mode = GPIO_MODE_INPUT;
 236              		.loc 1 348 3 is_stmt 1 view .LVU73
 237              		.loc 1 348 24 is_stmt 0 view .LVU74
 238 00e6 0494     		str	r4, [sp, #16]
 349:Core/Src/main.c ****   GPIO_InitStruct.Pull = GPIO_NOPULL;
 239              		.loc 1 349 3 is_stmt 1 view .LVU75
 240              		.loc 1 349 24 is_stmt 0 view .LVU76
 241 00e8 0594     		str	r4, [sp, #20]
 350:Core/Src/main.c ****   HAL_GPIO_Init(GPIOB, &GPIO_InitStruct);
 242              		.loc 1 350 3 is_stmt 1 view .LVU77
 243 00ea 03A9     		add	r1, sp, #12
 244 00ec 3000     		movs	r0, r6
 245 00ee FFF7FEFF 		bl	HAL_GPIO_Init
 246              	.LVL9:
 351:Core/Src/main.c **** 
 352:Core/Src/main.c ****   /*Configure GPIO pins : PB12 PB14 PB4 PB5 */
 353:Core/Src/main.c ****   GPIO_InitStruct.Pin = GPIO_PIN_12|GPIO_PIN_14|GPIO_PIN_4|GPIO_PIN_5;
 247              		.loc 1 353 3 view .LVU78
 248              		.loc 1 353 23 is_stmt 0 view .LVU79
 249 00f2 4B46     		mov	r3, r9
 250 00f4 0393     		str	r3, [sp, #12]
 354:Core/Src/main.c ****   GPIO_InitStruct.Mode = GPIO_MODE_OUTPUT_PP;
 251              		.loc 1 354 3 is_stmt 1 view .LVU80
 252              		.loc 1 354 24 is_stmt 0 view .LVU81
 253 00f6 4346     		mov	r3, r8
 254 00f8 0493     		str	r3, [sp, #16]
 355:Core/Src/main.c ****   GPIO_InitStruct.Pull = GPIO_NOPULL;
 255              		.loc 1 355 3 is_stmt 1 view .LVU82
 256              		.loc 1 355 24 is_stmt 0 view .LVU83
 257 00fa 0594     		str	r4, [sp, #20]
 356:Core/Src/main.c ****   GPIO_InitStruct.Speed = GPIO_SPEED_FREQ_LOW;
 258              		.loc 1 356 3 is_stmt 1 view .LVU84
 259              		.loc 1 356 25 is_stmt 0 view .LVU85
 260 00fc 0694     		str	r4, [sp, #24]
 357:Core/Src/main.c ****   HAL_GPIO_Init(GPIOB, &GPIO_InitStruct);
 261              		.loc 1 357 3 is_stmt 1 view .LVU86
 262 00fe 03A9     		add	r1, sp, #12
 263 0100 3000     		movs	r0, r6
 264 0102 FFF7FEFF 		bl	HAL_GPIO_Init
 265              	.LVL10:
 358:Core/Src/main.c **** 
 359:Core/Src/main.c ****   /*Configure GPIO pin : PB15 */
 360:Core/Src/main.c ****   GPIO_InitStruct.Pin = GPIO_PIN_15;
 266              		.loc 1 360 3 view .LVU87
 267              		.loc 1 360 23 is_stmt 0 view .LVU88
 268 0106 8023     		movs	r3, #128
ARM GAS  C:\Users\jisu8\AppData\Local\Temp\ccbp9zPL.s 			page 12


 269 0108 1B02     		lsls	r3, r3, #8
 270 010a 0393     		str	r3, [sp, #12]
 361:Core/Src/main.c ****   GPIO_InitStruct.Mode = GPIO_MODE_AF_PP;
 271              		.loc 1 361 3 is_stmt 1 view .LVU89
 272              		.loc 1 361 24 is_stmt 0 view .LVU90
 273 010c 0497     		str	r7, [sp, #16]
 362:Core/Src/main.c ****   GPIO_InitStruct.Pull = GPIO_NOPULL;
 274              		.loc 1 362 3 is_stmt 1 view .LVU91
 275              		.loc 1 362 24 is_stmt 0 view .LVU92
 276 010e 0594     		str	r4, [sp, #20]
 363:Core/Src/main.c ****   GPIO_InitStruct.Speed = GPIO_SPEED_FREQ_LOW;
 277              		.loc 1 363 3 is_stmt 1 view .LVU93
 278              		.loc 1 363 25 is_stmt 0 view .LVU94
 279 0110 0694     		str	r4, [sp, #24]
 364:Core/Src/main.c ****   GPIO_InitStruct.Alternate = GPIO_AF2_TIM1;
 280              		.loc 1 364 3 is_stmt 1 view .LVU95
 281              		.loc 1 364 29 is_stmt 0 view .LVU96
 282 0112 0797     		str	r7, [sp, #28]
 365:Core/Src/main.c ****   HAL_GPIO_Init(GPIOB, &GPIO_InitStruct);
 283              		.loc 1 365 3 is_stmt 1 view .LVU97
 284 0114 03A9     		add	r1, sp, #12
 285 0116 3000     		movs	r0, r6
 286 0118 FFF7FEFF 		bl	HAL_GPIO_Init
 287              	.LVL11:
 366:Core/Src/main.c **** 
 367:Core/Src/main.c **** }
 288              		.loc 1 367 1 is_stmt 0 view .LVU98
 289 011c 09B0     		add	sp, sp, #36
 290              		@ sp needed
 291 011e C0BC     		pop	{r6, r7}
 292 0120 B946     		mov	r9, r7
 293 0122 B046     		mov	r8, r6
 294 0124 F0BD     		pop	{r4, r5, r6, r7, pc}
 295              	.L3:
 296 0126 C046     		.align	2
 297              	.L2:
 298 0128 00100240 		.word	1073876992
 299 012c 00080048 		.word	1207961600
 300 0130 30500000 		.word	20528
 301 0134 00040048 		.word	1207960576
 302 0138 089D0000 		.word	40200
 303              		.cfi_endproc
 304              	.LFE45:
 306              		.section	.text.Error_Handler,"ax",%progbits
 307              		.align	1
 308              		.global	Error_Handler
 309              		.syntax unified
 310              		.code	16
 311              		.thumb_func
 312              		.fpu softvfp
 314              	Error_Handler:
 315              	.LFB46:
 368:Core/Src/main.c **** 
 369:Core/Src/main.c **** /* USER CODE BEGIN 4 */
 370:Core/Src/main.c **** 
 371:Core/Src/main.c **** /* USER CODE END 4 */
 372:Core/Src/main.c **** 
ARM GAS  C:\Users\jisu8\AppData\Local\Temp\ccbp9zPL.s 			page 13


 373:Core/Src/main.c **** /**
 374:Core/Src/main.c ****   * @brief  This function is executed in case of error occurrence.
 375:Core/Src/main.c ****   * @retval None
 376:Core/Src/main.c ****   */
 377:Core/Src/main.c **** void Error_Handler(void)
 378:Core/Src/main.c **** {
 316              		.loc 1 378 1 is_stmt 1 view -0
 317              		.cfi_startproc
 318              		@ Volatile: function does not return.
 319              		@ args = 0, pretend = 0, frame = 0
 320              		@ frame_needed = 0, uses_anonymous_args = 0
 321              		@ link register save eliminated.
 379:Core/Src/main.c ****   /* USER CODE BEGIN Error_Handler_Debug */
 380:Core/Src/main.c ****   /* User can add his own implementation to report the HAL error return state */
 381:Core/Src/main.c ****   __disable_irq();
 322              		.loc 1 381 3 view .LVU100
 323              	.LBB7:
 324              	.LBI7:
 325              		.file 2 "Drivers/CMSIS/Include/cmsis_gcc.h"
   1:Drivers/CMSIS/Include/cmsis_gcc.h **** /**************************************************************************//**
   2:Drivers/CMSIS/Include/cmsis_gcc.h ****  * @file     cmsis_gcc.h
   3:Drivers/CMSIS/Include/cmsis_gcc.h ****  * @brief    CMSIS compiler GCC header file
   4:Drivers/CMSIS/Include/cmsis_gcc.h ****  * @version  V5.0.4
   5:Drivers/CMSIS/Include/cmsis_gcc.h ****  * @date     09. April 2018
   6:Drivers/CMSIS/Include/cmsis_gcc.h ****  ******************************************************************************/
   7:Drivers/CMSIS/Include/cmsis_gcc.h **** /*
   8:Drivers/CMSIS/Include/cmsis_gcc.h ****  * Copyright (c) 2009-2018 Arm Limited. All rights reserved.
   9:Drivers/CMSIS/Include/cmsis_gcc.h ****  *
  10:Drivers/CMSIS/Include/cmsis_gcc.h ****  * SPDX-License-Identifier: Apache-2.0
  11:Drivers/CMSIS/Include/cmsis_gcc.h ****  *
  12:Drivers/CMSIS/Include/cmsis_gcc.h ****  * Licensed under the Apache License, Version 2.0 (the License); you may
  13:Drivers/CMSIS/Include/cmsis_gcc.h ****  * not use this file except in compliance with the License.
  14:Drivers/CMSIS/Include/cmsis_gcc.h ****  * You may obtain a copy of the License at
  15:Drivers/CMSIS/Include/cmsis_gcc.h ****  *
  16:Drivers/CMSIS/Include/cmsis_gcc.h ****  * www.apache.org/licenses/LICENSE-2.0
  17:Drivers/CMSIS/Include/cmsis_gcc.h ****  *
  18:Drivers/CMSIS/Include/cmsis_gcc.h ****  * Unless required by applicable law or agreed to in writing, software
  19:Drivers/CMSIS/Include/cmsis_gcc.h ****  * distributed under the License is distributed on an AS IS BASIS, WITHOUT
  20:Drivers/CMSIS/Include/cmsis_gcc.h ****  * WARRANTIES OR CONDITIONS OF ANY KIND, either express or implied.
  21:Drivers/CMSIS/Include/cmsis_gcc.h ****  * See the License for the specific language governing permissions and
  22:Drivers/CMSIS/Include/cmsis_gcc.h ****  * limitations under the License.
  23:Drivers/CMSIS/Include/cmsis_gcc.h ****  */
  24:Drivers/CMSIS/Include/cmsis_gcc.h **** 
  25:Drivers/CMSIS/Include/cmsis_gcc.h **** #ifndef __CMSIS_GCC_H
  26:Drivers/CMSIS/Include/cmsis_gcc.h **** #define __CMSIS_GCC_H
  27:Drivers/CMSIS/Include/cmsis_gcc.h **** 
  28:Drivers/CMSIS/Include/cmsis_gcc.h **** /* ignore some GCC warnings */
  29:Drivers/CMSIS/Include/cmsis_gcc.h **** #pragma GCC diagnostic push
  30:Drivers/CMSIS/Include/cmsis_gcc.h **** #pragma GCC diagnostic ignored "-Wsign-conversion"
  31:Drivers/CMSIS/Include/cmsis_gcc.h **** #pragma GCC diagnostic ignored "-Wconversion"
  32:Drivers/CMSIS/Include/cmsis_gcc.h **** #pragma GCC diagnostic ignored "-Wunused-parameter"
  33:Drivers/CMSIS/Include/cmsis_gcc.h **** 
  34:Drivers/CMSIS/Include/cmsis_gcc.h **** /* Fallback for __has_builtin */
  35:Drivers/CMSIS/Include/cmsis_gcc.h **** #ifndef __has_builtin
  36:Drivers/CMSIS/Include/cmsis_gcc.h ****   #define __has_builtin(x) (0)
  37:Drivers/CMSIS/Include/cmsis_gcc.h **** #endif
  38:Drivers/CMSIS/Include/cmsis_gcc.h **** 
ARM GAS  C:\Users\jisu8\AppData\Local\Temp\ccbp9zPL.s 			page 14


  39:Drivers/CMSIS/Include/cmsis_gcc.h **** /* CMSIS compiler specific defines */
  40:Drivers/CMSIS/Include/cmsis_gcc.h **** #ifndef   __ASM
  41:Drivers/CMSIS/Include/cmsis_gcc.h ****   #define __ASM                                  __asm
  42:Drivers/CMSIS/Include/cmsis_gcc.h **** #endif
  43:Drivers/CMSIS/Include/cmsis_gcc.h **** #ifndef   __INLINE
  44:Drivers/CMSIS/Include/cmsis_gcc.h ****   #define __INLINE                               inline
  45:Drivers/CMSIS/Include/cmsis_gcc.h **** #endif
  46:Drivers/CMSIS/Include/cmsis_gcc.h **** #ifndef   __STATIC_INLINE
  47:Drivers/CMSIS/Include/cmsis_gcc.h ****   #define __STATIC_INLINE                        static inline
  48:Drivers/CMSIS/Include/cmsis_gcc.h **** #endif
  49:Drivers/CMSIS/Include/cmsis_gcc.h **** #ifndef   __STATIC_FORCEINLINE                 
  50:Drivers/CMSIS/Include/cmsis_gcc.h ****   #define __STATIC_FORCEINLINE                   __attribute__((always_inline)) static inline
  51:Drivers/CMSIS/Include/cmsis_gcc.h **** #endif                                           
  52:Drivers/CMSIS/Include/cmsis_gcc.h **** #ifndef   __NO_RETURN
  53:Drivers/CMSIS/Include/cmsis_gcc.h ****   #define __NO_RETURN                            __attribute__((__noreturn__))
  54:Drivers/CMSIS/Include/cmsis_gcc.h **** #endif
  55:Drivers/CMSIS/Include/cmsis_gcc.h **** #ifndef   __USED
  56:Drivers/CMSIS/Include/cmsis_gcc.h ****   #define __USED                                 __attribute__((used))
  57:Drivers/CMSIS/Include/cmsis_gcc.h **** #endif
  58:Drivers/CMSIS/Include/cmsis_gcc.h **** #ifndef   __WEAK
  59:Drivers/CMSIS/Include/cmsis_gcc.h ****   #define __WEAK                                 __attribute__((weak))
  60:Drivers/CMSIS/Include/cmsis_gcc.h **** #endif
  61:Drivers/CMSIS/Include/cmsis_gcc.h **** #ifndef   __PACKED
  62:Drivers/CMSIS/Include/cmsis_gcc.h ****   #define __PACKED                               __attribute__((packed, aligned(1)))
  63:Drivers/CMSIS/Include/cmsis_gcc.h **** #endif
  64:Drivers/CMSIS/Include/cmsis_gcc.h **** #ifndef   __PACKED_STRUCT
  65:Drivers/CMSIS/Include/cmsis_gcc.h ****   #define __PACKED_STRUCT                        struct __attribute__((packed, aligned(1)))
  66:Drivers/CMSIS/Include/cmsis_gcc.h **** #endif
  67:Drivers/CMSIS/Include/cmsis_gcc.h **** #ifndef   __PACKED_UNION
  68:Drivers/CMSIS/Include/cmsis_gcc.h ****   #define __PACKED_UNION                         union __attribute__((packed, aligned(1)))
  69:Drivers/CMSIS/Include/cmsis_gcc.h **** #endif
  70:Drivers/CMSIS/Include/cmsis_gcc.h **** #ifndef   __UNALIGNED_UINT32        /* deprecated */
  71:Drivers/CMSIS/Include/cmsis_gcc.h ****   #pragma GCC diagnostic push
  72:Drivers/CMSIS/Include/cmsis_gcc.h ****   #pragma GCC diagnostic ignored "-Wpacked"
  73:Drivers/CMSIS/Include/cmsis_gcc.h ****   #pragma GCC diagnostic ignored "-Wattributes"
  74:Drivers/CMSIS/Include/cmsis_gcc.h ****   struct __attribute__((packed)) T_UINT32 { uint32_t v; };
  75:Drivers/CMSIS/Include/cmsis_gcc.h ****   #pragma GCC diagnostic pop
  76:Drivers/CMSIS/Include/cmsis_gcc.h ****   #define __UNALIGNED_UINT32(x)                  (((struct T_UINT32 *)(x))->v)
  77:Drivers/CMSIS/Include/cmsis_gcc.h **** #endif
  78:Drivers/CMSIS/Include/cmsis_gcc.h **** #ifndef   __UNALIGNED_UINT16_WRITE
  79:Drivers/CMSIS/Include/cmsis_gcc.h ****   #pragma GCC diagnostic push
  80:Drivers/CMSIS/Include/cmsis_gcc.h ****   #pragma GCC diagnostic ignored "-Wpacked"
  81:Drivers/CMSIS/Include/cmsis_gcc.h ****   #pragma GCC diagnostic ignored "-Wattributes"
  82:Drivers/CMSIS/Include/cmsis_gcc.h ****   __PACKED_STRUCT T_UINT16_WRITE { uint16_t v; };
  83:Drivers/CMSIS/Include/cmsis_gcc.h ****   #pragma GCC diagnostic pop
  84:Drivers/CMSIS/Include/cmsis_gcc.h ****   #define __UNALIGNED_UINT16_WRITE(addr, val)    (void)((((struct T_UINT16_WRITE *)(void *)(addr))-
  85:Drivers/CMSIS/Include/cmsis_gcc.h **** #endif
  86:Drivers/CMSIS/Include/cmsis_gcc.h **** #ifndef   __UNALIGNED_UINT16_READ
  87:Drivers/CMSIS/Include/cmsis_gcc.h ****   #pragma GCC diagnostic push
  88:Drivers/CMSIS/Include/cmsis_gcc.h ****   #pragma GCC diagnostic ignored "-Wpacked"
  89:Drivers/CMSIS/Include/cmsis_gcc.h ****   #pragma GCC diagnostic ignored "-Wattributes"
  90:Drivers/CMSIS/Include/cmsis_gcc.h ****   __PACKED_STRUCT T_UINT16_READ { uint16_t v; };
  91:Drivers/CMSIS/Include/cmsis_gcc.h ****   #pragma GCC diagnostic pop
  92:Drivers/CMSIS/Include/cmsis_gcc.h ****   #define __UNALIGNED_UINT16_READ(addr)          (((const struct T_UINT16_READ *)(const void *)(add
  93:Drivers/CMSIS/Include/cmsis_gcc.h **** #endif
  94:Drivers/CMSIS/Include/cmsis_gcc.h **** #ifndef   __UNALIGNED_UINT32_WRITE
  95:Drivers/CMSIS/Include/cmsis_gcc.h ****   #pragma GCC diagnostic push
ARM GAS  C:\Users\jisu8\AppData\Local\Temp\ccbp9zPL.s 			page 15


  96:Drivers/CMSIS/Include/cmsis_gcc.h ****   #pragma GCC diagnostic ignored "-Wpacked"
  97:Drivers/CMSIS/Include/cmsis_gcc.h ****   #pragma GCC diagnostic ignored "-Wattributes"
  98:Drivers/CMSIS/Include/cmsis_gcc.h ****   __PACKED_STRUCT T_UINT32_WRITE { uint32_t v; };
  99:Drivers/CMSIS/Include/cmsis_gcc.h ****   #pragma GCC diagnostic pop
 100:Drivers/CMSIS/Include/cmsis_gcc.h ****   #define __UNALIGNED_UINT32_WRITE(addr, val)    (void)((((struct T_UINT32_WRITE *)(void *)(addr))-
 101:Drivers/CMSIS/Include/cmsis_gcc.h **** #endif
 102:Drivers/CMSIS/Include/cmsis_gcc.h **** #ifndef   __UNALIGNED_UINT32_READ
 103:Drivers/CMSIS/Include/cmsis_gcc.h ****   #pragma GCC diagnostic push
 104:Drivers/CMSIS/Include/cmsis_gcc.h ****   #pragma GCC diagnostic ignored "-Wpacked"
 105:Drivers/CMSIS/Include/cmsis_gcc.h ****   #pragma GCC diagnostic ignored "-Wattributes"
 106:Drivers/CMSIS/Include/cmsis_gcc.h ****   __PACKED_STRUCT T_UINT32_READ { uint32_t v; };
 107:Drivers/CMSIS/Include/cmsis_gcc.h ****   #pragma GCC diagnostic pop
 108:Drivers/CMSIS/Include/cmsis_gcc.h ****   #define __UNALIGNED_UINT32_READ(addr)          (((const struct T_UINT32_READ *)(const void *)(add
 109:Drivers/CMSIS/Include/cmsis_gcc.h **** #endif
 110:Drivers/CMSIS/Include/cmsis_gcc.h **** #ifndef   __ALIGNED
 111:Drivers/CMSIS/Include/cmsis_gcc.h ****   #define __ALIGNED(x)                           __attribute__((aligned(x)))
 112:Drivers/CMSIS/Include/cmsis_gcc.h **** #endif
 113:Drivers/CMSIS/Include/cmsis_gcc.h **** #ifndef   __RESTRICT
 114:Drivers/CMSIS/Include/cmsis_gcc.h ****   #define __RESTRICT                             __restrict
 115:Drivers/CMSIS/Include/cmsis_gcc.h **** #endif
 116:Drivers/CMSIS/Include/cmsis_gcc.h **** 
 117:Drivers/CMSIS/Include/cmsis_gcc.h **** 
 118:Drivers/CMSIS/Include/cmsis_gcc.h **** /* ###########################  Core Function Access  ########################### */
 119:Drivers/CMSIS/Include/cmsis_gcc.h **** /** \ingroup  CMSIS_Core_FunctionInterface
 120:Drivers/CMSIS/Include/cmsis_gcc.h ****     \defgroup CMSIS_Core_RegAccFunctions CMSIS Core Register Access Functions
 121:Drivers/CMSIS/Include/cmsis_gcc.h ****   @{
 122:Drivers/CMSIS/Include/cmsis_gcc.h ****  */
 123:Drivers/CMSIS/Include/cmsis_gcc.h **** 
 124:Drivers/CMSIS/Include/cmsis_gcc.h **** /**
 125:Drivers/CMSIS/Include/cmsis_gcc.h ****   \brief   Enable IRQ Interrupts
 126:Drivers/CMSIS/Include/cmsis_gcc.h ****   \details Enables IRQ interrupts by clearing the I-bit in the CPSR.
 127:Drivers/CMSIS/Include/cmsis_gcc.h ****            Can only be executed in Privileged modes.
 128:Drivers/CMSIS/Include/cmsis_gcc.h ****  */
 129:Drivers/CMSIS/Include/cmsis_gcc.h **** __STATIC_FORCEINLINE void __enable_irq(void)
 130:Drivers/CMSIS/Include/cmsis_gcc.h **** {
 131:Drivers/CMSIS/Include/cmsis_gcc.h ****   __ASM volatile ("cpsie i" : : : "memory");
 132:Drivers/CMSIS/Include/cmsis_gcc.h **** }
 133:Drivers/CMSIS/Include/cmsis_gcc.h **** 
 134:Drivers/CMSIS/Include/cmsis_gcc.h **** 
 135:Drivers/CMSIS/Include/cmsis_gcc.h **** /**
 136:Drivers/CMSIS/Include/cmsis_gcc.h ****   \brief   Disable IRQ Interrupts
 137:Drivers/CMSIS/Include/cmsis_gcc.h ****   \details Disables IRQ interrupts by setting the I-bit in the CPSR.
 138:Drivers/CMSIS/Include/cmsis_gcc.h ****            Can only be executed in Privileged modes.
 139:Drivers/CMSIS/Include/cmsis_gcc.h ****  */
 140:Drivers/CMSIS/Include/cmsis_gcc.h **** __STATIC_FORCEINLINE void __disable_irq(void)
 326              		.loc 2 140 27 view .LVU101
 327              	.LBB8:
 141:Drivers/CMSIS/Include/cmsis_gcc.h **** {
 142:Drivers/CMSIS/Include/cmsis_gcc.h ****   __ASM volatile ("cpsid i" : : : "memory");
 328              		.loc 2 142 3 view .LVU102
 329              		.syntax divided
 330              	@ 142 "Drivers/CMSIS/Include/cmsis_gcc.h" 1
 331 0000 72B6     		cpsid i
 332              	@ 0 "" 2
 333              		.thumb
 334              		.syntax unified
 335              	.L5:
ARM GAS  C:\Users\jisu8\AppData\Local\Temp\ccbp9zPL.s 			page 16


 336              	.LBE8:
 337              	.LBE7:
 382:Core/Src/main.c ****   while (1)
 338              		.loc 1 382 3 discriminator 1 view .LVU103
 383:Core/Src/main.c ****   {
 384:Core/Src/main.c ****   }
 339              		.loc 1 384 3 discriminator 1 view .LVU104
 382:Core/Src/main.c ****   while (1)
 340              		.loc 1 382 9 discriminator 1 view .LVU105
 341 0002 FEE7     		b	.L5
 342              		.cfi_endproc
 343              	.LFE46:
 345              		.section	.text.MX_ADC_Init,"ax",%progbits
 346              		.align	1
 347              		.syntax unified
 348              		.code	16
 349              		.thumb_func
 350              		.fpu softvfp
 352              	MX_ADC_Init:
 353              	.LFB42:
 161:Core/Src/main.c **** 
 354              		.loc 1 161 1 view -0
 355              		.cfi_startproc
 356              		@ args = 0, pretend = 0, frame = 16
 357              		@ frame_needed = 0, uses_anonymous_args = 0
 358 0000 00B5     		push	{lr}
 359              	.LCFI3:
 360              		.cfi_def_cfa_offset 4
 361              		.cfi_offset 14, -4
 362 0002 85B0     		sub	sp, sp, #20
 363              	.LCFI4:
 364              		.cfi_def_cfa_offset 24
 167:Core/Src/main.c **** 
 365              		.loc 1 167 3 view .LVU107
 167:Core/Src/main.c **** 
 366              		.loc 1 167 26 is_stmt 0 view .LVU108
 367 0004 0C22     		movs	r2, #12
 368 0006 0021     		movs	r1, #0
 369 0008 01A8     		add	r0, sp, #4
 370 000a FFF7FEFF 		bl	memset
 371              	.LVL12:
 174:Core/Src/main.c ****   hadc.Init.ClockPrescaler = ADC_CLOCK_ASYNC_DIV1;
 372              		.loc 1 174 3 is_stmt 1 view .LVU109
 174:Core/Src/main.c ****   hadc.Init.ClockPrescaler = ADC_CLOCK_ASYNC_DIV1;
 373              		.loc 1 174 17 is_stmt 0 view .LVU110
 374 000e 1748     		ldr	r0, .L11
 375 0010 174B     		ldr	r3, .L11+4
 376 0012 0360     		str	r3, [r0]
 175:Core/Src/main.c ****   hadc.Init.Resolution = ADC_RESOLUTION_12B;
 377              		.loc 1 175 3 is_stmt 1 view .LVU111
 175:Core/Src/main.c ****   hadc.Init.Resolution = ADC_RESOLUTION_12B;
 378              		.loc 1 175 28 is_stmt 0 view .LVU112
 379 0014 0023     		movs	r3, #0
 380 0016 4360     		str	r3, [r0, #4]
 176:Core/Src/main.c ****   hadc.Init.DataAlign = ADC_DATAALIGN_RIGHT;
 381              		.loc 1 176 3 is_stmt 1 view .LVU113
 176:Core/Src/main.c ****   hadc.Init.DataAlign = ADC_DATAALIGN_RIGHT;
ARM GAS  C:\Users\jisu8\AppData\Local\Temp\ccbp9zPL.s 			page 17


 382              		.loc 1 176 24 is_stmt 0 view .LVU114
 383 0018 8360     		str	r3, [r0, #8]
 177:Core/Src/main.c ****   hadc.Init.ScanConvMode = ADC_SCAN_DIRECTION_FORWARD;
 384              		.loc 1 177 3 is_stmt 1 view .LVU115
 177:Core/Src/main.c ****   hadc.Init.ScanConvMode = ADC_SCAN_DIRECTION_FORWARD;
 385              		.loc 1 177 23 is_stmt 0 view .LVU116
 386 001a C360     		str	r3, [r0, #12]
 178:Core/Src/main.c ****   hadc.Init.EOCSelection = ADC_EOC_SINGLE_CONV;
 387              		.loc 1 178 3 is_stmt 1 view .LVU117
 178:Core/Src/main.c ****   hadc.Init.EOCSelection = ADC_EOC_SINGLE_CONV;
 388              		.loc 1 178 26 is_stmt 0 view .LVU118
 389 001c 0122     		movs	r2, #1
 390 001e 0261     		str	r2, [r0, #16]
 179:Core/Src/main.c ****   hadc.Init.LowPowerAutoWait = DISABLE;
 391              		.loc 1 179 3 is_stmt 1 view .LVU119
 179:Core/Src/main.c ****   hadc.Init.LowPowerAutoWait = DISABLE;
 392              		.loc 1 179 26 is_stmt 0 view .LVU120
 393 0020 0421     		movs	r1, #4
 394 0022 4161     		str	r1, [r0, #20]
 180:Core/Src/main.c ****   hadc.Init.LowPowerAutoPowerOff = DISABLE;
 395              		.loc 1 180 3 is_stmt 1 view .LVU121
 180:Core/Src/main.c ****   hadc.Init.LowPowerAutoPowerOff = DISABLE;
 396              		.loc 1 180 30 is_stmt 0 view .LVU122
 397 0024 0376     		strb	r3, [r0, #24]
 181:Core/Src/main.c ****   hadc.Init.ContinuousConvMode = DISABLE;
 398              		.loc 1 181 3 is_stmt 1 view .LVU123
 181:Core/Src/main.c ****   hadc.Init.ContinuousConvMode = DISABLE;
 399              		.loc 1 181 34 is_stmt 0 view .LVU124
 400 0026 4376     		strb	r3, [r0, #25]
 182:Core/Src/main.c ****   hadc.Init.DiscontinuousConvMode = DISABLE;
 401              		.loc 1 182 3 is_stmt 1 view .LVU125
 182:Core/Src/main.c ****   hadc.Init.DiscontinuousConvMode = DISABLE;
 402              		.loc 1 182 32 is_stmt 0 view .LVU126
 403 0028 8376     		strb	r3, [r0, #26]
 183:Core/Src/main.c ****   hadc.Init.ExternalTrigConv = ADC_SOFTWARE_START;
 404              		.loc 1 183 3 is_stmt 1 view .LVU127
 183:Core/Src/main.c ****   hadc.Init.ExternalTrigConv = ADC_SOFTWARE_START;
 405              		.loc 1 183 35 is_stmt 0 view .LVU128
 406 002a C376     		strb	r3, [r0, #27]
 184:Core/Src/main.c ****   hadc.Init.ExternalTrigConvEdge = ADC_EXTERNALTRIGCONVEDGE_NONE;
 407              		.loc 1 184 3 is_stmt 1 view .LVU129
 184:Core/Src/main.c ****   hadc.Init.ExternalTrigConvEdge = ADC_EXTERNALTRIGCONVEDGE_NONE;
 408              		.loc 1 184 30 is_stmt 0 view .LVU130
 409 002c C221     		movs	r1, #194
 410 002e FF31     		adds	r1, r1, #255
 411 0030 C161     		str	r1, [r0, #28]
 185:Core/Src/main.c ****   hadc.Init.DMAContinuousRequests = DISABLE;
 412              		.loc 1 185 3 is_stmt 1 view .LVU131
 185:Core/Src/main.c ****   hadc.Init.DMAContinuousRequests = DISABLE;
 413              		.loc 1 185 34 is_stmt 0 view .LVU132
 414 0032 0362     		str	r3, [r0, #32]
 186:Core/Src/main.c ****   hadc.Init.Overrun = ADC_OVR_DATA_PRESERVED;
 415              		.loc 1 186 3 is_stmt 1 view .LVU133
 186:Core/Src/main.c ****   hadc.Init.Overrun = ADC_OVR_DATA_PRESERVED;
 416              		.loc 1 186 35 is_stmt 0 view .LVU134
 417 0034 9E39     		subs	r1, r1, #158
 418 0036 FF39     		subs	r1, r1, #255
ARM GAS  C:\Users\jisu8\AppData\Local\Temp\ccbp9zPL.s 			page 18


 419 0038 4354     		strb	r3, [r0, r1]
 187:Core/Src/main.c ****   if (HAL_ADC_Init(&hadc) != HAL_OK)
 420              		.loc 1 187 3 is_stmt 1 view .LVU135
 187:Core/Src/main.c ****   if (HAL_ADC_Init(&hadc) != HAL_OK)
 421              		.loc 1 187 21 is_stmt 0 view .LVU136
 422 003a 8262     		str	r2, [r0, #40]
 188:Core/Src/main.c ****   {
 423              		.loc 1 188 3 is_stmt 1 view .LVU137
 188:Core/Src/main.c ****   {
 424              		.loc 1 188 7 is_stmt 0 view .LVU138
 425 003c FFF7FEFF 		bl	HAL_ADC_Init
 426              	.LVL13:
 188:Core/Src/main.c ****   {
 427              		.loc 1 188 6 view .LVU139
 428 0040 0028     		cmp	r0, #0
 429 0042 0FD1     		bne	.L9
 194:Core/Src/main.c ****   sConfig.Rank = ADC_RANK_CHANNEL_NUMBER;
 430              		.loc 1 194 3 is_stmt 1 view .LVU140
 194:Core/Src/main.c ****   sConfig.Rank = ADC_RANK_CHANNEL_NUMBER;
 431              		.loc 1 194 19 is_stmt 0 view .LVU141
 432 0044 0023     		movs	r3, #0
 433 0046 0193     		str	r3, [sp, #4]
 195:Core/Src/main.c ****   sConfig.SamplingTime = ADC_SAMPLETIME_1CYCLE_5;
 434              		.loc 1 195 3 is_stmt 1 view .LVU142
 195:Core/Src/main.c ****   sConfig.SamplingTime = ADC_SAMPLETIME_1CYCLE_5;
 435              		.loc 1 195 16 is_stmt 0 view .LVU143
 436 0048 8023     		movs	r3, #128
 437 004a 5B01     		lsls	r3, r3, #5
 438 004c 0293     		str	r3, [sp, #8]
 196:Core/Src/main.c ****   if (HAL_ADC_ConfigChannel(&hadc, &sConfig) != HAL_OK)
 439              		.loc 1 196 3 is_stmt 1 view .LVU144
 196:Core/Src/main.c ****   if (HAL_ADC_ConfigChannel(&hadc, &sConfig) != HAL_OK)
 440              		.loc 1 196 24 is_stmt 0 view .LVU145
 441 004e 8023     		movs	r3, #128
 442 0050 5B05     		lsls	r3, r3, #21
 443 0052 0393     		str	r3, [sp, #12]
 197:Core/Src/main.c ****   {
 444              		.loc 1 197 3 is_stmt 1 view .LVU146
 197:Core/Src/main.c ****   {
 445              		.loc 1 197 7 is_stmt 0 view .LVU147
 446 0054 01A9     		add	r1, sp, #4
 447 0056 0548     		ldr	r0, .L11
 448 0058 FFF7FEFF 		bl	HAL_ADC_ConfigChannel
 449              	.LVL14:
 197:Core/Src/main.c ****   {
 450              		.loc 1 197 6 view .LVU148
 451 005c 0028     		cmp	r0, #0
 452 005e 03D1     		bne	.L10
 205:Core/Src/main.c **** 
 453              		.loc 1 205 1 view .LVU149
 454 0060 05B0     		add	sp, sp, #20
 455              		@ sp needed
 456 0062 00BD     		pop	{pc}
 457              	.L9:
 190:Core/Src/main.c ****   }
 458              		.loc 1 190 5 is_stmt 1 view .LVU150
 459 0064 FFF7FEFF 		bl	Error_Handler
ARM GAS  C:\Users\jisu8\AppData\Local\Temp\ccbp9zPL.s 			page 19


 460              	.LVL15:
 461              	.L10:
 199:Core/Src/main.c ****   }
 462              		.loc 1 199 5 view .LVU151
 463 0068 FFF7FEFF 		bl	Error_Handler
 464              	.LVL16:
 465              	.L12:
 466              		.align	2
 467              	.L11:
 468 006c 00000000 		.word	.LANCHOR0
 469 0070 00240140 		.word	1073816576
 470              		.cfi_endproc
 471              	.LFE42:
 473              		.section	.text.MX_TIM16_Init,"ax",%progbits
 474              		.align	1
 475              		.syntax unified
 476              		.code	16
 477              		.thumb_func
 478              		.fpu softvfp
 480              	MX_TIM16_Init:
 481              	.LFB44:
 259:Core/Src/main.c **** 
 482              		.loc 1 259 1 view -0
 483              		.cfi_startproc
 484              		@ args = 0, pretend = 0, frame = 0
 485              		@ frame_needed = 0, uses_anonymous_args = 0
 486 0000 10B5     		push	{r4, lr}
 487              	.LCFI5:
 488              		.cfi_def_cfa_offset 8
 489              		.cfi_offset 4, -8
 490              		.cfi_offset 14, -4
 268:Core/Src/main.c ****   htim16.Init.Prescaler = 47;
 491              		.loc 1 268 3 view .LVU153
 268:Core/Src/main.c ****   htim16.Init.Prescaler = 47;
 492              		.loc 1 268 19 is_stmt 0 view .LVU154
 493 0002 0948     		ldr	r0, .L16
 494 0004 094B     		ldr	r3, .L16+4
 495 0006 0360     		str	r3, [r0]
 269:Core/Src/main.c ****   htim16.Init.CounterMode = TIM_COUNTERMODE_UP;
 496              		.loc 1 269 3 is_stmt 1 view .LVU155
 269:Core/Src/main.c ****   htim16.Init.CounterMode = TIM_COUNTERMODE_UP;
 497              		.loc 1 269 25 is_stmt 0 view .LVU156
 498 0008 2F23     		movs	r3, #47
 499 000a 4360     		str	r3, [r0, #4]
 270:Core/Src/main.c ****   htim16.Init.Period = 999;
 500              		.loc 1 270 3 is_stmt 1 view .LVU157
 270:Core/Src/main.c ****   htim16.Init.Period = 999;
 501              		.loc 1 270 27 is_stmt 0 view .LVU158
 502 000c 0023     		movs	r3, #0
 503 000e 8360     		str	r3, [r0, #8]
 271:Core/Src/main.c ****   htim16.Init.ClockDivision = TIM_CLOCKDIVISION_DIV1;
 504              		.loc 1 271 3 is_stmt 1 view .LVU159
 271:Core/Src/main.c ****   htim16.Init.ClockDivision = TIM_CLOCKDIVISION_DIV1;
 505              		.loc 1 271 22 is_stmt 0 view .LVU160
 506 0010 074A     		ldr	r2, .L16+8
 507 0012 C260     		str	r2, [r0, #12]
 272:Core/Src/main.c ****   htim16.Init.RepetitionCounter = 0;
ARM GAS  C:\Users\jisu8\AppData\Local\Temp\ccbp9zPL.s 			page 20


 508              		.loc 1 272 3 is_stmt 1 view .LVU161
 272:Core/Src/main.c ****   htim16.Init.RepetitionCounter = 0;
 509              		.loc 1 272 29 is_stmt 0 view .LVU162
 510 0014 0361     		str	r3, [r0, #16]
 273:Core/Src/main.c ****   htim16.Init.AutoReloadPreload = TIM_AUTORELOAD_PRELOAD_DISABLE;
 511              		.loc 1 273 3 is_stmt 1 view .LVU163
 273:Core/Src/main.c ****   htim16.Init.AutoReloadPreload = TIM_AUTORELOAD_PRELOAD_DISABLE;
 512              		.loc 1 273 33 is_stmt 0 view .LVU164
 513 0016 4361     		str	r3, [r0, #20]
 274:Core/Src/main.c ****   if (HAL_TIM_Base_Init(&htim16) != HAL_OK)
 514              		.loc 1 274 3 is_stmt 1 view .LVU165
 274:Core/Src/main.c ****   if (HAL_TIM_Base_Init(&htim16) != HAL_OK)
 515              		.loc 1 274 33 is_stmt 0 view .LVU166
 516 0018 8361     		str	r3, [r0, #24]
 275:Core/Src/main.c ****   {
 517              		.loc 1 275 3 is_stmt 1 view .LVU167
 275:Core/Src/main.c ****   {
 518              		.loc 1 275 7 is_stmt 0 view .LVU168
 519 001a FFF7FEFF 		bl	HAL_TIM_Base_Init
 520              	.LVL17:
 275:Core/Src/main.c ****   {
 521              		.loc 1 275 6 view .LVU169
 522 001e 0028     		cmp	r0, #0
 523 0020 00D1     		bne	.L15
 283:Core/Src/main.c **** 
 524              		.loc 1 283 1 view .LVU170
 525              		@ sp needed
 526 0022 10BD     		pop	{r4, pc}
 527              	.L15:
 277:Core/Src/main.c ****   }
 528              		.loc 1 277 5 is_stmt 1 view .LVU171
 529 0024 FFF7FEFF 		bl	Error_Handler
 530              	.LVL18:
 531              	.L17:
 532              		.align	2
 533              	.L16:
 534 0028 00000000 		.word	htim16
 535 002c 00440140 		.word	1073824768
 536 0030 E7030000 		.word	999
 537              		.cfi_endproc
 538              	.LFE44:
 540              		.section	.text.MX_I2C1_Init,"ax",%progbits
 541              		.align	1
 542              		.syntax unified
 543              		.code	16
 544              		.thumb_func
 545              		.fpu softvfp
 547              	MX_I2C1_Init:
 548              	.LFB43:
 213:Core/Src/main.c **** 
 549              		.loc 1 213 1 view -0
 550              		.cfi_startproc
 551              		@ args = 0, pretend = 0, frame = 0
 552              		@ frame_needed = 0, uses_anonymous_args = 0
 553 0000 10B5     		push	{r4, lr}
 554              	.LCFI6:
 555              		.cfi_def_cfa_offset 8
ARM GAS  C:\Users\jisu8\AppData\Local\Temp\ccbp9zPL.s 			page 21


 556              		.cfi_offset 4, -8
 557              		.cfi_offset 14, -4
 222:Core/Src/main.c ****   hi2c1.Init.Timing = 0x2000090E;
 558              		.loc 1 222 3 view .LVU173
 222:Core/Src/main.c ****   hi2c1.Init.Timing = 0x2000090E;
 559              		.loc 1 222 18 is_stmt 0 view .LVU174
 560 0002 1248     		ldr	r0, .L25
 561 0004 124B     		ldr	r3, .L25+4
 562 0006 0360     		str	r3, [r0]
 223:Core/Src/main.c ****   hi2c1.Init.OwnAddress1 = 0;
 563              		.loc 1 223 3 is_stmt 1 view .LVU175
 223:Core/Src/main.c ****   hi2c1.Init.OwnAddress1 = 0;
 564              		.loc 1 223 21 is_stmt 0 view .LVU176
 565 0008 124B     		ldr	r3, .L25+8
 566 000a 4360     		str	r3, [r0, #4]
 224:Core/Src/main.c ****   hi2c1.Init.AddressingMode = I2C_ADDRESSINGMODE_7BIT;
 567              		.loc 1 224 3 is_stmt 1 view .LVU177
 224:Core/Src/main.c ****   hi2c1.Init.AddressingMode = I2C_ADDRESSINGMODE_7BIT;
 568              		.loc 1 224 26 is_stmt 0 view .LVU178
 569 000c 0023     		movs	r3, #0
 570 000e 8360     		str	r3, [r0, #8]
 225:Core/Src/main.c ****   hi2c1.Init.DualAddressMode = I2C_DUALADDRESS_DISABLE;
 571              		.loc 1 225 3 is_stmt 1 view .LVU179
 225:Core/Src/main.c ****   hi2c1.Init.DualAddressMode = I2C_DUALADDRESS_DISABLE;
 572              		.loc 1 225 29 is_stmt 0 view .LVU180
 573 0010 0122     		movs	r2, #1
 574 0012 C260     		str	r2, [r0, #12]
 226:Core/Src/main.c ****   hi2c1.Init.OwnAddress2 = 0;
 575              		.loc 1 226 3 is_stmt 1 view .LVU181
 226:Core/Src/main.c ****   hi2c1.Init.OwnAddress2 = 0;
 576              		.loc 1 226 30 is_stmt 0 view .LVU182
 577 0014 0361     		str	r3, [r0, #16]
 227:Core/Src/main.c ****   hi2c1.Init.OwnAddress2Masks = I2C_OA2_NOMASK;
 578              		.loc 1 227 3 is_stmt 1 view .LVU183
 227:Core/Src/main.c ****   hi2c1.Init.OwnAddress2Masks = I2C_OA2_NOMASK;
 579              		.loc 1 227 26 is_stmt 0 view .LVU184
 580 0016 4361     		str	r3, [r0, #20]
 228:Core/Src/main.c ****   hi2c1.Init.GeneralCallMode = I2C_GENERALCALL_DISABLE;
 581              		.loc 1 228 3 is_stmt 1 view .LVU185
 228:Core/Src/main.c ****   hi2c1.Init.GeneralCallMode = I2C_GENERALCALL_DISABLE;
 582              		.loc 1 228 31 is_stmt 0 view .LVU186
 583 0018 8361     		str	r3, [r0, #24]
 229:Core/Src/main.c ****   hi2c1.Init.NoStretchMode = I2C_NOSTRETCH_DISABLE;
 584              		.loc 1 229 3 is_stmt 1 view .LVU187
 229:Core/Src/main.c ****   hi2c1.Init.NoStretchMode = I2C_NOSTRETCH_DISABLE;
 585              		.loc 1 229 30 is_stmt 0 view .LVU188
 586 001a C361     		str	r3, [r0, #28]
 230:Core/Src/main.c ****   if (HAL_I2C_Init(&hi2c1) != HAL_OK)
 587              		.loc 1 230 3 is_stmt 1 view .LVU189
 230:Core/Src/main.c ****   if (HAL_I2C_Init(&hi2c1) != HAL_OK)
 588              		.loc 1 230 28 is_stmt 0 view .LVU190
 589 001c 0362     		str	r3, [r0, #32]
 231:Core/Src/main.c ****   {
 590              		.loc 1 231 3 is_stmt 1 view .LVU191
 231:Core/Src/main.c ****   {
 591              		.loc 1 231 7 is_stmt 0 view .LVU192
 592 001e FFF7FEFF 		bl	HAL_I2C_Init
ARM GAS  C:\Users\jisu8\AppData\Local\Temp\ccbp9zPL.s 			page 22


 593              	.LVL19:
 231:Core/Src/main.c ****   {
 594              		.loc 1 231 6 view .LVU193
 595 0022 0028     		cmp	r0, #0
 596 0024 0CD1     		bne	.L22
 237:Core/Src/main.c ****   {
 597              		.loc 1 237 3 is_stmt 1 view .LVU194
 237:Core/Src/main.c ****   {
 598              		.loc 1 237 7 is_stmt 0 view .LVU195
 599 0026 0021     		movs	r1, #0
 600 0028 0848     		ldr	r0, .L25
 601 002a FFF7FEFF 		bl	HAL_I2CEx_ConfigAnalogFilter
 602              	.LVL20:
 237:Core/Src/main.c ****   {
 603              		.loc 1 237 6 view .LVU196
 604 002e 0028     		cmp	r0, #0
 605 0030 08D1     		bne	.L23
 243:Core/Src/main.c ****   {
 606              		.loc 1 243 3 is_stmt 1 view .LVU197
 243:Core/Src/main.c ****   {
 607              		.loc 1 243 7 is_stmt 0 view .LVU198
 608 0032 0021     		movs	r1, #0
 609 0034 0548     		ldr	r0, .L25
 610 0036 FFF7FEFF 		bl	HAL_I2CEx_ConfigDigitalFilter
 611              	.LVL21:
 243:Core/Src/main.c ****   {
 612              		.loc 1 243 6 view .LVU199
 613 003a 0028     		cmp	r0, #0
 614 003c 04D1     		bne	.L24
 251:Core/Src/main.c **** 
 615              		.loc 1 251 1 view .LVU200
 616              		@ sp needed
 617 003e 10BD     		pop	{r4, pc}
 618              	.L22:
 233:Core/Src/main.c ****   }
 619              		.loc 1 233 5 is_stmt 1 view .LVU201
 620 0040 FFF7FEFF 		bl	Error_Handler
 621              	.LVL22:
 622              	.L23:
 239:Core/Src/main.c ****   }
 623              		.loc 1 239 5 view .LVU202
 624 0044 FFF7FEFF 		bl	Error_Handler
 625              	.LVL23:
 626              	.L24:
 245:Core/Src/main.c ****   }
 627              		.loc 1 245 5 view .LVU203
 628 0048 FFF7FEFF 		bl	Error_Handler
 629              	.LVL24:
 630              	.L26:
 631              		.align	2
 632              	.L25:
 633 004c 00000000 		.word	.LANCHOR1
 634 0050 00540040 		.word	1073763328
 635 0054 0E090020 		.word	536873230
 636              		.cfi_endproc
 637              	.LFE43:
 639              		.section	.text.SystemClock_Config,"ax",%progbits
ARM GAS  C:\Users\jisu8\AppData\Local\Temp\ccbp9zPL.s 			page 23


 640              		.align	1
 641              		.global	SystemClock_Config
 642              		.syntax unified
 643              		.code	16
 644              		.thumb_func
 645              		.fpu softvfp
 647              	SystemClock_Config:
 648              	.LFB41:
 114:Core/Src/main.c ****   RCC_OscInitTypeDef RCC_OscInitStruct = {0};
 649              		.loc 1 114 1 view -0
 650              		.cfi_startproc
 651              		@ args = 0, pretend = 0, frame = 80
 652              		@ frame_needed = 0, uses_anonymous_args = 0
 653 0000 10B5     		push	{r4, lr}
 654              	.LCFI7:
 655              		.cfi_def_cfa_offset 8
 656              		.cfi_offset 4, -8
 657              		.cfi_offset 14, -4
 658 0002 94B0     		sub	sp, sp, #80
 659              	.LCFI8:
 660              		.cfi_def_cfa_offset 88
 115:Core/Src/main.c ****   RCC_ClkInitTypeDef RCC_ClkInitStruct = {0};
 661              		.loc 1 115 3 view .LVU205
 115:Core/Src/main.c ****   RCC_ClkInitTypeDef RCC_ClkInitStruct = {0};
 662              		.loc 1 115 22 is_stmt 0 view .LVU206
 663 0004 3022     		movs	r2, #48
 664 0006 0021     		movs	r1, #0
 665 0008 08A8     		add	r0, sp, #32
 666 000a FFF7FEFF 		bl	memset
 667              	.LVL25:
 116:Core/Src/main.c ****   RCC_PeriphCLKInitTypeDef PeriphClkInit = {0};
 668              		.loc 1 116 3 is_stmt 1 view .LVU207
 116:Core/Src/main.c ****   RCC_PeriphCLKInitTypeDef PeriphClkInit = {0};
 669              		.loc 1 116 22 is_stmt 0 view .LVU208
 670 000e 1024     		movs	r4, #16
 671 0010 1022     		movs	r2, #16
 672 0012 0021     		movs	r1, #0
 673 0014 04A8     		add	r0, sp, #16
 674 0016 FFF7FEFF 		bl	memset
 675              	.LVL26:
 117:Core/Src/main.c **** 
 676              		.loc 1 117 3 is_stmt 1 view .LVU209
 117:Core/Src/main.c **** 
 677              		.loc 1 117 28 is_stmt 0 view .LVU210
 678 001a 1022     		movs	r2, #16
 679 001c 0021     		movs	r1, #0
 680 001e 6846     		mov	r0, sp
 681 0020 FFF7FEFF 		bl	memset
 682              	.LVL27:
 122:Core/Src/main.c ****   RCC_OscInitStruct.HSIState = RCC_HSI_ON;
 683              		.loc 1 122 3 is_stmt 1 view .LVU211
 122:Core/Src/main.c ****   RCC_OscInitStruct.HSIState = RCC_HSI_ON;
 684              		.loc 1 122 36 is_stmt 0 view .LVU212
 685 0024 1223     		movs	r3, #18
 686 0026 0893     		str	r3, [sp, #32]
 123:Core/Src/main.c ****   RCC_OscInitStruct.HSI14State = RCC_HSI14_ON;
 687              		.loc 1 123 3 is_stmt 1 view .LVU213
ARM GAS  C:\Users\jisu8\AppData\Local\Temp\ccbp9zPL.s 			page 24


 123:Core/Src/main.c ****   RCC_OscInitStruct.HSI14State = RCC_HSI14_ON;
 688              		.loc 1 123 30 is_stmt 0 view .LVU214
 689 0028 113B     		subs	r3, r3, #17
 690 002a 0B93     		str	r3, [sp, #44]
 124:Core/Src/main.c ****   RCC_OscInitStruct.HSICalibrationValue = RCC_HSICALIBRATION_DEFAULT;
 691              		.loc 1 124 3 is_stmt 1 view .LVU215
 124:Core/Src/main.c ****   RCC_OscInitStruct.HSICalibrationValue = RCC_HSICALIBRATION_DEFAULT;
 692              		.loc 1 124 32 is_stmt 0 view .LVU216
 693 002c 0D93     		str	r3, [sp, #52]
 125:Core/Src/main.c ****   RCC_OscInitStruct.HSI14CalibrationValue = 16;
 694              		.loc 1 125 3 is_stmt 1 view .LVU217
 125:Core/Src/main.c ****   RCC_OscInitStruct.HSI14CalibrationValue = 16;
 695              		.loc 1 125 41 is_stmt 0 view .LVU218
 696 002e 0C94     		str	r4, [sp, #48]
 126:Core/Src/main.c ****   RCC_OscInitStruct.PLL.PLLState = RCC_PLL_ON;
 697              		.loc 1 126 3 is_stmt 1 view .LVU219
 126:Core/Src/main.c ****   RCC_OscInitStruct.PLL.PLLState = RCC_PLL_ON;
 698              		.loc 1 126 43 is_stmt 0 view .LVU220
 699 0030 0E94     		str	r4, [sp, #56]
 127:Core/Src/main.c ****   RCC_OscInitStruct.PLL.PLLSource = RCC_PLLSOURCE_HSI;
 700              		.loc 1 127 3 is_stmt 1 view .LVU221
 127:Core/Src/main.c ****   RCC_OscInitStruct.PLL.PLLSource = RCC_PLLSOURCE_HSI;
 701              		.loc 1 127 34 is_stmt 0 view .LVU222
 702 0032 0133     		adds	r3, r3, #1
 703 0034 1093     		str	r3, [sp, #64]
 128:Core/Src/main.c ****   RCC_OscInitStruct.PLL.PLLMUL = RCC_PLL_MUL12;
 704              		.loc 1 128 3 is_stmt 1 view .LVU223
 129:Core/Src/main.c ****   RCC_OscInitStruct.PLL.PREDIV = RCC_PREDIV_DIV1;
 705              		.loc 1 129 3 view .LVU224
 129:Core/Src/main.c ****   RCC_OscInitStruct.PLL.PREDIV = RCC_PREDIV_DIV1;
 706              		.loc 1 129 32 is_stmt 0 view .LVU225
 707 0036 A023     		movs	r3, #160
 708 0038 9B03     		lsls	r3, r3, #14
 709 003a 1293     		str	r3, [sp, #72]
 130:Core/Src/main.c ****   if (HAL_RCC_OscConfig(&RCC_OscInitStruct) != HAL_OK)
 710              		.loc 1 130 3 is_stmt 1 view .LVU226
 131:Core/Src/main.c ****   {
 711              		.loc 1 131 3 view .LVU227
 131:Core/Src/main.c ****   {
 712              		.loc 1 131 7 is_stmt 0 view .LVU228
 713 003c 08A8     		add	r0, sp, #32
 714 003e FFF7FEFF 		bl	HAL_RCC_OscConfig
 715              	.LVL28:
 131:Core/Src/main.c ****   {
 716              		.loc 1 131 6 view .LVU229
 717 0042 0028     		cmp	r0, #0
 718 0044 17D1     		bne	.L31
 137:Core/Src/main.c ****                               |RCC_CLOCKTYPE_PCLK1;
 719              		.loc 1 137 3 is_stmt 1 view .LVU230
 137:Core/Src/main.c ****                               |RCC_CLOCKTYPE_PCLK1;
 720              		.loc 1 137 31 is_stmt 0 view .LVU231
 721 0046 0723     		movs	r3, #7
 722 0048 0493     		str	r3, [sp, #16]
 139:Core/Src/main.c ****   RCC_ClkInitStruct.AHBCLKDivider = RCC_SYSCLK_DIV1;
 723              		.loc 1 139 3 is_stmt 1 view .LVU232
 139:Core/Src/main.c ****   RCC_ClkInitStruct.AHBCLKDivider = RCC_SYSCLK_DIV1;
 724              		.loc 1 139 34 is_stmt 0 view .LVU233
ARM GAS  C:\Users\jisu8\AppData\Local\Temp\ccbp9zPL.s 			page 25


 725 004a 053B     		subs	r3, r3, #5
 726 004c 0593     		str	r3, [sp, #20]
 140:Core/Src/main.c ****   RCC_ClkInitStruct.APB1CLKDivider = RCC_HCLK_DIV1;
 727              		.loc 1 140 3 is_stmt 1 view .LVU234
 140:Core/Src/main.c ****   RCC_ClkInitStruct.APB1CLKDivider = RCC_HCLK_DIV1;
 728              		.loc 1 140 35 is_stmt 0 view .LVU235
 729 004e 0023     		movs	r3, #0
 730 0050 0693     		str	r3, [sp, #24]
 141:Core/Src/main.c **** 
 731              		.loc 1 141 3 is_stmt 1 view .LVU236
 141:Core/Src/main.c **** 
 732              		.loc 1 141 36 is_stmt 0 view .LVU237
 733 0052 0793     		str	r3, [sp, #28]
 143:Core/Src/main.c ****   {
 734              		.loc 1 143 3 is_stmt 1 view .LVU238
 143:Core/Src/main.c ****   {
 735              		.loc 1 143 7 is_stmt 0 view .LVU239
 736 0054 0121     		movs	r1, #1
 737 0056 04A8     		add	r0, sp, #16
 738 0058 FFF7FEFF 		bl	HAL_RCC_ClockConfig
 739              	.LVL29:
 143:Core/Src/main.c ****   {
 740              		.loc 1 143 6 view .LVU240
 741 005c 0028     		cmp	r0, #0
 742 005e 0CD1     		bne	.L32
 147:Core/Src/main.c ****   PeriphClkInit.I2c1ClockSelection = RCC_I2C1CLKSOURCE_HSI;
 743              		.loc 1 147 3 is_stmt 1 view .LVU241
 147:Core/Src/main.c ****   PeriphClkInit.I2c1ClockSelection = RCC_I2C1CLKSOURCE_HSI;
 744              		.loc 1 147 38 is_stmt 0 view .LVU242
 745 0060 2023     		movs	r3, #32
 746 0062 0093     		str	r3, [sp]
 148:Core/Src/main.c ****   if (HAL_RCCEx_PeriphCLKConfig(&PeriphClkInit) != HAL_OK)
 747              		.loc 1 148 3 is_stmt 1 view .LVU243
 148:Core/Src/main.c ****   if (HAL_RCCEx_PeriphCLKConfig(&PeriphClkInit) != HAL_OK)
 748              		.loc 1 148 36 is_stmt 0 view .LVU244
 749 0064 0023     		movs	r3, #0
 750 0066 0393     		str	r3, [sp, #12]
 149:Core/Src/main.c ****   {
 751              		.loc 1 149 3 is_stmt 1 view .LVU245
 149:Core/Src/main.c ****   {
 752              		.loc 1 149 7 is_stmt 0 view .LVU246
 753 0068 6846     		mov	r0, sp
 754 006a FFF7FEFF 		bl	HAL_RCCEx_PeriphCLKConfig
 755              	.LVL30:
 149:Core/Src/main.c ****   {
 756              		.loc 1 149 6 view .LVU247
 757 006e 0028     		cmp	r0, #0
 758 0070 05D1     		bne	.L33
 153:Core/Src/main.c **** 
 759              		.loc 1 153 1 view .LVU248
 760 0072 14B0     		add	sp, sp, #80
 761              		@ sp needed
 762 0074 10BD     		pop	{r4, pc}
 763              	.L31:
 133:Core/Src/main.c ****   }
 764              		.loc 1 133 5 is_stmt 1 view .LVU249
 765 0076 FFF7FEFF 		bl	Error_Handler
ARM GAS  C:\Users\jisu8\AppData\Local\Temp\ccbp9zPL.s 			page 26


 766              	.LVL31:
 767              	.L32:
 145:Core/Src/main.c ****   }
 768              		.loc 1 145 5 view .LVU250
 769 007a FFF7FEFF 		bl	Error_Handler
 770              	.LVL32:
 771              	.L33:
 151:Core/Src/main.c ****   }
 772              		.loc 1 151 5 view .LVU251
 773 007e FFF7FEFF 		bl	Error_Handler
 774              	.LVL33:
 775              		.cfi_endproc
 776              	.LFE41:
 778              		.section	.text.main,"ax",%progbits
 779              		.align	1
 780              		.global	main
 781              		.syntax unified
 782              		.code	16
 783              		.thumb_func
 784              		.fpu softvfp
 786              	main:
 787              	.LFB40:
  63:Core/Src/main.c ****     /* USER CODE BEGIN 1 */
 788              		.loc 1 63 1 view -0
 789              		.cfi_startproc
 790              		@ Volatile: function does not return.
 791              		@ args = 0, pretend = 0, frame = 0
 792              		@ frame_needed = 0, uses_anonymous_args = 0
 793 0000 10B5     		push	{r4, lr}
 794              	.LCFI9:
 795              		.cfi_def_cfa_offset 8
 796              		.cfi_offset 4, -8
 797              		.cfi_offset 14, -4
  71:Core/Src/main.c **** 
 798              		.loc 1 71 5 view .LVU253
 799 0002 FFF7FEFF 		bl	HAL_Init
 800              	.LVL34:
  78:Core/Src/main.c **** 
 801              		.loc 1 78 5 view .LVU254
 802 0006 FFF7FEFF 		bl	SystemClock_Config
 803              	.LVL35:
  85:Core/Src/main.c ****     MX_ADC_Init();
 804              		.loc 1 85 5 view .LVU255
 805 000a FFF7FEFF 		bl	MX_GPIO_Init
 806              	.LVL36:
  86:Core/Src/main.c ****     MX_TIM16_Init();
 807              		.loc 1 86 5 view .LVU256
 808 000e FFF7FEFF 		bl	MX_ADC_Init
 809              	.LVL37:
  87:Core/Src/main.c ****  	MX_I2C1_Init();
 810              		.loc 1 87 5 view .LVU257
 811 0012 FFF7FEFF 		bl	MX_TIM16_Init
 812              	.LVL38:
  88:Core/Src/main.c ****     /* USER CODE BEGIN 2 */
 813              		.loc 1 88 3 view .LVU258
 814 0016 FFF7FEFF 		bl	MX_I2C1_Init
 815              	.LVL39:
ARM GAS  C:\Users\jisu8\AppData\Local\Temp\ccbp9zPL.s 			page 27


  92:Core/Src/main.c ****     /* Infinite loop */
 816              		.loc 1 92 5 view .LVU259
 817 001a 0848     		ldr	r0, .L36
 818 001c FFF7FEFF 		bl	HAL_TIM_Base_Start_IT
 819              	.LVL40:
  94:Core/Src/main.c ****     SSD1306_Init(&hi2c1);
 820              		.loc 1 94 5 view .LVU260
 821 0020 FFF7FEFF 		bl	Os_Init_Task
 822              	.LVL41:
  95:Core/Src/main.c ****     /* USER CODE BEGIN WHILE */
 823              		.loc 1 95 5 view .LVU261
 824 0024 0648     		ldr	r0, .L36+4
 825 0026 FFF7FEFF 		bl	SSD1306_Init
 826              	.LVL42:
 827              	.L35:
  97:Core/Src/main.c ****     {
 828              		.loc 1 97 5 discriminator 1 view .LVU262
 829              	.LBB9:
 100:Core/Src/main.c ****         SSD1306_UpdateScreen();
 830              		.loc 1 100 9 discriminator 1 view .LVU263
 831 002a FFF7FEFF 		bl	SSD1306_ON
 832              	.LVL43:
 101:Core/Src/main.c ****         HAL_Delay(1000);
 833              		.loc 1 101 9 discriminator 1 view .LVU264
 834 002e FFF7FEFF 		bl	SSD1306_UpdateScreen
 835              	.LVL44:
 102:Core/Src/main.c **** 
 836              		.loc 1 102 9 discriminator 1 view .LVU265
 837 0032 FA20     		movs	r0, #250
 838 0034 8000     		lsls	r0, r0, #2
 839 0036 FFF7FEFF 		bl	HAL_Delay
 840              	.LVL45:
 841              	.LBE9:
  97:Core/Src/main.c ****     {
 842              		.loc 1 97 11 discriminator 1 view .LVU266
 843 003a F6E7     		b	.L35
 844              	.L37:
 845              		.align	2
 846              	.L36:
 847 003c 00000000 		.word	htim16
 848 0040 00000000 		.word	.LANCHOR1
 849              		.cfi_endproc
 850              	.LFE40:
 852              		.global	htim16
 853              		.global	hi2c1
 854              		.global	hadc
 855              		.section	.bss.hadc,"aw",%nobits
 856              		.align	2
 857              		.set	.LANCHOR0,. + 0
 860              	hadc:
 861 0000 00000000 		.space	64
 861      00000000 
 861      00000000 
 861      00000000 
 861      00000000 
 862              		.section	.bss.hi2c1,"aw",%nobits
 863              		.align	2
ARM GAS  C:\Users\jisu8\AppData\Local\Temp\ccbp9zPL.s 			page 28


 864              		.set	.LANCHOR1,. + 0
 867              	hi2c1:
 868 0000 00000000 		.space	76
 868      00000000 
 868      00000000 
 868      00000000 
 868      00000000 
 869              		.section	.bss.htim16,"aw",%nobits
 870              		.align	2
 873              	htim16:
 874 0000 00000000 		.space	180
 874      00000000 
 874      00000000 
 874      00000000 
 874      00000000 
 875              		.text
 876              	.Letext0:
 877              		.file 3 "d:\\3.tools\\arm_gcc_toolchain\\20_q4_major\\arm-none-eabi\\include\\machine\\_default_ty
 878              		.file 4 "d:\\3.tools\\arm_gcc_toolchain\\20_q4_major\\arm-none-eabi\\include\\sys\\_stdint.h"
 879              		.file 5 "Drivers/CMSIS/Device/ST/STM32F0xx/Include/stm32f030x6.h"
 880              		.file 6 "Drivers/CMSIS/Device/ST/STM32F0xx/Include/stm32f0xx.h"
 881              		.file 7 "Drivers/STM32F0xx_HAL_Driver/Inc/stm32f0xx_hal_def.h"
 882              		.file 8 "Drivers/STM32F0xx_HAL_Driver/Inc/stm32f0xx_hal_rcc.h"
 883              		.file 9 "Drivers/STM32F0xx_HAL_Driver/Inc/stm32f0xx_hal_rcc_ex.h"
 884              		.file 10 "Drivers/STM32F0xx_HAL_Driver/Inc/stm32f0xx_hal_gpio.h"
 885              		.file 11 "Drivers/STM32F0xx_HAL_Driver/Inc/stm32f0xx_hal_dma.h"
 886              		.file 12 "Drivers/STM32F0xx_HAL_Driver/Inc/stm32f0xx_hal_adc.h"
 887              		.file 13 "Drivers/STM32F0xx_HAL_Driver/Inc/stm32f0xx_hal_i2c.h"
 888              		.file 14 "Drivers/STM32F0xx_HAL_Driver/Inc/stm32f0xx_hal_tim.h"
 889              		.file 15 "Core/Inc/main.h"
 890              		.file 16 "Drivers/STM32F0xx_HAL_Driver/Inc/stm32f0xx_hal_i2c_ex.h"
 891              		.file 17 "Core/Inc/ssd1306.h"
 892              		.file 18 "Drivers/STM32F0xx_HAL_Driver/Inc/stm32f0xx_hal.h"
 893              		.file 19 "<built-in>"
ARM GAS  C:\Users\jisu8\AppData\Local\Temp\ccbp9zPL.s 			page 29


DEFINED SYMBOLS
                            *ABS*:00000000 main.c
C:\Users\jisu8\AppData\Local\Temp\ccbp9zPL.s:16     .text.MX_GPIO_Init:00000000 $t
C:\Users\jisu8\AppData\Local\Temp\ccbp9zPL.s:23     .text.MX_GPIO_Init:00000000 MX_GPIO_Init
C:\Users\jisu8\AppData\Local\Temp\ccbp9zPL.s:298    .text.MX_GPIO_Init:00000128 $d
C:\Users\jisu8\AppData\Local\Temp\ccbp9zPL.s:307    .text.Error_Handler:00000000 $t
C:\Users\jisu8\AppData\Local\Temp\ccbp9zPL.s:314    .text.Error_Handler:00000000 Error_Handler
C:\Users\jisu8\AppData\Local\Temp\ccbp9zPL.s:346    .text.MX_ADC_Init:00000000 $t
C:\Users\jisu8\AppData\Local\Temp\ccbp9zPL.s:352    .text.MX_ADC_Init:00000000 MX_ADC_Init
C:\Users\jisu8\AppData\Local\Temp\ccbp9zPL.s:468    .text.MX_ADC_Init:0000006c $d
C:\Users\jisu8\AppData\Local\Temp\ccbp9zPL.s:474    .text.MX_TIM16_Init:00000000 $t
C:\Users\jisu8\AppData\Local\Temp\ccbp9zPL.s:480    .text.MX_TIM16_Init:00000000 MX_TIM16_Init
C:\Users\jisu8\AppData\Local\Temp\ccbp9zPL.s:534    .text.MX_TIM16_Init:00000028 $d
C:\Users\jisu8\AppData\Local\Temp\ccbp9zPL.s:873    .bss.htim16:00000000 htim16
C:\Users\jisu8\AppData\Local\Temp\ccbp9zPL.s:541    .text.MX_I2C1_Init:00000000 $t
C:\Users\jisu8\AppData\Local\Temp\ccbp9zPL.s:547    .text.MX_I2C1_Init:00000000 MX_I2C1_Init
C:\Users\jisu8\AppData\Local\Temp\ccbp9zPL.s:633    .text.MX_I2C1_Init:0000004c $d
C:\Users\jisu8\AppData\Local\Temp\ccbp9zPL.s:640    .text.SystemClock_Config:00000000 $t
C:\Users\jisu8\AppData\Local\Temp\ccbp9zPL.s:647    .text.SystemClock_Config:00000000 SystemClock_Config
C:\Users\jisu8\AppData\Local\Temp\ccbp9zPL.s:779    .text.main:00000000 $t
C:\Users\jisu8\AppData\Local\Temp\ccbp9zPL.s:786    .text.main:00000000 main
C:\Users\jisu8\AppData\Local\Temp\ccbp9zPL.s:847    .text.main:0000003c $d
C:\Users\jisu8\AppData\Local\Temp\ccbp9zPL.s:867    .bss.hi2c1:00000000 hi2c1
C:\Users\jisu8\AppData\Local\Temp\ccbp9zPL.s:860    .bss.hadc:00000000 hadc
C:\Users\jisu8\AppData\Local\Temp\ccbp9zPL.s:856    .bss.hadc:00000000 $d
C:\Users\jisu8\AppData\Local\Temp\ccbp9zPL.s:863    .bss.hi2c1:00000000 $d
C:\Users\jisu8\AppData\Local\Temp\ccbp9zPL.s:870    .bss.htim16:00000000 $d

UNDEFINED SYMBOLS
memset
HAL_GPIO_WritePin
HAL_GPIO_Init
HAL_ADC_Init
HAL_ADC_ConfigChannel
HAL_TIM_Base_Init
HAL_I2C_Init
HAL_I2CEx_ConfigAnalogFilter
HAL_I2CEx_ConfigDigitalFilter
HAL_RCC_OscConfig
HAL_RCC_ClockConfig
HAL_RCCEx_PeriphCLKConfig
HAL_Init
HAL_TIM_Base_Start_IT
Os_Init_Task
SSD1306_Init
SSD1306_ON
SSD1306_UpdateScreen
HAL_Delay
