ARM GAS  C:\Users\jisu8\AppData\Local\Temp\cc4d3k2b.s 			page 1


   1              		.cpu cortex-m0
   2              		.eabi_attribute 20, 1
   3              		.eabi_attribute 21, 1
   4              		.eabi_attribute 23, 3
   5              		.eabi_attribute 24, 1
   6              		.eabi_attribute 25, 1
   7              		.eabi_attribute 26, 1
   8              		.eabi_attribute 30, 1
   9              		.eabi_attribute 34, 0
  10              		.eabi_attribute 18, 4
  11              		.file	"Os.c"
  12              		.text
  13              	.Ltext0:
  14              		.cfi_sections	.debug_frame
  15              		.section	.text.Os_1ms_Task,"ax",%progbits
  16              		.align	1
  17              		.arch armv6s-m
  18              		.syntax unified
  19              		.code	16
  20              		.thumb_func
  21              		.fpu softvfp
  23              	Os_1ms_Task:
  24              	.LFB41:
  25              		.file 1 "Core/Src/Os.c"
   1:Core/Src/Os.c **** #include "os.h"
   2:Core/Src/Os.c **** #include "led.h"
   3:Core/Src/Os.c **** #include "pwm.h"
   4:Core/Src/Os.c **** #include "switch.h"
   5:Core/Src/Os.c **** 
   6:Core/Src/Os.c **** Os_Var_t Os_Var;
   7:Core/Src/Os.c **** 
   8:Core/Src/Os.c **** static void Os_Calc_Period(uint8 idx);
   9:Core/Src/Os.c **** static void Os_Calc_Runtime_Start(uint8 idx);
  10:Core/Src/Os.c **** static void Os_Calc_Runtime_Stop(uint8 idx);
  11:Core/Src/Os.c **** static void Os_1ms_Task(void);
  12:Core/Src/Os.c **** static void Os_10ms_Task(void);
  13:Core/Src/Os.c **** static void Os_100ms_Task(void);
  14:Core/Src/Os.c **** static void Os_Background_Task(void);
  15:Core/Src/Os.c **** 
  16:Core/Src/Os.c **** void Os_Init_Task(void)
  17:Core/Src/Os.c **** {
  18:Core/Src/Os.c **** 
  19:Core/Src/Os.c **** }
  20:Core/Src/Os.c **** static void Os_1ms_Task(void)
  21:Core/Src/Os.c **** {
  26              		.loc 1 21 1 view -0
  27              		.cfi_startproc
  28              		@ args = 0, pretend = 0, frame = 0
  29              		@ frame_needed = 0, uses_anonymous_args = 0
  30              		@ link register save eliminated.
  22:Core/Src/Os.c **** 
  23:Core/Src/Os.c **** }
  31              		.loc 1 23 1 view .LVU1
  32              		@ sp needed
  33 0000 7047     		bx	lr
  34              		.cfi_endproc
  35              	.LFE41:
ARM GAS  C:\Users\jisu8\AppData\Local\Temp\cc4d3k2b.s 			page 2


  37              		.section	.text.Os_100ms_Task,"ax",%progbits
  38              		.align	1
  39              		.syntax unified
  40              		.code	16
  41              		.thumb_func
  42              		.fpu softvfp
  44              	Os_100ms_Task:
  45              	.LFB43:
  24:Core/Src/Os.c **** 
  25:Core/Src/Os.c **** static void Os_10ms_Task(void)
  26:Core/Src/Os.c **** {
  27:Core/Src/Os.c **** 	Pwm_Output();
  28:Core/Src/Os.c **** 	Switch_Control();
  29:Core/Src/Os.c **** 	Temp_Read();
  30:Core/Src/Os.c **** }
  31:Core/Src/Os.c **** 
  32:Core/Src/Os.c **** static void Os_100ms_Task(void)
  33:Core/Src/Os.c **** {
  46              		.loc 1 33 1 view -0
  47              		.cfi_startproc
  48              		@ args = 0, pretend = 0, frame = 0
  49              		@ frame_needed = 0, uses_anonymous_args = 0
  50 0000 10B5     		push	{r4, lr}
  51              	.LCFI0:
  52              		.cfi_def_cfa_offset 8
  53              		.cfi_offset 4, -8
  54              		.cfi_offset 14, -4
  34:Core/Src/Os.c **** 	LED_Control();
  55              		.loc 1 34 2 view .LVU3
  56 0002 FFF7FEFF 		bl	LED_Control
  57              	.LVL0:
  35:Core/Src/Os.c **** }
  58              		.loc 1 35 1 is_stmt 0 view .LVU4
  59              		@ sp needed
  60 0006 10BD     		pop	{r4, pc}
  61              		.cfi_endproc
  62              	.LFE43:
  64              		.section	.text.Os_10ms_Task,"ax",%progbits
  65              		.align	1
  66              		.syntax unified
  67              		.code	16
  68              		.thumb_func
  69              		.fpu softvfp
  71              	Os_10ms_Task:
  72              	.LFB42:
  26:Core/Src/Os.c **** 	Pwm_Output();
  73              		.loc 1 26 1 is_stmt 1 view -0
  74              		.cfi_startproc
  75              		@ args = 0, pretend = 0, frame = 0
  76              		@ frame_needed = 0, uses_anonymous_args = 0
  77 0000 10B5     		push	{r4, lr}
  78              	.LCFI1:
  79              		.cfi_def_cfa_offset 8
  80              		.cfi_offset 4, -8
  81              		.cfi_offset 14, -4
  27:Core/Src/Os.c **** 	Switch_Control();
  82              		.loc 1 27 2 view .LVU6
ARM GAS  C:\Users\jisu8\AppData\Local\Temp\cc4d3k2b.s 			page 3


  83 0002 FFF7FEFF 		bl	Pwm_Output
  84              	.LVL1:
  28:Core/Src/Os.c **** 	Temp_Read();
  85              		.loc 1 28 2 view .LVU7
  86 0006 FFF7FEFF 		bl	Switch_Control
  87              	.LVL2:
  29:Core/Src/Os.c **** }
  88              		.loc 1 29 2 view .LVU8
  89 000a FFF7FEFF 		bl	Temp_Read
  90              	.LVL3:
  30:Core/Src/Os.c **** 
  91              		.loc 1 30 1 is_stmt 0 view .LVU9
  92              		@ sp needed
  93 000e 10BD     		pop	{r4, pc}
  94              		.cfi_endproc
  95              	.LFE42:
  97              		.section	.text.Os_Init_Task,"ax",%progbits
  98              		.align	1
  99              		.global	Os_Init_Task
 100              		.syntax unified
 101              		.code	16
 102              		.thumb_func
 103              		.fpu softvfp
 105              	Os_Init_Task:
 106              	.LFB40:
  17:Core/Src/Os.c **** 
 107              		.loc 1 17 1 is_stmt 1 view -0
 108              		.cfi_startproc
 109              		@ args = 0, pretend = 0, frame = 0
 110              		@ frame_needed = 0, uses_anonymous_args = 0
 111              		@ link register save eliminated.
  19:Core/Src/Os.c **** static void Os_1ms_Task(void)
 112              		.loc 1 19 1 view .LVU11
 113              		@ sp needed
 114 0000 7047     		bx	lr
 115              		.cfi_endproc
 116              	.LFE40:
 118              		.section	.text.Os_Time_Handler,"ax",%progbits
 119              		.align	1
 120              		.global	Os_Time_Handler
 121              		.syntax unified
 122              		.code	16
 123              		.thumb_func
 124              		.fpu softvfp
 126              	Os_Time_Handler:
 127              	.LFB45:
  36:Core/Src/Os.c **** 
  37:Core/Src/Os.c **** static void Os_Background_Task(void)
  38:Core/Src/Os.c **** {
  39:Core/Src/Os.c **** 
  40:Core/Src/Os.c **** }
  41:Core/Src/Os.c **** 
  42:Core/Src/Os.c **** void Os_Time_Handler(void)
  43:Core/Src/Os.c **** {
 128              		.loc 1 43 1 view -0
 129              		.cfi_startproc
 130              		@ args = 0, pretend = 0, frame = 0
ARM GAS  C:\Users\jisu8\AppData\Local\Temp\cc4d3k2b.s 			page 4


 131              		@ frame_needed = 0, uses_anonymous_args = 0
 132              		@ link register save eliminated.
  44:Core/Src/Os.c **** 	Os_Var.Os_Counter.Os_100us_Counter++;
 133              		.loc 1 44 2 view .LVU13
 134              		.loc 1 44 19 is_stmt 0 view .LVU14
 135 0000 024A     		ldr	r2, .L6
 136              		.loc 1 44 36 view .LVU15
 137 0002 1368     		ldr	r3, [r2]
 138 0004 0133     		adds	r3, r3, #1
 139 0006 1360     		str	r3, [r2]
  45:Core/Src/Os.c **** }
 140              		.loc 1 45 1 view .LVU16
 141              		@ sp needed
 142 0008 7047     		bx	lr
 143              	.L7:
 144 000a C046     		.align	2
 145              	.L6:
 146 000c 00000000 		.word	.LANCHOR0
 147              		.cfi_endproc
 148              	.LFE45:
 150              		.section	.text.Os_Get_Tick_100us,"ax",%progbits
 151              		.align	1
 152              		.global	Os_Get_Tick_100us
 153              		.syntax unified
 154              		.code	16
 155              		.thumb_func
 156              		.fpu softvfp
 158              	Os_Get_Tick_100us:
 159              	.LFB49:
  46:Core/Src/Os.c **** 
  47:Core/Src/Os.c **** void Os_Handler(void)
  48:Core/Src/Os.c **** {
  49:Core/Src/Os.c **** 	void(*fp)(void);
  50:Core/Src/Os.c ****     if(Os_Var.Os_Task_Flag.Os_100ms_Flag == 1)
  51:Core/Src/Os.c **** 	{
  52:Core/Src/Os.c **** 		fp = Os_100ms_Task;
  53:Core/Src/Os.c **** 		Os_Var.Os_Task_Add.Os_100ms_Address = fp;
  54:Core/Src/Os.c **** 		Os_Var.Os_Task_Flag.Os_100ms_Flag = 0;
  55:Core/Src/Os.c **** 		Os_Calc_Runtime_Start(OS_TASK_INDEX_100MS);
  56:Core/Src/Os.c **** 		(void)Os_100ms_Task();
  57:Core/Src/Os.c **** 		Os_Calc_Runtime_Stop(OS_TASK_INDEX_100MS);
  58:Core/Src/Os.c **** 		Os_Calc_Period(OS_TASK_INDEX_100MS);
  59:Core/Src/Os.c **** 	}
  60:Core/Src/Os.c **** 	else
  61:Core/Src/Os.c **** 	{
  62:Core/Src/Os.c **** 		Os_Calc_Runtime_Start(OS_TASK_INDEX_BG);
  63:Core/Src/Os.c **** 		(void)Os_Background_Task();
  64:Core/Src/Os.c **** 		Os_Calc_Runtime_Stop(OS_TASK_INDEX_BG);
  65:Core/Src/Os.c **** 		Os_Calc_Period(OS_TASK_INDEX_BG);
  66:Core/Src/Os.c **** 	}
  67:Core/Src/Os.c **** 
  68:Core/Src/Os.c ****     return;
  69:Core/Src/Os.c **** }
  70:Core/Src/Os.c **** 
  71:Core/Src/Os.c **** void Os_Handler_1ms(void)
  72:Core/Src/Os.c **** {
  73:Core/Src/Os.c **** 	if(Os_Var.Os_Counter.Os_1ms_Counter % 1 == 0)
ARM GAS  C:\Users\jisu8\AppData\Local\Temp\cc4d3k2b.s 			page 5


  74:Core/Src/Os.c **** 	{
  75:Core/Src/Os.c **** 		Os_Var.Os_Counter.Os_1ms_Counter++;
  76:Core/Src/Os.c **** 		Os_Var.Os_Task_Flag.Os_1ms_Flag = 1;
  77:Core/Src/Os.c **** 	}
  78:Core/Src/Os.c **** 
  79:Core/Src/Os.c **** 	if(Os_Var.Os_Counter.Os_1ms_Counter % 100 == 0)
  80:Core/Src/Os.c **** 	{
  81:Core/Src/Os.c **** 		Os_Var.Os_Counter.Os_100ms_Counter++;
  82:Core/Src/Os.c **** 		Os_Var.Os_Task_Flag.Os_100ms_Flag = 1;
  83:Core/Src/Os.c **** 	}
  84:Core/Src/Os.c **** 	void(*fp)(void);
  85:Core/Src/Os.c **** 	if(Os_Var.Os_Task_Flag.Os_1ms_Flag == 1)
  86:Core/Src/Os.c **** 	{
  87:Core/Src/Os.c **** 		fp = Os_1ms_Task;
  88:Core/Src/Os.c **** 		Os_Var.Os_Task_Add.Os_1ms_Address = fp;
  89:Core/Src/Os.c **** 		Os_Var.Os_Task_Flag.Os_1ms_Flag = 0;
  90:Core/Src/Os.c **** 		Os_Calc_Runtime_Start(OS_TASK_INDEX_1MS);
  91:Core/Src/Os.c **** 		(void)Os_1ms_Task();
  92:Core/Src/Os.c **** 		Os_Calc_Runtime_Stop(OS_TASK_INDEX_1MS);
  93:Core/Src/Os.c **** 		Os_Calc_Period(OS_TASK_INDEX_1MS);
  94:Core/Src/Os.c **** 	}
  95:Core/Src/Os.c **** }
  96:Core/Src/Os.c **** 
  97:Core/Src/Os.c **** void Os_Handler_10ms(void)
  98:Core/Src/Os.c **** {
  99:Core/Src/Os.c **** 	Os_Var.Os_Counter.Os_10ms_Counter++;
 100:Core/Src/Os.c **** 	Os_Var.Os_Task_Flag.Os_10ms_Flag = 1;
 101:Core/Src/Os.c **** 	void(*fp)(void);
 102:Core/Src/Os.c **** 	if(Os_Var.Os_Task_Flag.Os_10ms_Flag == 1)
 103:Core/Src/Os.c **** 	{
 104:Core/Src/Os.c **** 		fp = Os_10ms_Task;
 105:Core/Src/Os.c **** 		Os_Var.Os_Task_Add.Os_10ms_Address = fp;
 106:Core/Src/Os.c **** 		Os_Var.Os_Task_Flag.Os_10ms_Flag = 0;
 107:Core/Src/Os.c **** 		Os_Calc_Runtime_Start(OS_TASK_INDEX_10MS);
 108:Core/Src/Os.c **** 		(void)Os_10ms_Task();
 109:Core/Src/Os.c **** 		Os_Calc_Runtime_Stop(OS_TASK_INDEX_10MS);
 110:Core/Src/Os.c **** 		Os_Calc_Period(OS_TASK_INDEX_10MS);
 111:Core/Src/Os.c **** 	}
 112:Core/Src/Os.c **** }
 113:Core/Src/Os.c **** 
 114:Core/Src/Os.c **** uint32 Os_Get_Tick_100us(void)
 115:Core/Src/Os.c **** {
 160              		.loc 1 115 1 is_stmt 1 view -0
 161              		.cfi_startproc
 162              		@ args = 0, pretend = 0, frame = 0
 163              		@ frame_needed = 0, uses_anonymous_args = 0
 164              		@ link register save eliminated.
 116:Core/Src/Os.c **** 	return Os_Var.Os_Counter.Os_100us_Counter;
 165              		.loc 1 116 2 view .LVU18
 166              		.loc 1 116 26 is_stmt 0 view .LVU19
 167 0000 014B     		ldr	r3, .L9
 168 0002 1868     		ldr	r0, [r3]
 117:Core/Src/Os.c **** }
 169              		.loc 1 117 1 view .LVU20
 170              		@ sp needed
 171 0004 7047     		bx	lr
 172              	.L10:
ARM GAS  C:\Users\jisu8\AppData\Local\Temp\cc4d3k2b.s 			page 6


 173 0006 C046     		.align	2
 174              	.L9:
 175 0008 00000000 		.word	.LANCHOR0
 176              		.cfi_endproc
 177              	.LFE49:
 179              		.section	.text.Os_Calc_Runtime_Start,"ax",%progbits
 180              		.align	1
 181              		.syntax unified
 182              		.code	16
 183              		.thumb_func
 184              		.fpu softvfp
 186              	Os_Calc_Runtime_Start:
 187              	.LVL4:
 188              	.LFB51:
 118:Core/Src/Os.c **** 
 119:Core/Src/Os.c **** static void Os_Calc_Period(uint8 idx)
 120:Core/Src/Os.c **** {
 121:Core/Src/Os.c **** 	uint32 OS_TimeLoc=0;
 122:Core/Src/Os.c **** 	uint32 OS_TimeOldLoc=0;
 123:Core/Src/Os.c **** 	uint32 Os_TimeDiffLoc=0;
 124:Core/Src/Os.c **** 
 125:Core/Src/Os.c **** 	OS_TimeLoc = Os_Get_Tick_100us();
 126:Core/Src/Os.c **** 
 127:Core/Src/Os.c **** 	switch(idx)
 128:Core/Src/Os.c **** 	{
 129:Core/Src/Os.c **** 		case OS_TASK_INDEX_1MS : 
 130:Core/Src/Os.c **** 			OS_TimeOldLoc = Os_Var.Os_Tick_Period.Os_1ms_Tick_Period;
 131:Core/Src/Os.c **** 		break;
 132:Core/Src/Os.c **** 		case OS_TASK_INDEX_10MS : 
 133:Core/Src/Os.c **** 			OS_TimeOldLoc = Os_Var.Os_Tick_Period.Os_10ms_Tick_Period;
 134:Core/Src/Os.c **** 		break;
 135:Core/Src/Os.c **** 		case OS_TASK_INDEX_100MS : 
 136:Core/Src/Os.c **** 			OS_TimeOldLoc = Os_Var.Os_Tick_Period.Os_100ms_Tick_Period;
 137:Core/Src/Os.c **** 		break;
 138:Core/Src/Os.c **** 	}
 139:Core/Src/Os.c **** 
 140:Core/Src/Os.c **** 	Os_TimeDiffLoc = OS_TimeLoc - OS_TimeOldLoc;
 141:Core/Src/Os.c **** 	OS_TimeOldLoc = OS_TimeLoc;
 142:Core/Src/Os.c **** 	
 143:Core/Src/Os.c **** 	switch(idx)
 144:Core/Src/Os.c **** 	{
 145:Core/Src/Os.c **** 		case OS_TASK_INDEX_1MS : 
 146:Core/Src/Os.c **** 			Os_Var.Os_Period.Os_1ms_Period = Os_TimeDiffLoc;
 147:Core/Src/Os.c **** 			Os_Var.Os_Tick_Period.Os_1ms_Tick_Period = OS_TimeOldLoc;
 148:Core/Src/Os.c **** 		break;
 149:Core/Src/Os.c **** 		case OS_TASK_INDEX_10MS : 
 150:Core/Src/Os.c **** 			Os_Var.Os_Period.Os_10ms_Period = Os_TimeDiffLoc;
 151:Core/Src/Os.c **** 			Os_Var.Os_Tick_Period.Os_10ms_Tick_Period = OS_TimeOldLoc;
 152:Core/Src/Os.c **** 		break;
 153:Core/Src/Os.c **** 		case OS_TASK_INDEX_100MS : 
 154:Core/Src/Os.c **** 			Os_Var.Os_Period.Os_100ms_Period = Os_TimeDiffLoc;
 155:Core/Src/Os.c **** 			Os_Var.Os_Tick_Period.Os_100ms_Tick_Period = OS_TimeOldLoc;
 156:Core/Src/Os.c **** 		break;
 157:Core/Src/Os.c **** 	}
 158:Core/Src/Os.c **** 	
 159:Core/Src/Os.c **** 	return;
 160:Core/Src/Os.c **** }
ARM GAS  C:\Users\jisu8\AppData\Local\Temp\cc4d3k2b.s 			page 7


 161:Core/Src/Os.c **** 
 162:Core/Src/Os.c **** static void Os_Calc_Runtime_Start(uint8 idx)
 163:Core/Src/Os.c **** {
 189              		.loc 1 163 1 is_stmt 1 view -0
 190              		.cfi_startproc
 191              		@ args = 0, pretend = 0, frame = 0
 192              		@ frame_needed = 0, uses_anonymous_args = 0
 193              		.loc 1 163 1 is_stmt 0 view .LVU22
 194 0000 10B5     		push	{r4, lr}
 195              	.LCFI2:
 196              		.cfi_def_cfa_offset 8
 197              		.cfi_offset 4, -8
 198              		.cfi_offset 14, -4
 199 0002 0400     		movs	r4, r0
 164:Core/Src/Os.c **** 	uint32 OS_TimeLoc=0;
 200              		.loc 1 164 2 is_stmt 1 view .LVU23
 201              	.LVL5:
 165:Core/Src/Os.c **** 
 166:Core/Src/Os.c **** 	OS_TimeLoc = Os_Get_Tick_100us();
 202              		.loc 1 166 2 view .LVU24
 203              		.loc 1 166 15 is_stmt 0 view .LVU25
 204 0004 FFF7FEFF 		bl	Os_Get_Tick_100us
 205              	.LVL6:
 167:Core/Src/Os.c **** 
 168:Core/Src/Os.c **** 	switch(idx)
 206              		.loc 1 168 2 is_stmt 1 view .LVU26
 207 0008 022C     		cmp	r4, #2
 208 000a 07D0     		beq	.L12
 209 000c 032C     		cmp	r4, #3
 210 000e 08D0     		beq	.L13
 211 0010 012C     		cmp	r4, #1
 212 0012 00D0     		beq	.L15
 213              	.L11:
 169:Core/Src/Os.c **** 	{
 170:Core/Src/Os.c **** 		case OS_TASK_INDEX_1MS : 
 171:Core/Src/Os.c **** 			Os_Var.Os_Tick_Runtime.Os_1ms_Tick_Runtime_Start = OS_TimeLoc;
 172:Core/Src/Os.c **** 		break;
 173:Core/Src/Os.c **** 		case OS_TASK_INDEX_10MS : 
 174:Core/Src/Os.c **** 			Os_Var.Os_Tick_Runtime.Os_10ms_Tick_Runtime_Start = OS_TimeLoc;
 175:Core/Src/Os.c **** 		break;
 176:Core/Src/Os.c **** 		case OS_TASK_INDEX_100MS : 
 177:Core/Src/Os.c **** 			Os_Var.Os_Tick_Runtime.Os_100ms_Tick_Runtime_Start = OS_TimeLoc;
 178:Core/Src/Os.c **** 		break;
 179:Core/Src/Os.c **** 	}
 180:Core/Src/Os.c **** 
 181:Core/Src/Os.c **** 	return;
 182:Core/Src/Os.c **** }
 214              		.loc 1 182 1 is_stmt 0 view .LVU27
 215              		@ sp needed
 216 0014 10BD     		pop	{r4, pc}
 217              	.L15:
 171:Core/Src/Os.c **** 		break;
 218              		.loc 1 171 4 is_stmt 1 view .LVU28
 171:Core/Src/Os.c **** 		break;
 219              		.loc 1 171 53 is_stmt 0 view .LVU29
 220 0016 044B     		ldr	r3, .L16
 221 0018 1861     		str	r0, [r3, #16]
ARM GAS  C:\Users\jisu8\AppData\Local\Temp\cc4d3k2b.s 			page 8


 172:Core/Src/Os.c **** 		case OS_TASK_INDEX_10MS : 
 222              		.loc 1 172 3 is_stmt 1 view .LVU30
 223 001a FBE7     		b	.L11
 224              	.L12:
 174:Core/Src/Os.c **** 		break;
 225              		.loc 1 174 4 view .LVU31
 174:Core/Src/Os.c **** 		break;
 226              		.loc 1 174 54 is_stmt 0 view .LVU32
 227 001c 024B     		ldr	r3, .L16
 228 001e 9861     		str	r0, [r3, #24]
 175:Core/Src/Os.c **** 		case OS_TASK_INDEX_100MS : 
 229              		.loc 1 175 3 is_stmt 1 view .LVU33
 230 0020 F8E7     		b	.L11
 231              	.L13:
 177:Core/Src/Os.c **** 		break;
 232              		.loc 1 177 4 view .LVU34
 177:Core/Src/Os.c **** 		break;
 233              		.loc 1 177 55 is_stmt 0 view .LVU35
 234 0022 014B     		ldr	r3, .L16
 235 0024 1862     		str	r0, [r3, #32]
 178:Core/Src/Os.c **** 	}
 236              		.loc 1 178 3 is_stmt 1 view .LVU36
 181:Core/Src/Os.c **** }
 237              		.loc 1 181 2 view .LVU37
 238 0026 F5E7     		b	.L11
 239              	.L17:
 240              		.align	2
 241              	.L16:
 242 0028 00000000 		.word	.LANCHOR0
 243              		.cfi_endproc
 244              	.LFE51:
 246              		.section	.text.Os_Calc_Runtime_Stop,"ax",%progbits
 247              		.align	1
 248              		.syntax unified
 249              		.code	16
 250              		.thumb_func
 251              		.fpu softvfp
 253              	Os_Calc_Runtime_Stop:
 254              	.LVL7:
 255              	.LFB52:
 183:Core/Src/Os.c **** 
 184:Core/Src/Os.c **** static void Os_Calc_Runtime_Stop(uint8 idx)
 185:Core/Src/Os.c **** {
 256              		.loc 1 185 1 view -0
 257              		.cfi_startproc
 258              		@ args = 0, pretend = 0, frame = 0
 259              		@ frame_needed = 0, uses_anonymous_args = 0
 260              		.loc 1 185 1 is_stmt 0 view .LVU39
 261 0000 10B5     		push	{r4, lr}
 262              	.LCFI3:
 263              		.cfi_def_cfa_offset 8
 264              		.cfi_offset 4, -8
 265              		.cfi_offset 14, -4
 266 0002 0400     		movs	r4, r0
 186:Core/Src/Os.c **** 	uint32 OS_TimeLoc=0;
 267              		.loc 1 186 2 is_stmt 1 view .LVU40
 268              	.LVL8:
ARM GAS  C:\Users\jisu8\AppData\Local\Temp\cc4d3k2b.s 			page 9


 187:Core/Src/Os.c **** 	uint32 OS_TimeOldLoc=0;
 269              		.loc 1 187 2 view .LVU41
 188:Core/Src/Os.c **** 	uint32 Os_TimeDiffLoc=0;
 270              		.loc 1 188 2 view .LVU42
 189:Core/Src/Os.c **** 
 190:Core/Src/Os.c **** 	OS_TimeLoc = Os_Get_Tick_100us();
 271              		.loc 1 190 2 view .LVU43
 272              		.loc 1 190 15 is_stmt 0 view .LVU44
 273 0004 FFF7FEFF 		bl	Os_Get_Tick_100us
 274              	.LVL9:
 191:Core/Src/Os.c **** 
 192:Core/Src/Os.c **** 	switch(idx)
 275              		.loc 1 192 2 is_stmt 1 view .LVU45
 276 0008 022C     		cmp	r4, #2
 277 000a 0FD0     		beq	.L19
 278 000c 032C     		cmp	r4, #3
 279 000e 10D0     		beq	.L20
 280 0010 012C     		cmp	r4, #1
 281 0012 08D0     		beq	.L26
 282 0014 0023     		movs	r3, #0
 283              	.LVL10:
 284              	.L21:
 193:Core/Src/Os.c **** 	{
 194:Core/Src/Os.c **** 		case OS_TASK_INDEX_1MS : 
 195:Core/Src/Os.c **** 			OS_TimeOldLoc = Os_Var.Os_Tick_Runtime.Os_1ms_Tick_Runtime_Start;
 196:Core/Src/Os.c **** 		break;
 197:Core/Src/Os.c **** 		case OS_TASK_INDEX_10MS : 
 198:Core/Src/Os.c **** 			OS_TimeOldLoc = Os_Var.Os_Tick_Runtime.Os_10ms_Tick_Runtime_Start;
 199:Core/Src/Os.c **** 		break;
 200:Core/Src/Os.c **** 		case OS_TASK_INDEX_100MS : 
 201:Core/Src/Os.c **** 			OS_TimeOldLoc = Os_Var.Os_Tick_Runtime.Os_100ms_Tick_Runtime_Start;
 202:Core/Src/Os.c **** 		break;
 203:Core/Src/Os.c **** 	}
 204:Core/Src/Os.c **** 
 205:Core/Src/Os.c **** 	Os_TimeDiffLoc = OS_TimeLoc - OS_TimeOldLoc;
 285              		.loc 1 205 2 view .LVU46
 286              		.loc 1 205 17 is_stmt 0 view .LVU47
 287 0016 C31A     		subs	r3, r0, r3
 288              	.LVL11:
 206:Core/Src/Os.c **** 
 207:Core/Src/Os.c **** 	switch(idx)
 289              		.loc 1 207 2 is_stmt 1 view .LVU48
 290 0018 022C     		cmp	r4, #2
 291 001a 11D0     		beq	.L22
 292 001c 032C     		cmp	r4, #3
 293 001e 13D0     		beq	.L23
 294 0020 012C     		cmp	r4, #1
 295 0022 09D0     		beq	.L27
 296              	.L18:
 208:Core/Src/Os.c **** 	{
 209:Core/Src/Os.c **** 		case OS_TASK_INDEX_1MS : 
 210:Core/Src/Os.c **** 			Os_Var.Os_Runtime.Os_1ms_Runtime = Os_TimeDiffLoc;
 211:Core/Src/Os.c **** 			Os_Var.Os_Tick_Runtime.Os_1ms_Tick_Runtime_Stop = OS_TimeLoc;
 212:Core/Src/Os.c **** 		break;
 213:Core/Src/Os.c **** 		case OS_TASK_INDEX_10MS : 
 214:Core/Src/Os.c **** 			Os_Var.Os_Runtime.Os_10ms_Runtime = Os_TimeDiffLoc;
 215:Core/Src/Os.c **** 			Os_Var.Os_Tick_Runtime.Os_10ms_Tick_Runtime_Stop = OS_TimeLoc;
ARM GAS  C:\Users\jisu8\AppData\Local\Temp\cc4d3k2b.s 			page 10


 216:Core/Src/Os.c **** 		break;
 217:Core/Src/Os.c **** 		case OS_TASK_INDEX_100MS : 
 218:Core/Src/Os.c **** 			Os_Var.Os_Runtime.Os_100ms_Runtime = Os_TimeDiffLoc;
 219:Core/Src/Os.c **** 			Os_Var.Os_Tick_Runtime.Os_100ms_Tick_Runtime_Stop = OS_TimeLoc;
 220:Core/Src/Os.c **** 		break;
 221:Core/Src/Os.c **** 	}
 222:Core/Src/Os.c **** 
 223:Core/Src/Os.c **** 	return;
 224:Core/Src/Os.c **** }...
 297              		.loc 1 224 1 is_stmt 0 view .LVU49
 298              		@ sp needed
 299 0024 10BD     		pop	{r4, pc}
 300              	.LVL12:
 301              	.L26:
 195:Core/Src/Os.c **** 			OS_TimeOldLoc = Os_Var.Os_Tick_Runtime.Os_1ms_Tick_Runtime_Start;
 302              		.loc 1 195 4 is_stmt 1 view .LVU50
 195:Core/Src/Os.c **** 			OS_TimeOldLoc = Os_Var.Os_Tick_Runtime.Os_1ms_Tick_Runtime_Start;
 303              		.loc 1 195 18 is_stmt 0 view .LVU51
 304 0026 0A4B     		ldr	r3, .L28
 305 0028 1B69     		ldr	r3, [r3, #16]
 306              	.LVL13:
 196:Core/Src/Os.c **** 		break;
 307              		.loc 1 196 3 is_stmt 1 view .LVU52
 308 002a F4E7     		b	.L21
 309              	.LVL14:
 310              	.L19:
 198:Core/Src/Os.c **** 			OS_TimeOldLoc = Os_Var.Os_Tick_Runtime.Os_10ms_Tick_Runtime_Start;
 311              		.loc 1 198 4 view .LVU53
 198:Core/Src/Os.c **** 			OS_TimeOldLoc = Os_Var.Os_Tick_Runtime.Os_10ms_Tick_Runtime_Start;
 312              		.loc 1 198 18 is_stmt 0 view .LVU54
 313 002c 084B     		ldr	r3, .L28
 314 002e 9B69     		ldr	r3, [r3, #24]
 315              	.LVL15:
 199:Core/Src/Os.c **** 		break;
 316              		.loc 1 199 3 is_stmt 1 view .LVU55
 317 0030 F1E7     		b	.L21
 318              	.LVL16:
 319              	.L20:
 201:Core/Src/Os.c **** 			OS_TimeOldLoc = Os_Var.Os_Tick_Runtime.Os_100ms_Tick_Runtime_Start;
 320              		.loc 1 201 4 view .LVU56
 201:Core/Src/Os.c **** 			OS_TimeOldLoc = Os_Var.Os_Tick_Runtime.Os_100ms_Tick_Runtime_Start;
 321              		.loc 1 201 18 is_stmt 0 view .LVU57
 322 0032 074B     		ldr	r3, .L28
 323 0034 1B6A     		ldr	r3, [r3, #32]
 324              	.LVL17:
 202:Core/Src/Os.c **** 		break;
 325              		.loc 1 202 3 is_stmt 1 view .LVU58
 326 0036 EEE7     		b	.L21
 327              	.LVL18:
 328              	.L27:
 210:Core/Src/Os.c **** 			Os_Var.Os_Runtime.Os_1ms_Runtime = Os_TimeDiffLoc;
 329              		.loc 1 210 4 view .LVU59
 210:Core/Src/Os.c **** 			Os_Var.Os_Runtime.Os_1ms_Runtime = Os_TimeDiffLoc;
 330              		.loc 1 210 37 is_stmt 0 view .LVU60
 331 0038 054A     		ldr	r2, .L28
 332 003a 5363     		str	r3, [r2, #52]
 211:Core/Src/Os.c **** 			Os_Var.Os_Tick_Runtime.Os_1ms_Tick_Runtime_Stop = OS_TimeLoc;
ARM GAS  C:\Users\jisu8\AppData\Local\Temp\cc4d3k2b.s 			page 11


 333              		.loc 1 211 4 is_stmt 1 view .LVU61
 211:Core/Src/Os.c **** 			Os_Var.Os_Tick_Runtime.Os_1ms_Tick_Runtime_Stop = OS_TimeLoc;
 334              		.loc 1 211 52 is_stmt 0 view .LVU62
 335 003c 5061     		str	r0, [r2, #20]
 212:Core/Src/Os.c **** 		break;
 336              		.loc 1 212 3 is_stmt 1 view .LVU63
 337 003e F1E7     		b	.L18
 338              	.L22:
 214:Core/Src/Os.c **** 			Os_Var.Os_Runtime.Os_10ms_Runtime = Os_TimeDiffLoc;
 339              		.loc 1 214 4 view .LVU64
 214:Core/Src/Os.c **** 			Os_Var.Os_Runtime.Os_10ms_Runtime = Os_TimeDiffLoc;
 340              		.loc 1 214 38 is_stmt 0 view .LVU65
 341 0040 034A     		ldr	r2, .L28
 342 0042 9363     		str	r3, [r2, #56]
 215:Core/Src/Os.c **** 			Os_Var.Os_Tick_Runtime.Os_10ms_Tick_Runtime_Stop = OS_TimeLoc;
 343              		.loc 1 215 4 is_stmt 1 view .LVU66
 215:Core/Src/Os.c **** 			Os_Var.Os_Tick_Runtime.Os_10ms_Tick_Runtime_Stop = OS_TimeLoc;
 344              		.loc 1 215 53 is_stmt 0 view .LVU67
 345 0044 D061     		str	r0, [r2, #28]
 216:Core/Src/Os.c **** 		break;
 346              		.loc 1 216 3 is_stmt 1 view .LVU68
 347 0046 EDE7     		b	.L18
 348              	.L23:
 218:Core/Src/Os.c **** 			Os_Var.Os_Runtime.Os_100ms_Runtime = Os_TimeDiffLoc;
 349              		.loc 1 218 4 view .LVU69
 218:Core/Src/Os.c **** 			Os_Var.Os_Runtime.Os_100ms_Runtime = Os_TimeDiffLoc;
 350              		.loc 1 218 39 is_stmt 0 view .LVU70
 351 0048 014A     		ldr	r2, .L28
 352 004a D363     		str	r3, [r2, #60]
 219:Core/Src/Os.c **** 			Os_Var.Os_Tick_Runtime.Os_100ms_Tick_Runtime_Stop = OS_TimeLoc;
 353              		.loc 1 219 4 is_stmt 1 view .LVU71
 219:Core/Src/Os.c **** 			Os_Var.Os_Tick_Runtime.Os_100ms_Tick_Runtime_Stop = OS_TimeLoc;
 354              		.loc 1 219 54 is_stmt 0 view .LVU72
 355 004c 5062     		str	r0, [r2, #36]
 220:Core/Src/Os.c **** 		break;
 356              		.loc 1 220 3 is_stmt 1 view .LVU73
 223:Core/Src/Os.c **** 	return;
 357              		.loc 1 223 2 view .LVU74
 358 004e E9E7     		b	.L18
 359              	.L29:
 360              		.align	2
 361              	.L28:
 362 0050 00000000 		.word	.LANCHOR0
 363              		.cfi_endproc
 364              	.LFE52:
 366              		.section	.text.Os_Calc_Period,"ax",%progbits
 367              		.align	1
 368              		.syntax unified
 369              		.code	16
 370              		.thumb_func
 371              		.fpu softvfp
 373              	Os_Calc_Period:
 374              	.LVL19:
 375              	.LFB50:
 120:Core/Src/Os.c **** {
 376              		.loc 1 120 1 view -0
 377              		.cfi_startproc
ARM GAS  C:\Users\jisu8\AppData\Local\Temp\cc4d3k2b.s 			page 12


 378              		@ args = 0, pretend = 0, frame = 0
 379              		@ frame_needed = 0, uses_anonymous_args = 0
 120:Core/Src/Os.c **** {
 380              		.loc 1 120 1 is_stmt 0 view .LVU76
 381 0000 10B5     		push	{r4, lr}
 382              	.LCFI4:
 383              		.cfi_def_cfa_offset 8
 384              		.cfi_offset 4, -8
 385              		.cfi_offset 14, -4
 386 0002 0400     		movs	r4, r0
 121:Core/Src/Os.c **** 	uint32 OS_TimeLoc=0;
 387              		.loc 1 121 2 is_stmt 1 view .LVU77
 388              	.LVL20:
 122:Core/Src/Os.c **** 	uint32 OS_TimeOldLoc=0;
 389              		.loc 1 122 2 view .LVU78
 123:Core/Src/Os.c **** 	uint32 Os_TimeDiffLoc=0;
 390              		.loc 1 123 2 view .LVU79
 125:Core/Src/Os.c **** 	OS_TimeLoc = Os_Get_Tick_100us();
 391              		.loc 1 125 2 view .LVU80
 125:Core/Src/Os.c **** 	OS_TimeLoc = Os_Get_Tick_100us();
 392              		.loc 1 125 15 is_stmt 0 view .LVU81
 393 0004 FFF7FEFF 		bl	Os_Get_Tick_100us
 394              	.LVL21:
 127:Core/Src/Os.c **** 	switch(idx)
 395              		.loc 1 127 2 is_stmt 1 view .LVU82
 396 0008 022C     		cmp	r4, #2
 397 000a 0FD0     		beq	.L31
 398 000c 032C     		cmp	r4, #3
 399 000e 10D0     		beq	.L32
 400 0010 012C     		cmp	r4, #1
 401 0012 08D0     		beq	.L38
 402 0014 0023     		movs	r3, #0
 403              	.LVL22:
 404              	.L33:
 140:Core/Src/Os.c **** 	Os_TimeDiffLoc = OS_TimeLoc - OS_TimeOldLoc;
 405              		.loc 1 140 2 view .LVU83
 140:Core/Src/Os.c **** 	Os_TimeDiffLoc = OS_TimeLoc - OS_TimeOldLoc;
 406              		.loc 1 140 17 is_stmt 0 view .LVU84
 407 0016 C31A     		subs	r3, r0, r3
 408              	.LVL23:
 141:Core/Src/Os.c **** 	OS_TimeOldLoc = OS_TimeLoc;
 409              		.loc 1 141 2 is_stmt 1 view .LVU85
 143:Core/Src/Os.c **** 	switch(idx)
 410              		.loc 1 143 2 view .LVU86
 411 0018 022C     		cmp	r4, #2
 412 001a 11D0     		beq	.L34
 413 001c 032C     		cmp	r4, #3
 414 001e 13D0     		beq	.L35
 415 0020 012C     		cmp	r4, #1
 416 0022 09D0     		beq	.L39
 417              	.L30:
 160:Core/Src/Os.c **** }
 418              		.loc 1 160 1 is_stmt 0 view .LVU87
 419              		@ sp needed
 420 0024 10BD     		pop	{r4, pc}
 421              	.LVL24:
 422              	.L38:
ARM GAS  C:\Users\jisu8\AppData\Local\Temp\cc4d3k2b.s 			page 13


 130:Core/Src/Os.c **** 			OS_TimeOldLoc = Os_Var.Os_Tick_Period.Os_1ms_Tick_Period;
 423              		.loc 1 130 4 is_stmt 1 view .LVU88
 130:Core/Src/Os.c **** 			OS_TimeOldLoc = Os_Var.Os_Tick_Period.Os_1ms_Tick_Period;
 424              		.loc 1 130 18 is_stmt 0 view .LVU89
 425 0026 0A4B     		ldr	r3, .L40
 426 0028 9B6A     		ldr	r3, [r3, #40]
 427              	.LVL25:
 131:Core/Src/Os.c **** 		break;
 428              		.loc 1 131 3 is_stmt 1 view .LVU90
 429 002a F4E7     		b	.L33
 430              	.LVL26:
 431              	.L31:
 133:Core/Src/Os.c **** 			OS_TimeOldLoc = Os_Var.Os_Tick_Period.Os_10ms_Tick_Period;
 432              		.loc 1 133 4 view .LVU91
 133:Core/Src/Os.c **** 			OS_TimeOldLoc = Os_Var.Os_Tick_Period.Os_10ms_Tick_Period;
 433              		.loc 1 133 18 is_stmt 0 view .LVU92
 434 002c 084B     		ldr	r3, .L40
 435 002e DB6A     		ldr	r3, [r3, #44]
 436              	.LVL27:
 134:Core/Src/Os.c **** 		break;
 437              		.loc 1 134 3 is_stmt 1 view .LVU93
 438 0030 F1E7     		b	.L33
 439              	.LVL28:
 440              	.L32:
 136:Core/Src/Os.c **** 			OS_TimeOldLoc = Os_Var.Os_Tick_Period.Os_100ms_Tick_Period;
 441              		.loc 1 136 4 view .LVU94
 136:Core/Src/Os.c **** 			OS_TimeOldLoc = Os_Var.Os_Tick_Period.Os_100ms_Tick_Period;
 442              		.loc 1 136 18 is_stmt 0 view .LVU95
 443 0032 074B     		ldr	r3, .L40
 444 0034 1B6B     		ldr	r3, [r3, #48]
 445              	.LVL29:
 137:Core/Src/Os.c **** 		break;
 446              		.loc 1 137 3 is_stmt 1 view .LVU96
 447 0036 EEE7     		b	.L33
 448              	.LVL30:
 449              	.L39:
 146:Core/Src/Os.c **** 			Os_Var.Os_Period.Os_1ms_Period = Os_TimeDiffLoc;
 450              		.loc 1 146 4 view .LVU97
 146:Core/Src/Os.c **** 			Os_Var.Os_Period.Os_1ms_Period = Os_TimeDiffLoc;
 451              		.loc 1 146 35 is_stmt 0 view .LVU98
 452 0038 054A     		ldr	r2, .L40
 453 003a 1364     		str	r3, [r2, #64]
 147:Core/Src/Os.c **** 			Os_Var.Os_Tick_Period.Os_1ms_Tick_Period = OS_TimeOldLoc;
 454              		.loc 1 147 4 is_stmt 1 view .LVU99
 147:Core/Src/Os.c **** 			Os_Var.Os_Tick_Period.Os_1ms_Tick_Period = OS_TimeOldLoc;
 455              		.loc 1 147 45 is_stmt 0 view .LVU100
 456 003c 9062     		str	r0, [r2, #40]
 148:Core/Src/Os.c **** 		break;
 457              		.loc 1 148 3 is_stmt 1 view .LVU101
 458 003e F1E7     		b	.L30
 459              	.L34:
 150:Core/Src/Os.c **** 			Os_Var.Os_Period.Os_10ms_Period = Os_TimeDiffLoc;
 460              		.loc 1 150 4 view .LVU102
 150:Core/Src/Os.c **** 			Os_Var.Os_Period.Os_10ms_Period = Os_TimeDiffLoc;
 461              		.loc 1 150 36 is_stmt 0 view .LVU103
 462 0040 034A     		ldr	r2, .L40
 463 0042 5364     		str	r3, [r2, #68]
ARM GAS  C:\Users\jisu8\AppData\Local\Temp\cc4d3k2b.s 			page 14


 151:Core/Src/Os.c **** 			Os_Var.Os_Tick_Period.Os_10ms_Tick_Period = OS_TimeOldLoc;
 464              		.loc 1 151 4 is_stmt 1 view .LVU104
 151:Core/Src/Os.c **** 			Os_Var.Os_Tick_Period.Os_10ms_Tick_Period = OS_TimeOldLoc;
 465              		.loc 1 151 46 is_stmt 0 view .LVU105
 466 0044 D062     		str	r0, [r2, #44]
 152:Core/Src/Os.c **** 		break;
 467              		.loc 1 152 3 is_stmt 1 view .LVU106
 468 0046 EDE7     		b	.L30
 469              	.L35:
 154:Core/Src/Os.c **** 			Os_Var.Os_Period.Os_100ms_Period = Os_TimeDiffLoc;
 470              		.loc 1 154 4 view .LVU107
 154:Core/Src/Os.c **** 			Os_Var.Os_Period.Os_100ms_Period = Os_TimeDiffLoc;
 471              		.loc 1 154 37 is_stmt 0 view .LVU108
 472 0048 014A     		ldr	r2, .L40
 473 004a 9364     		str	r3, [r2, #72]
 155:Core/Src/Os.c **** 			Os_Var.Os_Tick_Period.Os_100ms_Tick_Period = OS_TimeOldLoc;
 474              		.loc 1 155 4 is_stmt 1 view .LVU109
 155:Core/Src/Os.c **** 			Os_Var.Os_Tick_Period.Os_100ms_Tick_Period = OS_TimeOldLoc;
 475              		.loc 1 155 47 is_stmt 0 view .LVU110
 476 004c 1063     		str	r0, [r2, #48]
 156:Core/Src/Os.c **** 		break;
 477              		.loc 1 156 3 is_stmt 1 view .LVU111
 159:Core/Src/Os.c **** 	return;
 478              		.loc 1 159 2 view .LVU112
 479 004e E9E7     		b	.L30
 480              	.L41:
 481              		.align	2
 482              	.L40:
 483 0050 00000000 		.word	.LANCHOR0
 484              		.cfi_endproc
 485              	.LFE50:
 487              		.section	.text.Os_Handler,"ax",%progbits
 488              		.align	1
 489              		.global	Os_Handler
 490              		.syntax unified
 491              		.code	16
 492              		.thumb_func
 493              		.fpu softvfp
 495              	Os_Handler:
 496              	.LFB46:
  48:Core/Src/Os.c **** {
 497              		.loc 1 48 1 view -0
 498              		.cfi_startproc
 499              		@ args = 0, pretend = 0, frame = 0
 500              		@ frame_needed = 0, uses_anonymous_args = 0
 501 0000 10B5     		push	{r4, lr}
 502              	.LCFI5:
 503              		.cfi_def_cfa_offset 8
 504              		.cfi_offset 4, -8
 505              		.cfi_offset 14, -4
  49:Core/Src/Os.c **** 	void(*fp)(void);
 506              		.loc 1 49 2 view .LVU114
  50:Core/Src/Os.c ****     if(Os_Var.Os_Task_Flag.Os_100ms_Flag == 1)
 507              		.loc 1 50 5 view .LVU115
  50:Core/Src/Os.c ****     if(Os_Var.Os_Task_Flag.Os_100ms_Flag == 1)
 508              		.loc 1 50 27 is_stmt 0 view .LVU116
 509 0002 104A     		ldr	r2, .L46
ARM GAS  C:\Users\jisu8\AppData\Local\Temp\cc4d3k2b.s 			page 15


 510 0004 5623     		movs	r3, #86
 511 0006 D35C     		ldrb	r3, [r2, r3]
  50:Core/Src/Os.c ****     if(Os_Var.Os_Task_Flag.Os_100ms_Flag == 1)
 512              		.loc 1 50 7 view .LVU117
 513 0008 012B     		cmp	r3, #1
 514 000a 09D0     		beq	.L45
  62:Core/Src/Os.c **** 		Os_Calc_Runtime_Start(OS_TASK_INDEX_BG);
 515              		.loc 1 62 3 is_stmt 1 view .LVU118
 516 000c 0420     		movs	r0, #4
 517 000e FFF7FEFF 		bl	Os_Calc_Runtime_Start
 518              	.LVL31:
  63:Core/Src/Os.c **** 		(void)Os_Background_Task();
 519              		.loc 1 63 3 view .LVU119
  64:Core/Src/Os.c **** 		Os_Calc_Runtime_Stop(OS_TASK_INDEX_BG);
 520              		.loc 1 64 3 view .LVU120
 521 0012 0420     		movs	r0, #4
 522 0014 FFF7FEFF 		bl	Os_Calc_Runtime_Stop
 523              	.LVL32:
  65:Core/Src/Os.c **** 		Os_Calc_Period(OS_TASK_INDEX_BG);
 524              		.loc 1 65 3 view .LVU121
 525 0018 0420     		movs	r0, #4
 526 001a FFF7FEFF 		bl	Os_Calc_Period
 527              	.LVL33:
  68:Core/Src/Os.c ****     return;
 528              		.loc 1 68 5 view .LVU122
 529              	.L42:
  69:Core/Src/Os.c **** }
 530              		.loc 1 69 1 is_stmt 0 view .LVU123
 531              		@ sp needed
 532 001e 10BD     		pop	{r4, pc}
 533              	.L45:
  52:Core/Src/Os.c **** 		fp = Os_100ms_Task;
 534              		.loc 1 52 3 is_stmt 1 view .LVU124
  53:Core/Src/Os.c **** 		Os_Var.Os_Task_Add.Os_100ms_Address = fp;
 535              		.loc 1 53 3 view .LVU125
  53:Core/Src/Os.c **** 		Os_Var.Os_Task_Add.Os_100ms_Address = fp;
 536              		.loc 1 53 39 is_stmt 0 view .LVU126
 537 0020 1300     		movs	r3, r2
 538 0022 094A     		ldr	r2, .L46+4
 539 0024 1A66     		str	r2, [r3, #96]
  54:Core/Src/Os.c **** 		Os_Var.Os_Task_Flag.Os_100ms_Flag = 0;
 540              		.loc 1 54 3 is_stmt 1 view .LVU127
  54:Core/Src/Os.c **** 		Os_Var.Os_Task_Flag.Os_100ms_Flag = 0;
 541              		.loc 1 54 37 is_stmt 0 view .LVU128
 542 0026 5622     		movs	r2, #86
 543 0028 0021     		movs	r1, #0
 544 002a 9954     		strb	r1, [r3, r2]
  55:Core/Src/Os.c **** 		Os_Calc_Runtime_Start(OS_TASK_INDEX_100MS);
 545              		.loc 1 55 3 is_stmt 1 view .LVU129
 546 002c 0320     		movs	r0, #3
 547 002e FFF7FEFF 		bl	Os_Calc_Runtime_Start
 548              	.LVL34:
  56:Core/Src/Os.c **** 		(void)Os_100ms_Task();
 549              		.loc 1 56 3 view .LVU130
 550 0032 FFF7FEFF 		bl	Os_100ms_Task
 551              	.LVL35:
  57:Core/Src/Os.c **** 		Os_Calc_Runtime_Stop(OS_TASK_INDEX_100MS);
ARM GAS  C:\Users\jisu8\AppData\Local\Temp\cc4d3k2b.s 			page 16


 552              		.loc 1 57 3 view .LVU131
 553 0036 0320     		movs	r0, #3
 554 0038 FFF7FEFF 		bl	Os_Calc_Runtime_Stop
 555              	.LVL36:
  58:Core/Src/Os.c **** 		Os_Calc_Period(OS_TASK_INDEX_100MS);
 556              		.loc 1 58 3 view .LVU132
 557 003c 0320     		movs	r0, #3
 558 003e FFF7FEFF 		bl	Os_Calc_Period
 559              	.LVL37:
 560 0042 ECE7     		b	.L42
 561              	.L47:
 562              		.align	2
 563              	.L46:
 564 0044 00000000 		.word	.LANCHOR0
 565 0048 00000000 		.word	Os_100ms_Task
 566              		.cfi_endproc
 567              	.LFE46:
 569              		.global	__aeabi_uidivmod
 570              		.section	.text.Os_Handler_1ms,"ax",%progbits
 571              		.align	1
 572              		.global	Os_Handler_1ms
 573              		.syntax unified
 574              		.code	16
 575              		.thumb_func
 576              		.fpu softvfp
 578              	Os_Handler_1ms:
 579              	.LFB47:
  72:Core/Src/Os.c **** {
 580              		.loc 1 72 1 view -0
 581              		.cfi_startproc
 582              		@ args = 0, pretend = 0, frame = 0
 583              		@ frame_needed = 0, uses_anonymous_args = 0
 584 0000 10B5     		push	{r4, lr}
 585              	.LCFI6:
 586              		.cfi_def_cfa_offset 8
 587              		.cfi_offset 4, -8
 588              		.cfi_offset 14, -4
  73:Core/Src/Os.c **** 	if(Os_Var.Os_Counter.Os_1ms_Counter % 1 == 0)
 589              		.loc 1 73 2 view .LVU134
  75:Core/Src/Os.c **** 		Os_Var.Os_Counter.Os_1ms_Counter++;
 590              		.loc 1 75 3 view .LVU135
  75:Core/Src/Os.c **** 		Os_Var.Os_Counter.Os_1ms_Counter++;
 591              		.loc 1 75 20 is_stmt 0 view .LVU136
 592 0002 114B     		ldr	r3, .L50
  75:Core/Src/Os.c **** 		Os_Var.Os_Counter.Os_1ms_Counter++;
 593              		.loc 1 75 35 view .LVU137
 594 0004 5A68     		ldr	r2, [r3, #4]
 595 0006 501C     		adds	r0, r2, #1
 596 0008 5860     		str	r0, [r3, #4]
  76:Core/Src/Os.c **** 		Os_Var.Os_Task_Flag.Os_1ms_Flag = 1;
 597              		.loc 1 76 3 is_stmt 1 view .LVU138
  76:Core/Src/Os.c **** 		Os_Var.Os_Task_Flag.Os_1ms_Flag = 1;
 598              		.loc 1 76 35 is_stmt 0 view .LVU139
 599 000a 5422     		movs	r2, #84
 600 000c 0121     		movs	r1, #1
 601 000e 9954     		strb	r1, [r3, r2]
  79:Core/Src/Os.c **** 	if(Os_Var.Os_Counter.Os_1ms_Counter % 100 == 0)
ARM GAS  C:\Users\jisu8\AppData\Local\Temp\cc4d3k2b.s 			page 17


 602              		.loc 1 79 2 is_stmt 1 view .LVU140
  79:Core/Src/Os.c **** 	if(Os_Var.Os_Counter.Os_1ms_Counter % 100 == 0)
 603              		.loc 1 79 38 is_stmt 0 view .LVU141
 604 0010 6331     		adds	r1, r1, #99
 605 0012 FFF7FEFF 		bl	__aeabi_uidivmod
 606              	.LVL38:
  79:Core/Src/Os.c **** 	if(Os_Var.Os_Counter.Os_1ms_Counter % 100 == 0)
 607              		.loc 1 79 4 view .LVU142
 608 0016 0029     		cmp	r1, #0
 609 0018 06D1     		bne	.L49
  81:Core/Src/Os.c **** 		Os_Var.Os_Counter.Os_100ms_Counter++;
 610              		.loc 1 81 3 is_stmt 1 view .LVU143
  81:Core/Src/Os.c **** 		Os_Var.Os_Counter.Os_100ms_Counter++;
 611              		.loc 1 81 20 is_stmt 0 view .LVU144
 612 001a 0B4B     		ldr	r3, .L50
  81:Core/Src/Os.c **** 		Os_Var.Os_Counter.Os_100ms_Counter++;
 613              		.loc 1 81 37 view .LVU145
 614 001c DA68     		ldr	r2, [r3, #12]
 615 001e 0132     		adds	r2, r2, #1
 616 0020 DA60     		str	r2, [r3, #12]
  82:Core/Src/Os.c **** 		Os_Var.Os_Task_Flag.Os_100ms_Flag = 1;
 617              		.loc 1 82 3 is_stmt 1 view .LVU146
  82:Core/Src/Os.c **** 		Os_Var.Os_Task_Flag.Os_100ms_Flag = 1;
 618              		.loc 1 82 37 is_stmt 0 view .LVU147
 619 0022 5622     		movs	r2, #86
 620 0024 0131     		adds	r1, r1, #1
 621 0026 9954     		strb	r1, [r3, r2]
 622              	.L49:
  84:Core/Src/Os.c **** 	void(*fp)(void);
 623              		.loc 1 84 2 is_stmt 1 view .LVU148
  85:Core/Src/Os.c **** 	if(Os_Var.Os_Task_Flag.Os_1ms_Flag == 1)
 624              		.loc 1 85 2 view .LVU149
  87:Core/Src/Os.c **** 		fp = Os_1ms_Task;
 625              		.loc 1 87 3 view .LVU150
  88:Core/Src/Os.c **** 		Os_Var.Os_Task_Add.Os_1ms_Address = fp;
 626              		.loc 1 88 3 view .LVU151
  88:Core/Src/Os.c **** 		Os_Var.Os_Task_Add.Os_1ms_Address = fp;
 627              		.loc 1 88 37 is_stmt 0 view .LVU152
 628 0028 074B     		ldr	r3, .L50
 629 002a 084A     		ldr	r2, .L50+4
 630 002c 9A65     		str	r2, [r3, #88]
  89:Core/Src/Os.c **** 		Os_Var.Os_Task_Flag.Os_1ms_Flag = 0;
 631              		.loc 1 89 3 is_stmt 1 view .LVU153
  89:Core/Src/Os.c **** 		Os_Var.Os_Task_Flag.Os_1ms_Flag = 0;
 632              		.loc 1 89 35 is_stmt 0 view .LVU154
 633 002e 5422     		movs	r2, #84
 634 0030 0021     		movs	r1, #0
 635 0032 9954     		strb	r1, [r3, r2]
  90:Core/Src/Os.c **** 		Os_Calc_Runtime_Start(OS_TASK_INDEX_1MS);
 636              		.loc 1 90 3 is_stmt 1 view .LVU155
 637 0034 0120     		movs	r0, #1
 638 0036 FFF7FEFF 		bl	Os_Calc_Runtime_Start
 639              	.LVL39:
  91:Core/Src/Os.c **** 		(void)Os_1ms_Task();
 640              		.loc 1 91 3 view .LVU156
  92:Core/Src/Os.c **** 		Os_Calc_Runtime_Stop(OS_TASK_INDEX_1MS);
 641              		.loc 1 92 3 view .LVU157
ARM GAS  C:\Users\jisu8\AppData\Local\Temp\cc4d3k2b.s 			page 18


 642 003a 0120     		movs	r0, #1
 643 003c FFF7FEFF 		bl	Os_Calc_Runtime_Stop
 644              	.LVL40:
  93:Core/Src/Os.c **** 		Os_Calc_Period(OS_TASK_INDEX_1MS);
 645              		.loc 1 93 3 view .LVU158
 646 0040 0120     		movs	r0, #1
 647 0042 FFF7FEFF 		bl	Os_Calc_Period
 648              	.LVL41:
  95:Core/Src/Os.c **** }
 649              		.loc 1 95 1 is_stmt 0 view .LVU159
 650              		@ sp needed
 651 0046 10BD     		pop	{r4, pc}
 652              	.L51:
 653              		.align	2
 654              	.L50:
 655 0048 00000000 		.word	.LANCHOR0
 656 004c 00000000 		.word	Os_1ms_Task
 657              		.cfi_endproc
 658              	.LFE47:
 660              		.section	.text.Os_Handler_10ms,"ax",%progbits
 661              		.align	1
 662              		.global	Os_Handler_10ms
 663              		.syntax unified
 664              		.code	16
 665              		.thumb_func
 666              		.fpu softvfp
 668              	Os_Handler_10ms:
 669              	.LFB48:
  98:Core/Src/Os.c **** {
 670              		.loc 1 98 1 is_stmt 1 view -0
 671              		.cfi_startproc
 672              		@ args = 0, pretend = 0, frame = 0
 673              		@ frame_needed = 0, uses_anonymous_args = 0
 674 0000 10B5     		push	{r4, lr}
 675              	.LCFI7:
 676              		.cfi_def_cfa_offset 8
 677              		.cfi_offset 4, -8
 678              		.cfi_offset 14, -4
  99:Core/Src/Os.c **** 	Os_Var.Os_Counter.Os_10ms_Counter++;
 679              		.loc 1 99 2 view .LVU161
  99:Core/Src/Os.c **** 	Os_Var.Os_Counter.Os_10ms_Counter++;
 680              		.loc 1 99 19 is_stmt 0 view .LVU162
 681 0002 0B4B     		ldr	r3, .L53
  99:Core/Src/Os.c **** 	Os_Var.Os_Counter.Os_10ms_Counter++;
 682              		.loc 1 99 35 view .LVU163
 683 0004 9A68     		ldr	r2, [r3, #8]
 684 0006 0132     		adds	r2, r2, #1
 685 0008 9A60     		str	r2, [r3, #8]
 100:Core/Src/Os.c **** 	Os_Var.Os_Task_Flag.Os_10ms_Flag = 1;
 686              		.loc 1 100 2 is_stmt 1 view .LVU164
 100:Core/Src/Os.c **** 	Os_Var.Os_Task_Flag.Os_10ms_Flag = 1;
 687              		.loc 1 100 35 is_stmt 0 view .LVU165
 688 000a 5522     		movs	r2, #85
 689 000c 0121     		movs	r1, #1
 690 000e 9954     		strb	r1, [r3, r2]
 101:Core/Src/Os.c **** 	void(*fp)(void);
 691              		.loc 1 101 2 is_stmt 1 view .LVU166
ARM GAS  C:\Users\jisu8\AppData\Local\Temp\cc4d3k2b.s 			page 19


 102:Core/Src/Os.c **** 	if(Os_Var.Os_Task_Flag.Os_10ms_Flag == 1)
 692              		.loc 1 102 2 view .LVU167
 104:Core/Src/Os.c **** 		fp = Os_10ms_Task;
 693              		.loc 1 104 3 view .LVU168
 105:Core/Src/Os.c **** 		Os_Var.Os_Task_Add.Os_10ms_Address = fp;
 694              		.loc 1 105 3 view .LVU169
 105:Core/Src/Os.c **** 		Os_Var.Os_Task_Add.Os_10ms_Address = fp;
 695              		.loc 1 105 38 is_stmt 0 view .LVU170
 696 0010 0849     		ldr	r1, .L53+4
 697 0012 D965     		str	r1, [r3, #92]
 106:Core/Src/Os.c **** 		Os_Var.Os_Task_Flag.Os_10ms_Flag = 0;
 698              		.loc 1 106 3 is_stmt 1 view .LVU171
 106:Core/Src/Os.c **** 		Os_Var.Os_Task_Flag.Os_10ms_Flag = 0;
 699              		.loc 1 106 36 is_stmt 0 view .LVU172
 700 0014 0021     		movs	r1, #0
 701 0016 9954     		strb	r1, [r3, r2]
 107:Core/Src/Os.c **** 		Os_Calc_Runtime_Start(OS_TASK_INDEX_10MS);
 702              		.loc 1 107 3 is_stmt 1 view .LVU173
 703 0018 0220     		movs	r0, #2
 704 001a FFF7FEFF 		bl	Os_Calc_Runtime_Start
 705              	.LVL42:
 108:Core/Src/Os.c **** 		(void)Os_10ms_Task();
 706              		.loc 1 108 3 view .LVU174
 707 001e FFF7FEFF 		bl	Os_10ms_Task
 708              	.LVL43:
 109:Core/Src/Os.c **** 		Os_Calc_Runtime_Stop(OS_TASK_INDEX_10MS);
 709              		.loc 1 109 3 view .LVU175
 710 0022 0220     		movs	r0, #2
 711 0024 FFF7FEFF 		bl	Os_Calc_Runtime_Stop
 712              	.LVL44:
 110:Core/Src/Os.c **** 		Os_Calc_Period(OS_TASK_INDEX_10MS);
 713              		.loc 1 110 3 view .LVU176
 714 0028 0220     		movs	r0, #2
 715 002a FFF7FEFF 		bl	Os_Calc_Period
 716              	.LVL45:
 112:Core/Src/Os.c **** }
 717              		.loc 1 112 1 is_stmt 0 view .LVU177
 718              		@ sp needed
 719 002e 10BD     		pop	{r4, pc}
 720              	.L54:
 721              		.align	2
 722              	.L53:
 723 0030 00000000 		.word	.LANCHOR0
 724 0034 00000000 		.word	Os_10ms_Task
 725              		.cfi_endproc
 726              	.LFE48:
 728              		.global	Os_Var
 729              		.section	.bss.Os_Var,"aw",%nobits
 730              		.align	2
 731              		.set	.LANCHOR0,. + 0
 734              	Os_Var:
 735 0000 00000000 		.space	100
 735      00000000 
 735      00000000 
 735      00000000 
 735      00000000 
 736              		.text
ARM GAS  C:\Users\jisu8\AppData\Local\Temp\cc4d3k2b.s 			page 20


 737              	.Letext0:
 738              		.file 2 "Core/Inc/vardef.h"
 739              		.file 3 "Core/Inc/os.h"
 740              		.file 4 "Core/Inc/led.h"
 741              		.file 5 "Core/Inc/pwm.h"
 742              		.file 6 "Core/Inc/switch.h"
ARM GAS  C:\Users\jisu8\AppData\Local\Temp\cc4d3k2b.s 			page 21


DEFINED SYMBOLS
                            *ABS*:00000000 Os.c
C:\Users\jisu8\AppData\Local\Temp\cc4d3k2b.s:16     .text.Os_1ms_Task:00000000 $t
C:\Users\jisu8\AppData\Local\Temp\cc4d3k2b.s:23     .text.Os_1ms_Task:00000000 Os_1ms_Task
C:\Users\jisu8\AppData\Local\Temp\cc4d3k2b.s:38     .text.Os_100ms_Task:00000000 $t
C:\Users\jisu8\AppData\Local\Temp\cc4d3k2b.s:44     .text.Os_100ms_Task:00000000 Os_100ms_Task
C:\Users\jisu8\AppData\Local\Temp\cc4d3k2b.s:65     .text.Os_10ms_Task:00000000 $t
C:\Users\jisu8\AppData\Local\Temp\cc4d3k2b.s:71     .text.Os_10ms_Task:00000000 Os_10ms_Task
C:\Users\jisu8\AppData\Local\Temp\cc4d3k2b.s:98     .text.Os_Init_Task:00000000 $t
C:\Users\jisu8\AppData\Local\Temp\cc4d3k2b.s:105    .text.Os_Init_Task:00000000 Os_Init_Task
C:\Users\jisu8\AppData\Local\Temp\cc4d3k2b.s:119    .text.Os_Time_Handler:00000000 $t
C:\Users\jisu8\AppData\Local\Temp\cc4d3k2b.s:126    .text.Os_Time_Handler:00000000 Os_Time_Handler
C:\Users\jisu8\AppData\Local\Temp\cc4d3k2b.s:146    .text.Os_Time_Handler:0000000c $d
C:\Users\jisu8\AppData\Local\Temp\cc4d3k2b.s:151    .text.Os_Get_Tick_100us:00000000 $t
C:\Users\jisu8\AppData\Local\Temp\cc4d3k2b.s:158    .text.Os_Get_Tick_100us:00000000 Os_Get_Tick_100us
C:\Users\jisu8\AppData\Local\Temp\cc4d3k2b.s:175    .text.Os_Get_Tick_100us:00000008 $d
C:\Users\jisu8\AppData\Local\Temp\cc4d3k2b.s:180    .text.Os_Calc_Runtime_Start:00000000 $t
C:\Users\jisu8\AppData\Local\Temp\cc4d3k2b.s:186    .text.Os_Calc_Runtime_Start:00000000 Os_Calc_Runtime_Start
C:\Users\jisu8\AppData\Local\Temp\cc4d3k2b.s:242    .text.Os_Calc_Runtime_Start:00000028 $d
C:\Users\jisu8\AppData\Local\Temp\cc4d3k2b.s:247    .text.Os_Calc_Runtime_Stop:00000000 $t
C:\Users\jisu8\AppData\Local\Temp\cc4d3k2b.s:253    .text.Os_Calc_Runtime_Stop:00000000 Os_Calc_Runtime_Stop
C:\Users\jisu8\AppData\Local\Temp\cc4d3k2b.s:362    .text.Os_Calc_Runtime_Stop:00000050 $d
C:\Users\jisu8\AppData\Local\Temp\cc4d3k2b.s:367    .text.Os_Calc_Period:00000000 $t
C:\Users\jisu8\AppData\Local\Temp\cc4d3k2b.s:373    .text.Os_Calc_Period:00000000 Os_Calc_Period
C:\Users\jisu8\AppData\Local\Temp\cc4d3k2b.s:483    .text.Os_Calc_Period:00000050 $d
C:\Users\jisu8\AppData\Local\Temp\cc4d3k2b.s:488    .text.Os_Handler:00000000 $t
C:\Users\jisu8\AppData\Local\Temp\cc4d3k2b.s:495    .text.Os_Handler:00000000 Os_Handler
C:\Users\jisu8\AppData\Local\Temp\cc4d3k2b.s:564    .text.Os_Handler:00000044 $d
C:\Users\jisu8\AppData\Local\Temp\cc4d3k2b.s:571    .text.Os_Handler_1ms:00000000 $t
C:\Users\jisu8\AppData\Local\Temp\cc4d3k2b.s:578    .text.Os_Handler_1ms:00000000 Os_Handler_1ms
C:\Users\jisu8\AppData\Local\Temp\cc4d3k2b.s:655    .text.Os_Handler_1ms:00000048 $d
C:\Users\jisu8\AppData\Local\Temp\cc4d3k2b.s:661    .text.Os_Handler_10ms:00000000 $t
C:\Users\jisu8\AppData\Local\Temp\cc4d3k2b.s:668    .text.Os_Handler_10ms:00000000 Os_Handler_10ms
C:\Users\jisu8\AppData\Local\Temp\cc4d3k2b.s:723    .text.Os_Handler_10ms:00000030 $d
C:\Users\jisu8\AppData\Local\Temp\cc4d3k2b.s:734    .bss.Os_Var:00000000 Os_Var
C:\Users\jisu8\AppData\Local\Temp\cc4d3k2b.s:730    .bss.Os_Var:00000000 $d

UNDEFINED SYMBOLS
LED_Control
Pwm_Output
Switch_Control
Temp_Read
__aeabi_uidivmod
