ARM GAS  C:\Users\jisu8\AppData\Local\Temp\cc2C0Ey9.s 			page 1


   1              		.cpu cortex-m0
   2              		.arch armv6s-m
   3              		.fpu softvfp
   4              		.eabi_attribute 20, 1
   5              		.eabi_attribute 21, 1
   6              		.eabi_attribute 23, 3
   7              		.eabi_attribute 24, 1
   8              		.eabi_attribute 25, 1
   9              		.eabi_attribute 26, 1
  10              		.eabi_attribute 30, 1
  11              		.eabi_attribute 34, 0
  12              		.eabi_attribute 18, 4
  13              		.file	"stm32f0xx_hal_msp.c"
  14              		.text
  15              	.Ltext0:
  16              		.cfi_sections	.debug_frame
  17              		.section	.text.HAL_MspInit,"ax",%progbits
  18              		.align	1
  19              		.global	HAL_MspInit
  20              		.syntax unified
  21              		.code	16
  22              		.thumb_func
  24              	HAL_MspInit:
  25              	.LFB40:
  26              		.file 1 "Core/Src/stm32f0xx_hal_msp.c"
   1:Core/Src/stm32f0xx_hal_msp.c **** /* USER CODE BEGIN Header */
   2:Core/Src/stm32f0xx_hal_msp.c **** /**
   3:Core/Src/stm32f0xx_hal_msp.c ****   ******************************************************************************
   4:Core/Src/stm32f0xx_hal_msp.c ****   * @file         stm32f0xx_hal_msp.c
   5:Core/Src/stm32f0xx_hal_msp.c ****   * @brief        This file provides code for the MSP Initialization
   6:Core/Src/stm32f0xx_hal_msp.c ****   *               and de-Initialization codes.
   7:Core/Src/stm32f0xx_hal_msp.c ****   ******************************************************************************
   8:Core/Src/stm32f0xx_hal_msp.c ****   * @attention
   9:Core/Src/stm32f0xx_hal_msp.c ****   *
  10:Core/Src/stm32f0xx_hal_msp.c ****   * <h2><center>&copy; Copyright (c) 2021 STMicroelectronics.
  11:Core/Src/stm32f0xx_hal_msp.c ****   * All rights reserved.</center></h2>
  12:Core/Src/stm32f0xx_hal_msp.c ****   *
  13:Core/Src/stm32f0xx_hal_msp.c ****   * This software component is licensed by ST under BSD 3-Clause license,
  14:Core/Src/stm32f0xx_hal_msp.c ****   * the "License"; You may not use this file except in compliance with the
  15:Core/Src/stm32f0xx_hal_msp.c ****   * License. You may obtain a copy of the License at:
  16:Core/Src/stm32f0xx_hal_msp.c ****   *                        opensource.org/licenses/BSD-3-Clause
  17:Core/Src/stm32f0xx_hal_msp.c ****   *
  18:Core/Src/stm32f0xx_hal_msp.c ****   ******************************************************************************
  19:Core/Src/stm32f0xx_hal_msp.c ****   */
  20:Core/Src/stm32f0xx_hal_msp.c **** /* USER CODE END Header */
  21:Core/Src/stm32f0xx_hal_msp.c **** 
  22:Core/Src/stm32f0xx_hal_msp.c **** /* Includes ------------------------------------------------------------------*/
  23:Core/Src/stm32f0xx_hal_msp.c **** #include "main.h"
  24:Core/Src/stm32f0xx_hal_msp.c **** /* USER CODE BEGIN Includes */
  25:Core/Src/stm32f0xx_hal_msp.c **** 
  26:Core/Src/stm32f0xx_hal_msp.c **** /* USER CODE END Includes */
  27:Core/Src/stm32f0xx_hal_msp.c **** 
  28:Core/Src/stm32f0xx_hal_msp.c **** /* Private typedef -----------------------------------------------------------*/
  29:Core/Src/stm32f0xx_hal_msp.c **** /* USER CODE BEGIN TD */
  30:Core/Src/stm32f0xx_hal_msp.c **** 
  31:Core/Src/stm32f0xx_hal_msp.c **** /* USER CODE END TD */
  32:Core/Src/stm32f0xx_hal_msp.c **** 
ARM GAS  C:\Users\jisu8\AppData\Local\Temp\cc2C0Ey9.s 			page 2


  33:Core/Src/stm32f0xx_hal_msp.c **** /* Private define ------------------------------------------------------------*/
  34:Core/Src/stm32f0xx_hal_msp.c **** /* USER CODE BEGIN Define */
  35:Core/Src/stm32f0xx_hal_msp.c **** 
  36:Core/Src/stm32f0xx_hal_msp.c **** /* USER CODE END Define */
  37:Core/Src/stm32f0xx_hal_msp.c **** 
  38:Core/Src/stm32f0xx_hal_msp.c **** /* Private macro -------------------------------------------------------------*/
  39:Core/Src/stm32f0xx_hal_msp.c **** /* USER CODE BEGIN Macro */
  40:Core/Src/stm32f0xx_hal_msp.c **** 
  41:Core/Src/stm32f0xx_hal_msp.c **** /* USER CODE END Macro */
  42:Core/Src/stm32f0xx_hal_msp.c **** 
  43:Core/Src/stm32f0xx_hal_msp.c **** /* Private variables ---------------------------------------------------------*/
  44:Core/Src/stm32f0xx_hal_msp.c **** /* USER CODE BEGIN PV */
  45:Core/Src/stm32f0xx_hal_msp.c **** 
  46:Core/Src/stm32f0xx_hal_msp.c **** /* USER CODE END PV */
  47:Core/Src/stm32f0xx_hal_msp.c **** 
  48:Core/Src/stm32f0xx_hal_msp.c **** /* Private function prototypes -----------------------------------------------*/
  49:Core/Src/stm32f0xx_hal_msp.c **** /* USER CODE BEGIN PFP */
  50:Core/Src/stm32f0xx_hal_msp.c **** 
  51:Core/Src/stm32f0xx_hal_msp.c **** /* USER CODE END PFP */
  52:Core/Src/stm32f0xx_hal_msp.c **** 
  53:Core/Src/stm32f0xx_hal_msp.c **** /* External functions --------------------------------------------------------*/
  54:Core/Src/stm32f0xx_hal_msp.c **** /* USER CODE BEGIN ExternalFunctions */
  55:Core/Src/stm32f0xx_hal_msp.c **** 
  56:Core/Src/stm32f0xx_hal_msp.c **** /* USER CODE END ExternalFunctions */
  57:Core/Src/stm32f0xx_hal_msp.c **** 
  58:Core/Src/stm32f0xx_hal_msp.c **** /* USER CODE BEGIN 0 */
  59:Core/Src/stm32f0xx_hal_msp.c **** 
  60:Core/Src/stm32f0xx_hal_msp.c **** /* USER CODE END 0 */
  61:Core/Src/stm32f0xx_hal_msp.c **** 
  62:Core/Src/stm32f0xx_hal_msp.c **** void HAL_TIM_MspPostInit(TIM_HandleTypeDef *htim);
  63:Core/Src/stm32f0xx_hal_msp.c ****                                         /**
  64:Core/Src/stm32f0xx_hal_msp.c ****   * Initializes the Global MSP.
  65:Core/Src/stm32f0xx_hal_msp.c ****   */
  66:Core/Src/stm32f0xx_hal_msp.c **** void HAL_MspInit(void)
  67:Core/Src/stm32f0xx_hal_msp.c **** {
  27              		.loc 1 67 1 view -0
  28              		.cfi_startproc
  29              		@ args = 0, pretend = 0, frame = 8
  30              		@ frame_needed = 0, uses_anonymous_args = 0
  31              		@ link register save eliminated.
  32 0000 82B0     		sub	sp, sp, #8
  33              	.LCFI0:
  34              		.cfi_def_cfa_offset 8
  68:Core/Src/stm32f0xx_hal_msp.c ****   /* USER CODE BEGIN MspInit 0 */
  69:Core/Src/stm32f0xx_hal_msp.c **** 
  70:Core/Src/stm32f0xx_hal_msp.c ****   /* USER CODE END MspInit 0 */
  71:Core/Src/stm32f0xx_hal_msp.c **** 
  72:Core/Src/stm32f0xx_hal_msp.c ****   __HAL_RCC_SYSCFG_CLK_ENABLE();
  35              		.loc 1 72 3 view .LVU1
  36              	.LBB2:
  37              		.loc 1 72 3 view .LVU2
  38              		.loc 1 72 3 view .LVU3
  39 0002 0A4B     		ldr	r3, .L2
  40 0004 9969     		ldr	r1, [r3, #24]
  41 0006 0122     		movs	r2, #1
  42 0008 1143     		orrs	r1, r2
  43 000a 9961     		str	r1, [r3, #24]
ARM GAS  C:\Users\jisu8\AppData\Local\Temp\cc2C0Ey9.s 			page 3


  44              		.loc 1 72 3 view .LVU4
  45 000c 9969     		ldr	r1, [r3, #24]
  46 000e 0A40     		ands	r2, r1
  47 0010 0092     		str	r2, [sp]
  48              		.loc 1 72 3 view .LVU5
  49 0012 009A     		ldr	r2, [sp]
  50              	.LBE2:
  51              		.loc 1 72 3 view .LVU6
  73:Core/Src/stm32f0xx_hal_msp.c ****   __HAL_RCC_PWR_CLK_ENABLE();
  52              		.loc 1 73 3 view .LVU7
  53              	.LBB3:
  54              		.loc 1 73 3 view .LVU8
  55              		.loc 1 73 3 view .LVU9
  56 0014 DA69     		ldr	r2, [r3, #28]
  57 0016 8021     		movs	r1, #128
  58 0018 4905     		lsls	r1, r1, #21
  59 001a 0A43     		orrs	r2, r1
  60 001c DA61     		str	r2, [r3, #28]
  61              		.loc 1 73 3 view .LVU10
  62 001e DB69     		ldr	r3, [r3, #28]
  63 0020 0B40     		ands	r3, r1
  64 0022 0193     		str	r3, [sp, #4]
  65              		.loc 1 73 3 view .LVU11
  66 0024 019B     		ldr	r3, [sp, #4]
  67              	.LBE3:
  68              		.loc 1 73 3 view .LVU12
  74:Core/Src/stm32f0xx_hal_msp.c **** 
  75:Core/Src/stm32f0xx_hal_msp.c ****   /* System interrupt init*/
  76:Core/Src/stm32f0xx_hal_msp.c **** 
  77:Core/Src/stm32f0xx_hal_msp.c ****   /* USER CODE BEGIN MspInit 1 */
  78:Core/Src/stm32f0xx_hal_msp.c **** 
  79:Core/Src/stm32f0xx_hal_msp.c ****   /* USER CODE END MspInit 1 */
  80:Core/Src/stm32f0xx_hal_msp.c **** }
  69              		.loc 1 80 1 is_stmt 0 view .LVU13
  70 0026 02B0     		add	sp, sp, #8
  71              		@ sp needed
  72 0028 7047     		bx	lr
  73              	.L3:
  74 002a C046     		.align	2
  75              	.L2:
  76 002c 00100240 		.word	1073876992
  77              		.cfi_endproc
  78              	.LFE40:
  80              		.section	.text.HAL_ADC_MspInit,"ax",%progbits
  81              		.align	1
  82              		.global	HAL_ADC_MspInit
  83              		.syntax unified
  84              		.code	16
  85              		.thumb_func
  87              	HAL_ADC_MspInit:
  88              	.LVL0:
  89              	.LFB41:
  81:Core/Src/stm32f0xx_hal_msp.c **** 
  82:Core/Src/stm32f0xx_hal_msp.c **** /**
  83:Core/Src/stm32f0xx_hal_msp.c **** * @brief ADC MSP Initialization
  84:Core/Src/stm32f0xx_hal_msp.c **** * This function configures the hardware resources used in this example
  85:Core/Src/stm32f0xx_hal_msp.c **** * @param hadc: ADC handle pointer
ARM GAS  C:\Users\jisu8\AppData\Local\Temp\cc2C0Ey9.s 			page 4


  86:Core/Src/stm32f0xx_hal_msp.c **** * @retval None
  87:Core/Src/stm32f0xx_hal_msp.c **** */
  88:Core/Src/stm32f0xx_hal_msp.c **** void HAL_ADC_MspInit(ADC_HandleTypeDef* hadc)
  89:Core/Src/stm32f0xx_hal_msp.c **** {
  90              		.loc 1 89 1 is_stmt 1 view -0
  91              		.cfi_startproc
  92              		@ args = 0, pretend = 0, frame = 32
  93              		@ frame_needed = 0, uses_anonymous_args = 0
  94              		.loc 1 89 1 is_stmt 0 view .LVU15
  95 0000 10B5     		push	{r4, lr}
  96              	.LCFI1:
  97              		.cfi_def_cfa_offset 8
  98              		.cfi_offset 4, -8
  99              		.cfi_offset 14, -4
 100 0002 88B0     		sub	sp, sp, #32
 101              	.LCFI2:
 102              		.cfi_def_cfa_offset 40
 103 0004 0400     		movs	r4, r0
  90:Core/Src/stm32f0xx_hal_msp.c ****   GPIO_InitTypeDef GPIO_InitStruct = {0};
 104              		.loc 1 90 3 is_stmt 1 view .LVU16
 105              		.loc 1 90 20 is_stmt 0 view .LVU17
 106 0006 1422     		movs	r2, #20
 107 0008 0021     		movs	r1, #0
 108 000a 03A8     		add	r0, sp, #12
 109              	.LVL1:
 110              		.loc 1 90 20 view .LVU18
 111 000c FFF7FEFF 		bl	memset
 112              	.LVL2:
  91:Core/Src/stm32f0xx_hal_msp.c ****   if(hadc->Instance==ADC1)
 113              		.loc 1 91 3 is_stmt 1 view .LVU19
 114              		.loc 1 91 10 is_stmt 0 view .LVU20
 115 0010 2268     		ldr	r2, [r4]
 116              		.loc 1 91 5 view .LVU21
 117 0012 114B     		ldr	r3, .L7
 118 0014 9A42     		cmp	r2, r3
 119 0016 01D0     		beq	.L6
 120              	.L4:
  92:Core/Src/stm32f0xx_hal_msp.c ****   {
  93:Core/Src/stm32f0xx_hal_msp.c ****   /* USER CODE BEGIN ADC1_MspInit 0 */
  94:Core/Src/stm32f0xx_hal_msp.c **** 
  95:Core/Src/stm32f0xx_hal_msp.c ****   /* USER CODE END ADC1_MspInit 0 */
  96:Core/Src/stm32f0xx_hal_msp.c ****     /* Peripheral clock enable */
  97:Core/Src/stm32f0xx_hal_msp.c ****     __HAL_RCC_ADC1_CLK_ENABLE();
  98:Core/Src/stm32f0xx_hal_msp.c **** 
  99:Core/Src/stm32f0xx_hal_msp.c ****     __HAL_RCC_GPIOA_CLK_ENABLE();
 100:Core/Src/stm32f0xx_hal_msp.c ****     /**ADC GPIO Configuration
 101:Core/Src/stm32f0xx_hal_msp.c ****     PA0     ------> ADC_IN0
 102:Core/Src/stm32f0xx_hal_msp.c ****     */
 103:Core/Src/stm32f0xx_hal_msp.c ****     GPIO_InitStruct.Pin = GPIO_PIN_0;
 104:Core/Src/stm32f0xx_hal_msp.c ****     GPIO_InitStruct.Mode = GPIO_MODE_ANALOG;
 105:Core/Src/stm32f0xx_hal_msp.c ****     GPIO_InitStruct.Pull = GPIO_NOPULL;
 106:Core/Src/stm32f0xx_hal_msp.c ****     HAL_GPIO_Init(GPIOA, &GPIO_InitStruct);
 107:Core/Src/stm32f0xx_hal_msp.c **** 
 108:Core/Src/stm32f0xx_hal_msp.c ****   /* USER CODE BEGIN ADC1_MspInit 1 */
 109:Core/Src/stm32f0xx_hal_msp.c **** 
 110:Core/Src/stm32f0xx_hal_msp.c ****   /* USER CODE END ADC1_MspInit 1 */
 111:Core/Src/stm32f0xx_hal_msp.c ****   }
ARM GAS  C:\Users\jisu8\AppData\Local\Temp\cc2C0Ey9.s 			page 5


 112:Core/Src/stm32f0xx_hal_msp.c **** 
 113:Core/Src/stm32f0xx_hal_msp.c **** }
 121              		.loc 1 113 1 view .LVU22
 122 0018 08B0     		add	sp, sp, #32
 123              		@ sp needed
 124              	.LVL3:
 125              		.loc 1 113 1 view .LVU23
 126 001a 10BD     		pop	{r4, pc}
 127              	.LVL4:
 128              	.L6:
  97:Core/Src/stm32f0xx_hal_msp.c **** 
 129              		.loc 1 97 5 is_stmt 1 view .LVU24
 130              	.LBB4:
  97:Core/Src/stm32f0xx_hal_msp.c **** 
 131              		.loc 1 97 5 view .LVU25
  97:Core/Src/stm32f0xx_hal_msp.c **** 
 132              		.loc 1 97 5 view .LVU26
 133 001c 0F4B     		ldr	r3, .L7+4
 134 001e 9969     		ldr	r1, [r3, #24]
 135 0020 8020     		movs	r0, #128
 136 0022 8000     		lsls	r0, r0, #2
 137 0024 0143     		orrs	r1, r0
 138 0026 9961     		str	r1, [r3, #24]
  97:Core/Src/stm32f0xx_hal_msp.c **** 
 139              		.loc 1 97 5 view .LVU27
 140 0028 9A69     		ldr	r2, [r3, #24]
 141 002a 0240     		ands	r2, r0
 142 002c 0192     		str	r2, [sp, #4]
  97:Core/Src/stm32f0xx_hal_msp.c **** 
 143              		.loc 1 97 5 view .LVU28
 144 002e 019A     		ldr	r2, [sp, #4]
 145              	.LBE4:
  97:Core/Src/stm32f0xx_hal_msp.c **** 
 146              		.loc 1 97 5 view .LVU29
  99:Core/Src/stm32f0xx_hal_msp.c ****     /**ADC GPIO Configuration
 147              		.loc 1 99 5 view .LVU30
 148              	.LBB5:
  99:Core/Src/stm32f0xx_hal_msp.c ****     /**ADC GPIO Configuration
 149              		.loc 1 99 5 view .LVU31
  99:Core/Src/stm32f0xx_hal_msp.c ****     /**ADC GPIO Configuration
 150              		.loc 1 99 5 view .LVU32
 151 0030 5A69     		ldr	r2, [r3, #20]
 152 0032 8021     		movs	r1, #128
 153 0034 8902     		lsls	r1, r1, #10
 154 0036 0A43     		orrs	r2, r1
 155 0038 5A61     		str	r2, [r3, #20]
  99:Core/Src/stm32f0xx_hal_msp.c ****     /**ADC GPIO Configuration
 156              		.loc 1 99 5 view .LVU33
 157 003a 5B69     		ldr	r3, [r3, #20]
 158 003c 0B40     		ands	r3, r1
 159 003e 0293     		str	r3, [sp, #8]
  99:Core/Src/stm32f0xx_hal_msp.c ****     /**ADC GPIO Configuration
 160              		.loc 1 99 5 view .LVU34
 161 0040 029B     		ldr	r3, [sp, #8]
 162              	.LBE5:
  99:Core/Src/stm32f0xx_hal_msp.c ****     /**ADC GPIO Configuration
 163              		.loc 1 99 5 view .LVU35
ARM GAS  C:\Users\jisu8\AppData\Local\Temp\cc2C0Ey9.s 			page 6


 103:Core/Src/stm32f0xx_hal_msp.c ****     GPIO_InitStruct.Mode = GPIO_MODE_ANALOG;
 164              		.loc 1 103 5 view .LVU36
 103:Core/Src/stm32f0xx_hal_msp.c ****     GPIO_InitStruct.Mode = GPIO_MODE_ANALOG;
 165              		.loc 1 103 25 is_stmt 0 view .LVU37
 166 0042 0123     		movs	r3, #1
 167 0044 0393     		str	r3, [sp, #12]
 104:Core/Src/stm32f0xx_hal_msp.c ****     GPIO_InitStruct.Pull = GPIO_NOPULL;
 168              		.loc 1 104 5 is_stmt 1 view .LVU38
 104:Core/Src/stm32f0xx_hal_msp.c ****     GPIO_InitStruct.Pull = GPIO_NOPULL;
 169              		.loc 1 104 26 is_stmt 0 view .LVU39
 170 0046 0233     		adds	r3, r3, #2
 171 0048 0493     		str	r3, [sp, #16]
 105:Core/Src/stm32f0xx_hal_msp.c ****     HAL_GPIO_Init(GPIOA, &GPIO_InitStruct);
 172              		.loc 1 105 5 is_stmt 1 view .LVU40
 106:Core/Src/stm32f0xx_hal_msp.c **** 
 173              		.loc 1 106 5 view .LVU41
 174 004a 7138     		subs	r0, r0, #113
 175 004c FF38     		subs	r0, r0, #255
 176 004e 03A9     		add	r1, sp, #12
 177 0050 C005     		lsls	r0, r0, #23
 178 0052 FFF7FEFF 		bl	HAL_GPIO_Init
 179              	.LVL5:
 180              		.loc 1 113 1 is_stmt 0 view .LVU42
 181 0056 DFE7     		b	.L4
 182              	.L8:
 183              		.align	2
 184              	.L7:
 185 0058 00240140 		.word	1073816576
 186 005c 00100240 		.word	1073876992
 187              		.cfi_endproc
 188              	.LFE41:
 190              		.section	.text.HAL_ADC_MspDeInit,"ax",%progbits
 191              		.align	1
 192              		.global	HAL_ADC_MspDeInit
 193              		.syntax unified
 194              		.code	16
 195              		.thumb_func
 197              	HAL_ADC_MspDeInit:
 198              	.LVL6:
 199              	.LFB42:
 114:Core/Src/stm32f0xx_hal_msp.c **** 
 115:Core/Src/stm32f0xx_hal_msp.c **** /**
 116:Core/Src/stm32f0xx_hal_msp.c **** * @brief ADC MSP De-Initialization
 117:Core/Src/stm32f0xx_hal_msp.c **** * This function freeze the hardware resources used in this example
 118:Core/Src/stm32f0xx_hal_msp.c **** * @param hadc: ADC handle pointer
 119:Core/Src/stm32f0xx_hal_msp.c **** * @retval None
 120:Core/Src/stm32f0xx_hal_msp.c **** */
 121:Core/Src/stm32f0xx_hal_msp.c **** void HAL_ADC_MspDeInit(ADC_HandleTypeDef* hadc)
 122:Core/Src/stm32f0xx_hal_msp.c **** {
 200              		.loc 1 122 1 is_stmt 1 view -0
 201              		.cfi_startproc
 202              		@ args = 0, pretend = 0, frame = 0
 203              		@ frame_needed = 0, uses_anonymous_args = 0
 204              		.loc 1 122 1 is_stmt 0 view .LVU44
 205 0000 10B5     		push	{r4, lr}
 206              	.LCFI3:
 207              		.cfi_def_cfa_offset 8
ARM GAS  C:\Users\jisu8\AppData\Local\Temp\cc2C0Ey9.s 			page 7


 208              		.cfi_offset 4, -8
 209              		.cfi_offset 14, -4
 123:Core/Src/stm32f0xx_hal_msp.c ****   if(hadc->Instance==ADC1)
 210              		.loc 1 123 3 is_stmt 1 view .LVU45
 211              		.loc 1 123 10 is_stmt 0 view .LVU46
 212 0002 0268     		ldr	r2, [r0]
 213              		.loc 1 123 5 view .LVU47
 214 0004 074B     		ldr	r3, .L12
 215 0006 9A42     		cmp	r2, r3
 216 0008 00D0     		beq	.L11
 217              	.LVL7:
 218              	.L9:
 124:Core/Src/stm32f0xx_hal_msp.c ****   {
 125:Core/Src/stm32f0xx_hal_msp.c ****   /* USER CODE BEGIN ADC1_MspDeInit 0 */
 126:Core/Src/stm32f0xx_hal_msp.c **** 
 127:Core/Src/stm32f0xx_hal_msp.c ****   /* USER CODE END ADC1_MspDeInit 0 */
 128:Core/Src/stm32f0xx_hal_msp.c ****     /* Peripheral clock disable */
 129:Core/Src/stm32f0xx_hal_msp.c ****     __HAL_RCC_ADC1_CLK_DISABLE();
 130:Core/Src/stm32f0xx_hal_msp.c **** 
 131:Core/Src/stm32f0xx_hal_msp.c ****     /**ADC GPIO Configuration
 132:Core/Src/stm32f0xx_hal_msp.c ****     PA0     ------> ADC_IN0
 133:Core/Src/stm32f0xx_hal_msp.c ****     */
 134:Core/Src/stm32f0xx_hal_msp.c ****     HAL_GPIO_DeInit(GPIOA, GPIO_PIN_0);
 135:Core/Src/stm32f0xx_hal_msp.c **** 
 136:Core/Src/stm32f0xx_hal_msp.c ****   /* USER CODE BEGIN ADC1_MspDeInit 1 */
 137:Core/Src/stm32f0xx_hal_msp.c **** 
 138:Core/Src/stm32f0xx_hal_msp.c ****   /* USER CODE END ADC1_MspDeInit 1 */
 139:Core/Src/stm32f0xx_hal_msp.c ****   }
 140:Core/Src/stm32f0xx_hal_msp.c **** 
 141:Core/Src/stm32f0xx_hal_msp.c **** }
 219              		.loc 1 141 1 view .LVU48
 220              		@ sp needed
 221 000a 10BD     		pop	{r4, pc}
 222              	.LVL8:
 223              	.L11:
 129:Core/Src/stm32f0xx_hal_msp.c **** 
 224              		.loc 1 129 5 is_stmt 1 view .LVU49
 225 000c 064A     		ldr	r2, .L12+4
 226 000e 9369     		ldr	r3, [r2, #24]
 227 0010 0649     		ldr	r1, .L12+8
 228 0012 0B40     		ands	r3, r1
 229 0014 9361     		str	r3, [r2, #24]
 134:Core/Src/stm32f0xx_hal_msp.c **** 
 230              		.loc 1 134 5 view .LVU50
 231 0016 9020     		movs	r0, #144
 232              	.LVL9:
 134:Core/Src/stm32f0xx_hal_msp.c **** 
 233              		.loc 1 134 5 is_stmt 0 view .LVU51
 234 0018 0121     		movs	r1, #1
 235 001a C005     		lsls	r0, r0, #23
 236 001c FFF7FEFF 		bl	HAL_GPIO_DeInit
 237              	.LVL10:
 238              		.loc 1 141 1 view .LVU52
 239 0020 F3E7     		b	.L9
 240              	.L13:
 241 0022 C046     		.align	2
 242              	.L12:
ARM GAS  C:\Users\jisu8\AppData\Local\Temp\cc2C0Ey9.s 			page 8


 243 0024 00240140 		.word	1073816576
 244 0028 00100240 		.word	1073876992
 245 002c FFFDFFFF 		.word	-513
 246              		.cfi_endproc
 247              	.LFE42:
 249              		.section	.text.HAL_I2C_MspInit,"ax",%progbits
 250              		.align	1
 251              		.global	HAL_I2C_MspInit
 252              		.syntax unified
 253              		.code	16
 254              		.thumb_func
 256              	HAL_I2C_MspInit:
 257              	.LVL11:
 258              	.LFB43:
 142:Core/Src/stm32f0xx_hal_msp.c **** 
 143:Core/Src/stm32f0xx_hal_msp.c **** /**
 144:Core/Src/stm32f0xx_hal_msp.c **** * @brief I2C MSP Initialization
 145:Core/Src/stm32f0xx_hal_msp.c **** * This function configures the hardware resources used in this example
 146:Core/Src/stm32f0xx_hal_msp.c **** * @param hi2c: I2C handle pointer
 147:Core/Src/stm32f0xx_hal_msp.c **** * @retval None
 148:Core/Src/stm32f0xx_hal_msp.c **** */
 149:Core/Src/stm32f0xx_hal_msp.c **** void HAL_I2C_MspInit(I2C_HandleTypeDef* hi2c)
 150:Core/Src/stm32f0xx_hal_msp.c **** {
 259              		.loc 1 150 1 is_stmt 1 view -0
 260              		.cfi_startproc
 261              		@ args = 0, pretend = 0, frame = 32
 262              		@ frame_needed = 0, uses_anonymous_args = 0
 263              		.loc 1 150 1 is_stmt 0 view .LVU54
 264 0000 F0B5     		push	{r4, r5, r6, r7, lr}
 265              	.LCFI4:
 266              		.cfi_def_cfa_offset 20
 267              		.cfi_offset 4, -20
 268              		.cfi_offset 5, -16
 269              		.cfi_offset 6, -12
 270              		.cfi_offset 7, -8
 271              		.cfi_offset 14, -4
 272 0002 C646     		mov	lr, r8
 273 0004 00B5     		push	{lr}
 274              	.LCFI5:
 275              		.cfi_def_cfa_offset 24
 276              		.cfi_offset 8, -24
 277 0006 88B0     		sub	sp, sp, #32
 278              	.LCFI6:
 279              		.cfi_def_cfa_offset 56
 280 0008 0400     		movs	r4, r0
 151:Core/Src/stm32f0xx_hal_msp.c ****   GPIO_InitTypeDef GPIO_InitStruct = {0};
 281              		.loc 1 151 3 is_stmt 1 view .LVU55
 282              		.loc 1 151 20 is_stmt 0 view .LVU56
 283 000a 1422     		movs	r2, #20
 284 000c 0021     		movs	r1, #0
 285 000e 03A8     		add	r0, sp, #12
 286              	.LVL12:
 287              		.loc 1 151 20 view .LVU57
 288 0010 FFF7FEFF 		bl	memset
 289              	.LVL13:
 152:Core/Src/stm32f0xx_hal_msp.c ****   if(hi2c->Instance==I2C1)
 290              		.loc 1 152 3 is_stmt 1 view .LVU58
ARM GAS  C:\Users\jisu8\AppData\Local\Temp\cc2C0Ey9.s 			page 9


 291              		.loc 1 152 10 is_stmt 0 view .LVU59
 292 0014 2268     		ldr	r2, [r4]
 293              		.loc 1 152 5 view .LVU60
 294 0016 1A4B     		ldr	r3, .L17
 295 0018 9A42     		cmp	r2, r3
 296 001a 03D0     		beq	.L16
 297              	.LVL14:
 298              	.L14:
 153:Core/Src/stm32f0xx_hal_msp.c ****   {
 154:Core/Src/stm32f0xx_hal_msp.c ****   /* USER CODE BEGIN I2C1_MspInit 0 */
 155:Core/Src/stm32f0xx_hal_msp.c **** 
 156:Core/Src/stm32f0xx_hal_msp.c ****   /* USER CODE END I2C1_MspInit 0 */
 157:Core/Src/stm32f0xx_hal_msp.c **** 
 158:Core/Src/stm32f0xx_hal_msp.c ****     __HAL_RCC_GPIOB_CLK_ENABLE();
 159:Core/Src/stm32f0xx_hal_msp.c ****     /**I2C1 GPIO Configuration
 160:Core/Src/stm32f0xx_hal_msp.c ****     PB6     ------> I2C1_SCL
 161:Core/Src/stm32f0xx_hal_msp.c ****     PB7     ------> I2C1_SDA
 162:Core/Src/stm32f0xx_hal_msp.c ****     */
 163:Core/Src/stm32f0xx_hal_msp.c ****     GPIO_InitStruct.Pin = GPIO_PIN_6;
 164:Core/Src/stm32f0xx_hal_msp.c ****     GPIO_InitStruct.Mode = GPIO_MODE_AF_OD;
 165:Core/Src/stm32f0xx_hal_msp.c ****     GPIO_InitStruct.Pull = GPIO_NOPULL;
 166:Core/Src/stm32f0xx_hal_msp.c ****     GPIO_InitStruct.Speed = GPIO_SPEED_FREQ_HIGH;
 167:Core/Src/stm32f0xx_hal_msp.c ****     GPIO_InitStruct.Alternate = GPIO_AF1_I2C1;
 168:Core/Src/stm32f0xx_hal_msp.c ****     HAL_GPIO_Init(GPIOB, &GPIO_InitStruct);
 169:Core/Src/stm32f0xx_hal_msp.c **** 
 170:Core/Src/stm32f0xx_hal_msp.c ****     GPIO_InitStruct.Pin = GPIO_PIN_7;
 171:Core/Src/stm32f0xx_hal_msp.c ****     GPIO_InitStruct.Mode = GPIO_MODE_AF_OD;
 172:Core/Src/stm32f0xx_hal_msp.c ****     GPIO_InitStruct.Pull = GPIO_PULLUP;
 173:Core/Src/stm32f0xx_hal_msp.c ****     GPIO_InitStruct.Speed = GPIO_SPEED_FREQ_HIGH;
 174:Core/Src/stm32f0xx_hal_msp.c ****     GPIO_InitStruct.Alternate = GPIO_AF1_I2C1;
 175:Core/Src/stm32f0xx_hal_msp.c ****     HAL_GPIO_Init(GPIOB, &GPIO_InitStruct);
 176:Core/Src/stm32f0xx_hal_msp.c **** 
 177:Core/Src/stm32f0xx_hal_msp.c ****     /* Peripheral clock enable */
 178:Core/Src/stm32f0xx_hal_msp.c ****     __HAL_RCC_I2C1_CLK_ENABLE();
 179:Core/Src/stm32f0xx_hal_msp.c ****   /* USER CODE BEGIN I2C1_MspInit 1 */
 180:Core/Src/stm32f0xx_hal_msp.c **** 
 181:Core/Src/stm32f0xx_hal_msp.c ****   /* USER CODE END I2C1_MspInit 1 */
 182:Core/Src/stm32f0xx_hal_msp.c ****   }
 183:Core/Src/stm32f0xx_hal_msp.c **** 
 184:Core/Src/stm32f0xx_hal_msp.c **** }
 299              		.loc 1 184 1 view .LVU61
 300 001c 08B0     		add	sp, sp, #32
 301              		@ sp needed
 302 001e 80BC     		pop	{r7}
 303 0020 B846     		mov	r8, r7
 304 0022 F0BD     		pop	{r4, r5, r6, r7, pc}
 305              	.LVL15:
 306              	.L16:
 158:Core/Src/stm32f0xx_hal_msp.c ****     /**I2C1 GPIO Configuration
 307              		.loc 1 158 5 is_stmt 1 view .LVU62
 308              	.LBB6:
 158:Core/Src/stm32f0xx_hal_msp.c ****     /**I2C1 GPIO Configuration
 309              		.loc 1 158 5 view .LVU63
 158:Core/Src/stm32f0xx_hal_msp.c ****     /**I2C1 GPIO Configuration
 310              		.loc 1 158 5 view .LVU64
 311 0024 174C     		ldr	r4, .L17+4
 312              	.LVL16:
ARM GAS  C:\Users\jisu8\AppData\Local\Temp\cc2C0Ey9.s 			page 10


 158:Core/Src/stm32f0xx_hal_msp.c ****     /**I2C1 GPIO Configuration
 313              		.loc 1 158 5 is_stmt 0 view .LVU65
 314 0026 6269     		ldr	r2, [r4, #20]
 315 0028 8021     		movs	r1, #128
 316 002a C902     		lsls	r1, r1, #11
 317 002c 0A43     		orrs	r2, r1
 318 002e 6261     		str	r2, [r4, #20]
 158:Core/Src/stm32f0xx_hal_msp.c ****     /**I2C1 GPIO Configuration
 319              		.loc 1 158 5 is_stmt 1 view .LVU66
 320 0030 6369     		ldr	r3, [r4, #20]
 321 0032 0B40     		ands	r3, r1
 322 0034 0193     		str	r3, [sp, #4]
 158:Core/Src/stm32f0xx_hal_msp.c ****     /**I2C1 GPIO Configuration
 323              		.loc 1 158 5 view .LVU67
 324 0036 019B     		ldr	r3, [sp, #4]
 325              	.LBE6:
 158:Core/Src/stm32f0xx_hal_msp.c ****     /**I2C1 GPIO Configuration
 326              		.loc 1 158 5 view .LVU68
 163:Core/Src/stm32f0xx_hal_msp.c ****     GPIO_InitStruct.Mode = GPIO_MODE_AF_OD;
 327              		.loc 1 163 5 view .LVU69
 163:Core/Src/stm32f0xx_hal_msp.c ****     GPIO_InitStruct.Mode = GPIO_MODE_AF_OD;
 328              		.loc 1 163 25 is_stmt 0 view .LVU70
 329 0038 4023     		movs	r3, #64
 330 003a 0393     		str	r3, [sp, #12]
 164:Core/Src/stm32f0xx_hal_msp.c ****     GPIO_InitStruct.Pull = GPIO_NOPULL;
 331              		.loc 1 164 5 is_stmt 1 view .LVU71
 164:Core/Src/stm32f0xx_hal_msp.c ****     GPIO_InitStruct.Pull = GPIO_NOPULL;
 332              		.loc 1 164 26 is_stmt 0 view .LVU72
 333 003c 2E3B     		subs	r3, r3, #46
 334 003e 9846     		mov	r8, r3
 335 0040 0493     		str	r3, [sp, #16]
 165:Core/Src/stm32f0xx_hal_msp.c ****     GPIO_InitStruct.Speed = GPIO_SPEED_FREQ_HIGH;
 336              		.loc 1 165 5 is_stmt 1 view .LVU73
 166:Core/Src/stm32f0xx_hal_msp.c ****     GPIO_InitStruct.Alternate = GPIO_AF1_I2C1;
 337              		.loc 1 166 5 view .LVU74
 166:Core/Src/stm32f0xx_hal_msp.c ****     GPIO_InitStruct.Alternate = GPIO_AF1_I2C1;
 338              		.loc 1 166 27 is_stmt 0 view .LVU75
 339 0042 0327     		movs	r7, #3
 340 0044 0697     		str	r7, [sp, #24]
 167:Core/Src/stm32f0xx_hal_msp.c ****     HAL_GPIO_Init(GPIOB, &GPIO_InitStruct);
 341              		.loc 1 167 5 is_stmt 1 view .LVU76
 167:Core/Src/stm32f0xx_hal_msp.c ****     HAL_GPIO_Init(GPIOB, &GPIO_InitStruct);
 342              		.loc 1 167 31 is_stmt 0 view .LVU77
 343 0046 0125     		movs	r5, #1
 344 0048 0795     		str	r5, [sp, #28]
 168:Core/Src/stm32f0xx_hal_msp.c **** 
 345              		.loc 1 168 5 is_stmt 1 view .LVU78
 346 004a 0F4E     		ldr	r6, .L17+8
 347 004c 03A9     		add	r1, sp, #12
 348 004e 3000     		movs	r0, r6
 349 0050 FFF7FEFF 		bl	HAL_GPIO_Init
 350              	.LVL17:
 170:Core/Src/stm32f0xx_hal_msp.c ****     GPIO_InitStruct.Mode = GPIO_MODE_AF_OD;
 351              		.loc 1 170 5 view .LVU79
 170:Core/Src/stm32f0xx_hal_msp.c ****     GPIO_InitStruct.Mode = GPIO_MODE_AF_OD;
 352              		.loc 1 170 25 is_stmt 0 view .LVU80
 353 0054 8023     		movs	r3, #128
ARM GAS  C:\Users\jisu8\AppData\Local\Temp\cc2C0Ey9.s 			page 11


 354 0056 0393     		str	r3, [sp, #12]
 171:Core/Src/stm32f0xx_hal_msp.c ****     GPIO_InitStruct.Pull = GPIO_PULLUP;
 355              		.loc 1 171 5 is_stmt 1 view .LVU81
 171:Core/Src/stm32f0xx_hal_msp.c ****     GPIO_InitStruct.Pull = GPIO_PULLUP;
 356              		.loc 1 171 26 is_stmt 0 view .LVU82
 357 0058 4346     		mov	r3, r8
 358 005a 0493     		str	r3, [sp, #16]
 172:Core/Src/stm32f0xx_hal_msp.c ****     GPIO_InitStruct.Speed = GPIO_SPEED_FREQ_HIGH;
 359              		.loc 1 172 5 is_stmt 1 view .LVU83
 172:Core/Src/stm32f0xx_hal_msp.c ****     GPIO_InitStruct.Speed = GPIO_SPEED_FREQ_HIGH;
 360              		.loc 1 172 26 is_stmt 0 view .LVU84
 361 005c 0595     		str	r5, [sp, #20]
 173:Core/Src/stm32f0xx_hal_msp.c ****     GPIO_InitStruct.Alternate = GPIO_AF1_I2C1;
 362              		.loc 1 173 5 is_stmt 1 view .LVU85
 173:Core/Src/stm32f0xx_hal_msp.c ****     GPIO_InitStruct.Alternate = GPIO_AF1_I2C1;
 363              		.loc 1 173 27 is_stmt 0 view .LVU86
 364 005e 0697     		str	r7, [sp, #24]
 174:Core/Src/stm32f0xx_hal_msp.c ****     HAL_GPIO_Init(GPIOB, &GPIO_InitStruct);
 365              		.loc 1 174 5 is_stmt 1 view .LVU87
 174:Core/Src/stm32f0xx_hal_msp.c ****     HAL_GPIO_Init(GPIOB, &GPIO_InitStruct);
 366              		.loc 1 174 31 is_stmt 0 view .LVU88
 367 0060 0795     		str	r5, [sp, #28]
 175:Core/Src/stm32f0xx_hal_msp.c **** 
 368              		.loc 1 175 5 is_stmt 1 view .LVU89
 369 0062 03A9     		add	r1, sp, #12
 370 0064 3000     		movs	r0, r6
 371 0066 FFF7FEFF 		bl	HAL_GPIO_Init
 372              	.LVL18:
 178:Core/Src/stm32f0xx_hal_msp.c ****   /* USER CODE BEGIN I2C1_MspInit 1 */
 373              		.loc 1 178 5 view .LVU90
 374              	.LBB7:
 178:Core/Src/stm32f0xx_hal_msp.c ****   /* USER CODE BEGIN I2C1_MspInit 1 */
 375              		.loc 1 178 5 view .LVU91
 178:Core/Src/stm32f0xx_hal_msp.c ****   /* USER CODE BEGIN I2C1_MspInit 1 */
 376              		.loc 1 178 5 view .LVU92
 377 006a E269     		ldr	r2, [r4, #28]
 378 006c 8021     		movs	r1, #128
 379 006e 8903     		lsls	r1, r1, #14
 380 0070 0A43     		orrs	r2, r1
 381 0072 E261     		str	r2, [r4, #28]
 178:Core/Src/stm32f0xx_hal_msp.c ****   /* USER CODE BEGIN I2C1_MspInit 1 */
 382              		.loc 1 178 5 view .LVU93
 383 0074 E369     		ldr	r3, [r4, #28]
 384 0076 0B40     		ands	r3, r1
 385 0078 0293     		str	r3, [sp, #8]
 178:Core/Src/stm32f0xx_hal_msp.c ****   /* USER CODE BEGIN I2C1_MspInit 1 */
 386              		.loc 1 178 5 view .LVU94
 387 007a 029B     		ldr	r3, [sp, #8]
 388              	.LBE7:
 178:Core/Src/stm32f0xx_hal_msp.c ****   /* USER CODE BEGIN I2C1_MspInit 1 */
 389              		.loc 1 178 5 view .LVU95
 390              		.loc 1 184 1 is_stmt 0 view .LVU96
 391 007c CEE7     		b	.L14
 392              	.L18:
 393 007e C046     		.align	2
 394              	.L17:
 395 0080 00540040 		.word	1073763328
ARM GAS  C:\Users\jisu8\AppData\Local\Temp\cc2C0Ey9.s 			page 12


 396 0084 00100240 		.word	1073876992
 397 0088 00040048 		.word	1207960576
 398              		.cfi_endproc
 399              	.LFE43:
 401              		.section	.text.HAL_I2C_MspDeInit,"ax",%progbits
 402              		.align	1
 403              		.global	HAL_I2C_MspDeInit
 404              		.syntax unified
 405              		.code	16
 406              		.thumb_func
 408              	HAL_I2C_MspDeInit:
 409              	.LVL19:
 410              	.LFB44:
 185:Core/Src/stm32f0xx_hal_msp.c **** 
 186:Core/Src/stm32f0xx_hal_msp.c **** /**
 187:Core/Src/stm32f0xx_hal_msp.c **** * @brief I2C MSP De-Initialization
 188:Core/Src/stm32f0xx_hal_msp.c **** * This function freeze the hardware resources used in this example
 189:Core/Src/stm32f0xx_hal_msp.c **** * @param hi2c: I2C handle pointer
 190:Core/Src/stm32f0xx_hal_msp.c **** * @retval None
 191:Core/Src/stm32f0xx_hal_msp.c **** */
 192:Core/Src/stm32f0xx_hal_msp.c **** void HAL_I2C_MspDeInit(I2C_HandleTypeDef* hi2c)
 193:Core/Src/stm32f0xx_hal_msp.c **** {
 411              		.loc 1 193 1 is_stmt 1 view -0
 412              		.cfi_startproc
 413              		@ args = 0, pretend = 0, frame = 0
 414              		@ frame_needed = 0, uses_anonymous_args = 0
 415              		.loc 1 193 1 is_stmt 0 view .LVU98
 416 0000 10B5     		push	{r4, lr}
 417              	.LCFI7:
 418              		.cfi_def_cfa_offset 8
 419              		.cfi_offset 4, -8
 420              		.cfi_offset 14, -4
 194:Core/Src/stm32f0xx_hal_msp.c ****   if(hi2c->Instance==I2C1)
 421              		.loc 1 194 3 is_stmt 1 view .LVU99
 422              		.loc 1 194 10 is_stmt 0 view .LVU100
 423 0002 0268     		ldr	r2, [r0]
 424              		.loc 1 194 5 view .LVU101
 425 0004 094B     		ldr	r3, .L22
 426 0006 9A42     		cmp	r2, r3
 427 0008 00D0     		beq	.L21
 428              	.LVL20:
 429              	.L19:
 195:Core/Src/stm32f0xx_hal_msp.c ****   {
 196:Core/Src/stm32f0xx_hal_msp.c ****   /* USER CODE BEGIN I2C1_MspDeInit 0 */
 197:Core/Src/stm32f0xx_hal_msp.c **** 
 198:Core/Src/stm32f0xx_hal_msp.c ****   /* USER CODE END I2C1_MspDeInit 0 */
 199:Core/Src/stm32f0xx_hal_msp.c ****     /* Peripheral clock disable */
 200:Core/Src/stm32f0xx_hal_msp.c ****     __HAL_RCC_I2C1_CLK_DISABLE();
 201:Core/Src/stm32f0xx_hal_msp.c **** 
 202:Core/Src/stm32f0xx_hal_msp.c ****     /**I2C1 GPIO Configuration
 203:Core/Src/stm32f0xx_hal_msp.c ****     PB6     ------> I2C1_SCL
 204:Core/Src/stm32f0xx_hal_msp.c ****     PB7     ------> I2C1_SDA
 205:Core/Src/stm32f0xx_hal_msp.c ****     */
 206:Core/Src/stm32f0xx_hal_msp.c ****     HAL_GPIO_DeInit(GPIOB, GPIO_PIN_6);
 207:Core/Src/stm32f0xx_hal_msp.c **** 
 208:Core/Src/stm32f0xx_hal_msp.c ****     HAL_GPIO_DeInit(GPIOB, GPIO_PIN_7);
 209:Core/Src/stm32f0xx_hal_msp.c **** 
ARM GAS  C:\Users\jisu8\AppData\Local\Temp\cc2C0Ey9.s 			page 13


 210:Core/Src/stm32f0xx_hal_msp.c ****   /* USER CODE BEGIN I2C1_MspDeInit 1 */
 211:Core/Src/stm32f0xx_hal_msp.c **** 
 212:Core/Src/stm32f0xx_hal_msp.c ****   /* USER CODE END I2C1_MspDeInit 1 */
 213:Core/Src/stm32f0xx_hal_msp.c ****   }
 214:Core/Src/stm32f0xx_hal_msp.c **** 
 215:Core/Src/stm32f0xx_hal_msp.c **** }
 430              		.loc 1 215 1 view .LVU102
 431              		@ sp needed
 432 000a 10BD     		pop	{r4, pc}
 433              	.LVL21:
 434              	.L21:
 200:Core/Src/stm32f0xx_hal_msp.c **** 
 435              		.loc 1 200 5 is_stmt 1 view .LVU103
 436 000c 084A     		ldr	r2, .L22+4
 437 000e D369     		ldr	r3, [r2, #28]
 438 0010 0849     		ldr	r1, .L22+8
 439 0012 0B40     		ands	r3, r1
 440 0014 D361     		str	r3, [r2, #28]
 206:Core/Src/stm32f0xx_hal_msp.c **** 
 441              		.loc 1 206 5 view .LVU104
 442 0016 084C     		ldr	r4, .L22+12
 443 0018 4021     		movs	r1, #64
 444 001a 2000     		movs	r0, r4
 445              	.LVL22:
 206:Core/Src/stm32f0xx_hal_msp.c **** 
 446              		.loc 1 206 5 is_stmt 0 view .LVU105
 447 001c FFF7FEFF 		bl	HAL_GPIO_DeInit
 448              	.LVL23:
 208:Core/Src/stm32f0xx_hal_msp.c **** 
 449              		.loc 1 208 5 is_stmt 1 view .LVU106
 450 0020 8021     		movs	r1, #128
 451 0022 2000     		movs	r0, r4
 452 0024 FFF7FEFF 		bl	HAL_GPIO_DeInit
 453              	.LVL24:
 454              		.loc 1 215 1 is_stmt 0 view .LVU107
 455 0028 EFE7     		b	.L19
 456              	.L23:
 457 002a C046     		.align	2
 458              	.L22:
 459 002c 00540040 		.word	1073763328
 460 0030 00100240 		.word	1073876992
 461 0034 FFFFDFFF 		.word	-2097153
 462 0038 00040048 		.word	1207960576
 463              		.cfi_endproc
 464              	.LFE44:
 466              		.section	.text.HAL_TIM_Base_MspInit,"ax",%progbits
 467              		.align	1
 468              		.global	HAL_TIM_Base_MspInit
 469              		.syntax unified
 470              		.code	16
 471              		.thumb_func
 473              	HAL_TIM_Base_MspInit:
 474              	.LVL25:
 475              	.LFB45:
 216:Core/Src/stm32f0xx_hal_msp.c **** 
 217:Core/Src/stm32f0xx_hal_msp.c **** /**
 218:Core/Src/stm32f0xx_hal_msp.c **** * @brief TIM_Base MSP Initialization
ARM GAS  C:\Users\jisu8\AppData\Local\Temp\cc2C0Ey9.s 			page 14


 219:Core/Src/stm32f0xx_hal_msp.c **** * This function configures the hardware resources used in this example
 220:Core/Src/stm32f0xx_hal_msp.c **** * @param htim_base: TIM_Base handle pointer
 221:Core/Src/stm32f0xx_hal_msp.c **** * @retval None
 222:Core/Src/stm32f0xx_hal_msp.c **** */
 223:Core/Src/stm32f0xx_hal_msp.c **** void HAL_TIM_Base_MspInit(TIM_HandleTypeDef* htim_base)
 224:Core/Src/stm32f0xx_hal_msp.c **** {
 476              		.loc 1 224 1 is_stmt 1 view -0
 477              		.cfi_startproc
 478              		@ args = 0, pretend = 0, frame = 16
 479              		@ frame_needed = 0, uses_anonymous_args = 0
 480              		.loc 1 224 1 is_stmt 0 view .LVU109
 481 0000 00B5     		push	{lr}
 482              	.LCFI8:
 483              		.cfi_def_cfa_offset 4
 484              		.cfi_offset 14, -4
 485 0002 85B0     		sub	sp, sp, #20
 486              	.LCFI9:
 487              		.cfi_def_cfa_offset 24
 225:Core/Src/stm32f0xx_hal_msp.c ****   if(htim_base->Instance==TIM1)
 488              		.loc 1 225 3 is_stmt 1 view .LVU110
 489              		.loc 1 225 15 is_stmt 0 view .LVU111
 490 0004 0368     		ldr	r3, [r0]
 491              		.loc 1 225 5 view .LVU112
 492 0006 244A     		ldr	r2, .L33
 493 0008 9342     		cmp	r3, r2
 494 000a 0AD0     		beq	.L29
 226:Core/Src/stm32f0xx_hal_msp.c ****   {
 227:Core/Src/stm32f0xx_hal_msp.c ****   /* USER CODE BEGIN TIM1_MspInit 0 */
 228:Core/Src/stm32f0xx_hal_msp.c **** 
 229:Core/Src/stm32f0xx_hal_msp.c ****   /* USER CODE END TIM1_MspInit 0 */
 230:Core/Src/stm32f0xx_hal_msp.c ****     /* Peripheral clock enable */
 231:Core/Src/stm32f0xx_hal_msp.c ****     __HAL_RCC_TIM1_CLK_ENABLE();
 232:Core/Src/stm32f0xx_hal_msp.c ****   /* USER CODE BEGIN TIM1_MspInit 1 */
 233:Core/Src/stm32f0xx_hal_msp.c **** 
 234:Core/Src/stm32f0xx_hal_msp.c ****   /* USER CODE END TIM1_MspInit 1 */
 235:Core/Src/stm32f0xx_hal_msp.c ****   }
 236:Core/Src/stm32f0xx_hal_msp.c ****   else if(htim_base->Instance==TIM3)
 495              		.loc 1 236 8 is_stmt 1 view .LVU113
 496              		.loc 1 236 10 is_stmt 0 view .LVU114
 497 000c 234A     		ldr	r2, .L33+4
 498 000e 9342     		cmp	r3, r2
 499 0010 12D0     		beq	.L30
 237:Core/Src/stm32f0xx_hal_msp.c ****   {
 238:Core/Src/stm32f0xx_hal_msp.c ****   /* USER CODE BEGIN TIM3_MspInit 0 */
 239:Core/Src/stm32f0xx_hal_msp.c **** 
 240:Core/Src/stm32f0xx_hal_msp.c ****   /* USER CODE END TIM3_MspInit 0 */
 241:Core/Src/stm32f0xx_hal_msp.c ****     /* Peripheral clock enable */
 242:Core/Src/stm32f0xx_hal_msp.c ****     __HAL_RCC_TIM3_CLK_ENABLE();
 243:Core/Src/stm32f0xx_hal_msp.c ****   /* USER CODE BEGIN TIM3_MspInit 1 */
 244:Core/Src/stm32f0xx_hal_msp.c **** 
 245:Core/Src/stm32f0xx_hal_msp.c ****   /* USER CODE END TIM3_MspInit 1 */
 246:Core/Src/stm32f0xx_hal_msp.c ****   }
 247:Core/Src/stm32f0xx_hal_msp.c ****   else if(htim_base->Instance==TIM14)
 500              		.loc 1 247 8 is_stmt 1 view .LVU115
 501              		.loc 1 247 10 is_stmt 0 view .LVU116
 502 0012 234A     		ldr	r2, .L33+8
 503 0014 9342     		cmp	r3, r2
ARM GAS  C:\Users\jisu8\AppData\Local\Temp\cc2C0Ey9.s 			page 15


 504 0016 19D0     		beq	.L31
 248:Core/Src/stm32f0xx_hal_msp.c ****   {
 249:Core/Src/stm32f0xx_hal_msp.c ****   /* USER CODE BEGIN TIM14_MspInit 0 */
 250:Core/Src/stm32f0xx_hal_msp.c **** 
 251:Core/Src/stm32f0xx_hal_msp.c ****   /* USER CODE END TIM14_MspInit 0 */
 252:Core/Src/stm32f0xx_hal_msp.c ****     /* Peripheral clock enable */
 253:Core/Src/stm32f0xx_hal_msp.c ****     __HAL_RCC_TIM14_CLK_ENABLE();
 254:Core/Src/stm32f0xx_hal_msp.c ****     /* TIM14 interrupt Init */
 255:Core/Src/stm32f0xx_hal_msp.c ****     HAL_NVIC_SetPriority(TIM14_IRQn, 3, 0);
 256:Core/Src/stm32f0xx_hal_msp.c ****     HAL_NVIC_EnableIRQ(TIM14_IRQn);
 257:Core/Src/stm32f0xx_hal_msp.c ****   /* USER CODE BEGIN TIM14_MspInit 1 */
 258:Core/Src/stm32f0xx_hal_msp.c **** 
 259:Core/Src/stm32f0xx_hal_msp.c ****   /* USER CODE END TIM14_MspInit 1 */
 260:Core/Src/stm32f0xx_hal_msp.c ****   }
 261:Core/Src/stm32f0xx_hal_msp.c ****   else if(htim_base->Instance==TIM16)
 505              		.loc 1 261 8 is_stmt 1 view .LVU117
 506              		.loc 1 261 10 is_stmt 0 view .LVU118
 507 0018 224A     		ldr	r2, .L33+12
 508 001a 9342     		cmp	r3, r2
 509 001c 29D0     		beq	.L32
 510              	.LVL26:
 511              	.L24:
 262:Core/Src/stm32f0xx_hal_msp.c ****   {
 263:Core/Src/stm32f0xx_hal_msp.c ****   /* USER CODE BEGIN TIM16_MspInit 0 */
 264:Core/Src/stm32f0xx_hal_msp.c **** 
 265:Core/Src/stm32f0xx_hal_msp.c ****   /* USER CODE END TIM16_MspInit 0 */
 266:Core/Src/stm32f0xx_hal_msp.c ****     /* Peripheral clock enable */
 267:Core/Src/stm32f0xx_hal_msp.c ****     __HAL_RCC_TIM16_CLK_ENABLE();
 268:Core/Src/stm32f0xx_hal_msp.c ****     /* TIM16 interrupt Init */
 269:Core/Src/stm32f0xx_hal_msp.c ****     HAL_NVIC_SetPriority(TIM16_IRQn, 1, 0);
 270:Core/Src/stm32f0xx_hal_msp.c ****     HAL_NVIC_EnableIRQ(TIM16_IRQn);
 271:Core/Src/stm32f0xx_hal_msp.c ****   /* USER CODE BEGIN TIM16_MspInit 1 */
 272:Core/Src/stm32f0xx_hal_msp.c **** 
 273:Core/Src/stm32f0xx_hal_msp.c ****   /* USER CODE END TIM16_MspInit 1 */
 274:Core/Src/stm32f0xx_hal_msp.c ****   }
 275:Core/Src/stm32f0xx_hal_msp.c **** 
 276:Core/Src/stm32f0xx_hal_msp.c **** }
 512              		.loc 1 276 1 view .LVU119
 513 001e 05B0     		add	sp, sp, #20
 514              		@ sp needed
 515 0020 00BD     		pop	{pc}
 516              	.LVL27:
 517              	.L29:
 231:Core/Src/stm32f0xx_hal_msp.c ****   /* USER CODE BEGIN TIM1_MspInit 1 */
 518              		.loc 1 231 5 is_stmt 1 view .LVU120
 519              	.LBB8:
 231:Core/Src/stm32f0xx_hal_msp.c ****   /* USER CODE BEGIN TIM1_MspInit 1 */
 520              		.loc 1 231 5 view .LVU121
 231:Core/Src/stm32f0xx_hal_msp.c ****   /* USER CODE BEGIN TIM1_MspInit 1 */
 521              		.loc 1 231 5 view .LVU122
 522 0022 214A     		ldr	r2, .L33+16
 523 0024 9169     		ldr	r1, [r2, #24]
 524 0026 8020     		movs	r0, #128
 525              	.LVL28:
 231:Core/Src/stm32f0xx_hal_msp.c ****   /* USER CODE BEGIN TIM1_MspInit 1 */
 526              		.loc 1 231 5 is_stmt 0 view .LVU123
 527 0028 0001     		lsls	r0, r0, #4
ARM GAS  C:\Users\jisu8\AppData\Local\Temp\cc2C0Ey9.s 			page 16


 528 002a 0143     		orrs	r1, r0
 529 002c 9161     		str	r1, [r2, #24]
 231:Core/Src/stm32f0xx_hal_msp.c ****   /* USER CODE BEGIN TIM1_MspInit 1 */
 530              		.loc 1 231 5 is_stmt 1 view .LVU124
 531 002e 9369     		ldr	r3, [r2, #24]
 532 0030 0340     		ands	r3, r0
 533 0032 0093     		str	r3, [sp]
 231:Core/Src/stm32f0xx_hal_msp.c ****   /* USER CODE BEGIN TIM1_MspInit 1 */
 534              		.loc 1 231 5 view .LVU125
 535 0034 009B     		ldr	r3, [sp]
 536              	.LBE8:
 231:Core/Src/stm32f0xx_hal_msp.c ****   /* USER CODE BEGIN TIM1_MspInit 1 */
 537              		.loc 1 231 5 view .LVU126
 538 0036 F2E7     		b	.L24
 539              	.LVL29:
 540              	.L30:
 242:Core/Src/stm32f0xx_hal_msp.c ****   /* USER CODE BEGIN TIM3_MspInit 1 */
 541              		.loc 1 242 5 view .LVU127
 542              	.LBB9:
 242:Core/Src/stm32f0xx_hal_msp.c ****   /* USER CODE BEGIN TIM3_MspInit 1 */
 543              		.loc 1 242 5 view .LVU128
 242:Core/Src/stm32f0xx_hal_msp.c ****   /* USER CODE BEGIN TIM3_MspInit 1 */
 544              		.loc 1 242 5 view .LVU129
 545 0038 1B4A     		ldr	r2, .L33+16
 546 003a D169     		ldr	r1, [r2, #28]
 547 003c 0223     		movs	r3, #2
 548 003e 1943     		orrs	r1, r3
 549 0040 D161     		str	r1, [r2, #28]
 242:Core/Src/stm32f0xx_hal_msp.c ****   /* USER CODE BEGIN TIM3_MspInit 1 */
 550              		.loc 1 242 5 view .LVU130
 551 0042 D269     		ldr	r2, [r2, #28]
 552 0044 1340     		ands	r3, r2
 553 0046 0193     		str	r3, [sp, #4]
 242:Core/Src/stm32f0xx_hal_msp.c ****   /* USER CODE BEGIN TIM3_MspInit 1 */
 554              		.loc 1 242 5 view .LVU131
 555 0048 019B     		ldr	r3, [sp, #4]
 556              	.LBE9:
 242:Core/Src/stm32f0xx_hal_msp.c ****   /* USER CODE BEGIN TIM3_MspInit 1 */
 557              		.loc 1 242 5 view .LVU132
 558 004a E8E7     		b	.L24
 559              	.L31:
 253:Core/Src/stm32f0xx_hal_msp.c ****     /* TIM14 interrupt Init */
 560              		.loc 1 253 5 view .LVU133
 561              	.LBB10:
 253:Core/Src/stm32f0xx_hal_msp.c ****     /* TIM14 interrupt Init */
 562              		.loc 1 253 5 view .LVU134
 253:Core/Src/stm32f0xx_hal_msp.c ****     /* TIM14 interrupt Init */
 563              		.loc 1 253 5 view .LVU135
 564 004c 164A     		ldr	r2, .L33+16
 565 004e D169     		ldr	r1, [r2, #28]
 566 0050 8020     		movs	r0, #128
 567              	.LVL30:
 253:Core/Src/stm32f0xx_hal_msp.c ****     /* TIM14 interrupt Init */
 568              		.loc 1 253 5 is_stmt 0 view .LVU136
 569 0052 4000     		lsls	r0, r0, #1
 570 0054 0143     		orrs	r1, r0
 571 0056 D161     		str	r1, [r2, #28]
ARM GAS  C:\Users\jisu8\AppData\Local\Temp\cc2C0Ey9.s 			page 17


 253:Core/Src/stm32f0xx_hal_msp.c ****     /* TIM14 interrupt Init */
 572              		.loc 1 253 5 is_stmt 1 view .LVU137
 573 0058 D369     		ldr	r3, [r2, #28]
 574 005a 0340     		ands	r3, r0
 575 005c 0293     		str	r3, [sp, #8]
 253:Core/Src/stm32f0xx_hal_msp.c ****     /* TIM14 interrupt Init */
 576              		.loc 1 253 5 view .LVU138
 577 005e 029B     		ldr	r3, [sp, #8]
 578              	.LBE10:
 253:Core/Src/stm32f0xx_hal_msp.c ****     /* TIM14 interrupt Init */
 579              		.loc 1 253 5 view .LVU139
 255:Core/Src/stm32f0xx_hal_msp.c ****     HAL_NVIC_EnableIRQ(TIM14_IRQn);
 580              		.loc 1 255 5 view .LVU140
 581 0060 0022     		movs	r2, #0
 582 0062 0321     		movs	r1, #3
 583 0064 ED38     		subs	r0, r0, #237
 584 0066 FFF7FEFF 		bl	HAL_NVIC_SetPriority
 585              	.LVL31:
 256:Core/Src/stm32f0xx_hal_msp.c ****   /* USER CODE BEGIN TIM14_MspInit 1 */
 586              		.loc 1 256 5 view .LVU141
 587 006a 1320     		movs	r0, #19
 588 006c FFF7FEFF 		bl	HAL_NVIC_EnableIRQ
 589              	.LVL32:
 590 0070 D5E7     		b	.L24
 591              	.LVL33:
 592              	.L32:
 267:Core/Src/stm32f0xx_hal_msp.c ****     /* TIM16 interrupt Init */
 593              		.loc 1 267 5 view .LVU142
 594              	.LBB11:
 267:Core/Src/stm32f0xx_hal_msp.c ****     /* TIM16 interrupt Init */
 595              		.loc 1 267 5 view .LVU143
 267:Core/Src/stm32f0xx_hal_msp.c ****     /* TIM16 interrupt Init */
 596              		.loc 1 267 5 view .LVU144
 597 0072 0D4A     		ldr	r2, .L33+16
 598 0074 9169     		ldr	r1, [r2, #24]
 599 0076 8020     		movs	r0, #128
 600              	.LVL34:
 267:Core/Src/stm32f0xx_hal_msp.c ****     /* TIM16 interrupt Init */
 601              		.loc 1 267 5 is_stmt 0 view .LVU145
 602 0078 8002     		lsls	r0, r0, #10
 603 007a 0143     		orrs	r1, r0
 604 007c 9161     		str	r1, [r2, #24]
 267:Core/Src/stm32f0xx_hal_msp.c ****     /* TIM16 interrupt Init */
 605              		.loc 1 267 5 is_stmt 1 view .LVU146
 606 007e 9369     		ldr	r3, [r2, #24]
 607 0080 0340     		ands	r3, r0
 608 0082 0393     		str	r3, [sp, #12]
 267:Core/Src/stm32f0xx_hal_msp.c ****     /* TIM16 interrupt Init */
 609              		.loc 1 267 5 view .LVU147
 610 0084 039B     		ldr	r3, [sp, #12]
 611              	.LBE11:
 267:Core/Src/stm32f0xx_hal_msp.c ****     /* TIM16 interrupt Init */
 612              		.loc 1 267 5 view .LVU148
 269:Core/Src/stm32f0xx_hal_msp.c ****     HAL_NVIC_EnableIRQ(TIM16_IRQn);
 613              		.loc 1 269 5 view .LVU149
 614 0086 0022     		movs	r2, #0
 615 0088 0121     		movs	r1, #1
ARM GAS  C:\Users\jisu8\AppData\Local\Temp\cc2C0Ey9.s 			page 18


 616 008a 1520     		movs	r0, #21
 617 008c FFF7FEFF 		bl	HAL_NVIC_SetPriority
 618              	.LVL35:
 270:Core/Src/stm32f0xx_hal_msp.c ****   /* USER CODE BEGIN TIM16_MspInit 1 */
 619              		.loc 1 270 5 view .LVU150
 620 0090 1520     		movs	r0, #21
 621 0092 FFF7FEFF 		bl	HAL_NVIC_EnableIRQ
 622              	.LVL36:
 623              		.loc 1 276 1 is_stmt 0 view .LVU151
 624 0096 C2E7     		b	.L24
 625              	.L34:
 626              		.align	2
 627              	.L33:
 628 0098 002C0140 		.word	1073818624
 629 009c 00040040 		.word	1073742848
 630 00a0 00200040 		.word	1073750016
 631 00a4 00440140 		.word	1073824768
 632 00a8 00100240 		.word	1073876992
 633              		.cfi_endproc
 634              	.LFE45:
 636              		.section	.text.HAL_TIM_MspPostInit,"ax",%progbits
 637              		.align	1
 638              		.global	HAL_TIM_MspPostInit
 639              		.syntax unified
 640              		.code	16
 641              		.thumb_func
 643              	HAL_TIM_MspPostInit:
 644              	.LVL37:
 645              	.LFB46:
 277:Core/Src/stm32f0xx_hal_msp.c **** 
 278:Core/Src/stm32f0xx_hal_msp.c **** void HAL_TIM_MspPostInit(TIM_HandleTypeDef* htim)
 279:Core/Src/stm32f0xx_hal_msp.c **** {
 646              		.loc 1 279 1 is_stmt 1 view -0
 647              		.cfi_startproc
 648              		@ args = 0, pretend = 0, frame = 32
 649              		@ frame_needed = 0, uses_anonymous_args = 0
 650              		.loc 1 279 1 is_stmt 0 view .LVU153
 651 0000 10B5     		push	{r4, lr}
 652              	.LCFI10:
 653              		.cfi_def_cfa_offset 8
 654              		.cfi_offset 4, -8
 655              		.cfi_offset 14, -4
 656 0002 88B0     		sub	sp, sp, #32
 657              	.LCFI11:
 658              		.cfi_def_cfa_offset 40
 659 0004 0400     		movs	r4, r0
 280:Core/Src/stm32f0xx_hal_msp.c ****   GPIO_InitTypeDef GPIO_InitStruct = {0};
 660              		.loc 1 280 3 is_stmt 1 view .LVU154
 661              		.loc 1 280 20 is_stmt 0 view .LVU155
 662 0006 1422     		movs	r2, #20
 663 0008 0021     		movs	r1, #0
 664 000a 03A8     		add	r0, sp, #12
 665              	.LVL38:
 666              		.loc 1 280 20 view .LVU156
 667 000c FFF7FEFF 		bl	memset
 668              	.LVL39:
 281:Core/Src/stm32f0xx_hal_msp.c ****   if(htim->Instance==TIM1)
ARM GAS  C:\Users\jisu8\AppData\Local\Temp\cc2C0Ey9.s 			page 19


 669              		.loc 1 281 3 is_stmt 1 view .LVU157
 670              		.loc 1 281 10 is_stmt 0 view .LVU158
 671 0010 2368     		ldr	r3, [r4]
 672              		.loc 1 281 5 view .LVU159
 673 0012 244A     		ldr	r2, .L40
 674 0014 9342     		cmp	r3, r2
 675 0016 04D0     		beq	.L38
 282:Core/Src/stm32f0xx_hal_msp.c ****   {
 283:Core/Src/stm32f0xx_hal_msp.c ****   /* USER CODE BEGIN TIM1_MspPostInit 0 */
 284:Core/Src/stm32f0xx_hal_msp.c **** 
 285:Core/Src/stm32f0xx_hal_msp.c ****   /* USER CODE END TIM1_MspPostInit 0 */
 286:Core/Src/stm32f0xx_hal_msp.c ****     __HAL_RCC_GPIOB_CLK_ENABLE();
 287:Core/Src/stm32f0xx_hal_msp.c ****     __HAL_RCC_GPIOA_CLK_ENABLE();
 288:Core/Src/stm32f0xx_hal_msp.c ****     /**TIM1 GPIO Configuration
 289:Core/Src/stm32f0xx_hal_msp.c ****     PB15     ------> TIM1_CH3N
 290:Core/Src/stm32f0xx_hal_msp.c ****     PA8     ------> TIM1_CH1
 291:Core/Src/stm32f0xx_hal_msp.c ****     */
 292:Core/Src/stm32f0xx_hal_msp.c ****     GPIO_InitStruct.Pin = GPIO_PIN_15;
 293:Core/Src/stm32f0xx_hal_msp.c ****     GPIO_InitStruct.Mode = GPIO_MODE_AF_PP;
 294:Core/Src/stm32f0xx_hal_msp.c ****     GPIO_InitStruct.Pull = GPIO_NOPULL;
 295:Core/Src/stm32f0xx_hal_msp.c ****     GPIO_InitStruct.Speed = GPIO_SPEED_FREQ_LOW;
 296:Core/Src/stm32f0xx_hal_msp.c ****     GPIO_InitStruct.Alternate = GPIO_AF2_TIM1;
 297:Core/Src/stm32f0xx_hal_msp.c ****     HAL_GPIO_Init(GPIOB, &GPIO_InitStruct);
 298:Core/Src/stm32f0xx_hal_msp.c **** 
 299:Core/Src/stm32f0xx_hal_msp.c ****     GPIO_InitStruct.Pin = GPIO_PIN_8;
 300:Core/Src/stm32f0xx_hal_msp.c ****     GPIO_InitStruct.Mode = GPIO_MODE_AF_PP;
 301:Core/Src/stm32f0xx_hal_msp.c ****     GPIO_InitStruct.Pull = GPIO_NOPULL;
 302:Core/Src/stm32f0xx_hal_msp.c ****     GPIO_InitStruct.Speed = GPIO_SPEED_FREQ_LOW;
 303:Core/Src/stm32f0xx_hal_msp.c ****     GPIO_InitStruct.Alternate = GPIO_AF2_TIM1;
 304:Core/Src/stm32f0xx_hal_msp.c ****     HAL_GPIO_Init(GPIOA, &GPIO_InitStruct);
 305:Core/Src/stm32f0xx_hal_msp.c **** 
 306:Core/Src/stm32f0xx_hal_msp.c ****   /* USER CODE BEGIN TIM1_MspPostInit 1 */
 307:Core/Src/stm32f0xx_hal_msp.c **** 
 308:Core/Src/stm32f0xx_hal_msp.c ****   /* USER CODE END TIM1_MspPostInit 1 */
 309:Core/Src/stm32f0xx_hal_msp.c ****   }
 310:Core/Src/stm32f0xx_hal_msp.c ****   else if(htim->Instance==TIM3)
 676              		.loc 1 310 8 is_stmt 1 view .LVU160
 677              		.loc 1 310 10 is_stmt 0 view .LVU161
 678 0018 234A     		ldr	r2, .L40+4
 679 001a 9342     		cmp	r3, r2
 680 001c 2CD0     		beq	.L39
 681              	.LVL40:
 682              	.L35:
 311:Core/Src/stm32f0xx_hal_msp.c ****   {
 312:Core/Src/stm32f0xx_hal_msp.c ****   /* USER CODE BEGIN TIM3_MspPostInit 0 */
 313:Core/Src/stm32f0xx_hal_msp.c **** 
 314:Core/Src/stm32f0xx_hal_msp.c ****   /* USER CODE END TIM3_MspPostInit 0 */
 315:Core/Src/stm32f0xx_hal_msp.c **** 
 316:Core/Src/stm32f0xx_hal_msp.c ****     __HAL_RCC_GPIOA_CLK_ENABLE();
 317:Core/Src/stm32f0xx_hal_msp.c ****     /**TIM3 GPIO Configuration
 318:Core/Src/stm32f0xx_hal_msp.c ****     PA6     ------> TIM3_CH1
 319:Core/Src/stm32f0xx_hal_msp.c ****     PA7     ------> TIM3_CH2
 320:Core/Src/stm32f0xx_hal_msp.c ****     */
 321:Core/Src/stm32f0xx_hal_msp.c ****     GPIO_InitStruct.Pin = GPIO_PIN_6|GPIO_PIN_7;
 322:Core/Src/stm32f0xx_hal_msp.c ****     GPIO_InitStruct.Mode = GPIO_MODE_AF_PP;
 323:Core/Src/stm32f0xx_hal_msp.c ****     GPIO_InitStruct.Pull = GPIO_NOPULL;
 324:Core/Src/stm32f0xx_hal_msp.c ****     GPIO_InitStruct.Speed = GPIO_SPEED_FREQ_LOW;
ARM GAS  C:\Users\jisu8\AppData\Local\Temp\cc2C0Ey9.s 			page 20


 325:Core/Src/stm32f0xx_hal_msp.c ****     GPIO_InitStruct.Alternate = GPIO_AF1_TIM3;
 326:Core/Src/stm32f0xx_hal_msp.c ****     HAL_GPIO_Init(GPIOA, &GPIO_InitStruct);
 327:Core/Src/stm32f0xx_hal_msp.c **** 
 328:Core/Src/stm32f0xx_hal_msp.c ****   /* USER CODE BEGIN TIM3_MspPostInit 1 */
 329:Core/Src/stm32f0xx_hal_msp.c **** 
 330:Core/Src/stm32f0xx_hal_msp.c ****   /* USER CODE END TIM3_MspPostInit 1 */
 331:Core/Src/stm32f0xx_hal_msp.c ****   }
 332:Core/Src/stm32f0xx_hal_msp.c **** 
 333:Core/Src/stm32f0xx_hal_msp.c **** }
 683              		.loc 1 333 1 view .LVU162
 684 001e 08B0     		add	sp, sp, #32
 685              		@ sp needed
 686 0020 10BD     		pop	{r4, pc}
 687              	.LVL41:
 688              	.L38:
 286:Core/Src/stm32f0xx_hal_msp.c ****     __HAL_RCC_GPIOA_CLK_ENABLE();
 689              		.loc 1 286 5 is_stmt 1 view .LVU163
 690              	.LBB12:
 286:Core/Src/stm32f0xx_hal_msp.c ****     __HAL_RCC_GPIOA_CLK_ENABLE();
 691              		.loc 1 286 5 view .LVU164
 286:Core/Src/stm32f0xx_hal_msp.c ****     __HAL_RCC_GPIOA_CLK_ENABLE();
 692              		.loc 1 286 5 view .LVU165
 693 0022 224B     		ldr	r3, .L40+8
 694 0024 5969     		ldr	r1, [r3, #20]
 695 0026 8020     		movs	r0, #128
 696 0028 C002     		lsls	r0, r0, #11
 697 002a 0143     		orrs	r1, r0
 698 002c 5961     		str	r1, [r3, #20]
 286:Core/Src/stm32f0xx_hal_msp.c ****     __HAL_RCC_GPIOA_CLK_ENABLE();
 699              		.loc 1 286 5 view .LVU166
 700 002e 5A69     		ldr	r2, [r3, #20]
 701 0030 0240     		ands	r2, r0
 702 0032 0092     		str	r2, [sp]
 286:Core/Src/stm32f0xx_hal_msp.c ****     __HAL_RCC_GPIOA_CLK_ENABLE();
 703              		.loc 1 286 5 view .LVU167
 704 0034 009A     		ldr	r2, [sp]
 705              	.LBE12:
 286:Core/Src/stm32f0xx_hal_msp.c ****     __HAL_RCC_GPIOA_CLK_ENABLE();
 706              		.loc 1 286 5 view .LVU168
 287:Core/Src/stm32f0xx_hal_msp.c ****     /**TIM1 GPIO Configuration
 707              		.loc 1 287 5 view .LVU169
 708              	.LBB13:
 287:Core/Src/stm32f0xx_hal_msp.c ****     /**TIM1 GPIO Configuration
 709              		.loc 1 287 5 view .LVU170
 287:Core/Src/stm32f0xx_hal_msp.c ****     /**TIM1 GPIO Configuration
 710              		.loc 1 287 5 view .LVU171
 711 0036 5A69     		ldr	r2, [r3, #20]
 712 0038 8021     		movs	r1, #128
 713 003a 8902     		lsls	r1, r1, #10
 714 003c 0A43     		orrs	r2, r1
 715 003e 5A61     		str	r2, [r3, #20]
 287:Core/Src/stm32f0xx_hal_msp.c ****     /**TIM1 GPIO Configuration
 716              		.loc 1 287 5 view .LVU172
 717 0040 5B69     		ldr	r3, [r3, #20]
 718 0042 0B40     		ands	r3, r1
 719 0044 0193     		str	r3, [sp, #4]
 287:Core/Src/stm32f0xx_hal_msp.c ****     /**TIM1 GPIO Configuration
ARM GAS  C:\Users\jisu8\AppData\Local\Temp\cc2C0Ey9.s 			page 21


 720              		.loc 1 287 5 view .LVU173
 721 0046 019B     		ldr	r3, [sp, #4]
 722              	.LBE13:
 287:Core/Src/stm32f0xx_hal_msp.c ****     /**TIM1 GPIO Configuration
 723              		.loc 1 287 5 view .LVU174
 292:Core/Src/stm32f0xx_hal_msp.c ****     GPIO_InitStruct.Mode = GPIO_MODE_AF_PP;
 724              		.loc 1 292 5 view .LVU175
 292:Core/Src/stm32f0xx_hal_msp.c ****     GPIO_InitStruct.Mode = GPIO_MODE_AF_PP;
 725              		.loc 1 292 25 is_stmt 0 view .LVU176
 726 0048 8023     		movs	r3, #128
 727 004a 1B02     		lsls	r3, r3, #8
 728 004c 0393     		str	r3, [sp, #12]
 293:Core/Src/stm32f0xx_hal_msp.c ****     GPIO_InitStruct.Pull = GPIO_NOPULL;
 729              		.loc 1 293 5 is_stmt 1 view .LVU177
 293:Core/Src/stm32f0xx_hal_msp.c ****     GPIO_InitStruct.Pull = GPIO_NOPULL;
 730              		.loc 1 293 26 is_stmt 0 view .LVU178
 731 004e 0224     		movs	r4, #2
 732              	.LVL42:
 293:Core/Src/stm32f0xx_hal_msp.c ****     GPIO_InitStruct.Pull = GPIO_NOPULL;
 733              		.loc 1 293 26 view .LVU179
 734 0050 0494     		str	r4, [sp, #16]
 294:Core/Src/stm32f0xx_hal_msp.c ****     GPIO_InitStruct.Speed = GPIO_SPEED_FREQ_LOW;
 735              		.loc 1 294 5 is_stmt 1 view .LVU180
 295:Core/Src/stm32f0xx_hal_msp.c ****     GPIO_InitStruct.Alternate = GPIO_AF2_TIM1;
 736              		.loc 1 295 5 view .LVU181
 296:Core/Src/stm32f0xx_hal_msp.c ****     HAL_GPIO_Init(GPIOB, &GPIO_InitStruct);
 737              		.loc 1 296 5 view .LVU182
 296:Core/Src/stm32f0xx_hal_msp.c ****     HAL_GPIO_Init(GPIOB, &GPIO_InitStruct);
 738              		.loc 1 296 31 is_stmt 0 view .LVU183
 739 0052 0794     		str	r4, [sp, #28]
 297:Core/Src/stm32f0xx_hal_msp.c **** 
 740              		.loc 1 297 5 is_stmt 1 view .LVU184
 741 0054 03A9     		add	r1, sp, #12
 742 0056 1648     		ldr	r0, .L40+12
 743 0058 FFF7FEFF 		bl	HAL_GPIO_Init
 744              	.LVL43:
 299:Core/Src/stm32f0xx_hal_msp.c ****     GPIO_InitStruct.Mode = GPIO_MODE_AF_PP;
 745              		.loc 1 299 5 view .LVU185
 299:Core/Src/stm32f0xx_hal_msp.c ****     GPIO_InitStruct.Mode = GPIO_MODE_AF_PP;
 746              		.loc 1 299 25 is_stmt 0 view .LVU186
 747 005c 8023     		movs	r3, #128
 748 005e 5B00     		lsls	r3, r3, #1
 749 0060 0393     		str	r3, [sp, #12]
 300:Core/Src/stm32f0xx_hal_msp.c ****     GPIO_InitStruct.Pull = GPIO_NOPULL;
 750              		.loc 1 300 5 is_stmt 1 view .LVU187
 300:Core/Src/stm32f0xx_hal_msp.c ****     GPIO_InitStruct.Pull = GPIO_NOPULL;
 751              		.loc 1 300 26 is_stmt 0 view .LVU188
 752 0062 0494     		str	r4, [sp, #16]
 301:Core/Src/stm32f0xx_hal_msp.c ****     GPIO_InitStruct.Speed = GPIO_SPEED_FREQ_LOW;
 753              		.loc 1 301 5 is_stmt 1 view .LVU189
 301:Core/Src/stm32f0xx_hal_msp.c ****     GPIO_InitStruct.Speed = GPIO_SPEED_FREQ_LOW;
 754              		.loc 1 301 26 is_stmt 0 view .LVU190
 755 0064 0023     		movs	r3, #0
 756 0066 0593     		str	r3, [sp, #20]
 302:Core/Src/stm32f0xx_hal_msp.c ****     GPIO_InitStruct.Alternate = GPIO_AF2_TIM1;
 757              		.loc 1 302 5 is_stmt 1 view .LVU191
 302:Core/Src/stm32f0xx_hal_msp.c ****     GPIO_InitStruct.Alternate = GPIO_AF2_TIM1;
ARM GAS  C:\Users\jisu8\AppData\Local\Temp\cc2C0Ey9.s 			page 22


 758              		.loc 1 302 27 is_stmt 0 view .LVU192
 759 0068 0693     		str	r3, [sp, #24]
 303:Core/Src/stm32f0xx_hal_msp.c ****     HAL_GPIO_Init(GPIOA, &GPIO_InitStruct);
 760              		.loc 1 303 5 is_stmt 1 view .LVU193
 303:Core/Src/stm32f0xx_hal_msp.c ****     HAL_GPIO_Init(GPIOA, &GPIO_InitStruct);
 761              		.loc 1 303 31 is_stmt 0 view .LVU194
 762 006a 0794     		str	r4, [sp, #28]
 304:Core/Src/stm32f0xx_hal_msp.c **** 
 763              		.loc 1 304 5 is_stmt 1 view .LVU195
 764 006c 9020     		movs	r0, #144
 765 006e 03A9     		add	r1, sp, #12
 766 0070 C005     		lsls	r0, r0, #23
 767 0072 FFF7FEFF 		bl	HAL_GPIO_Init
 768              	.LVL44:
 769 0076 D2E7     		b	.L35
 770              	.LVL45:
 771              	.L39:
 316:Core/Src/stm32f0xx_hal_msp.c ****     /**TIM3 GPIO Configuration
 772              		.loc 1 316 5 view .LVU196
 773              	.LBB14:
 316:Core/Src/stm32f0xx_hal_msp.c ****     /**TIM3 GPIO Configuration
 774              		.loc 1 316 5 view .LVU197
 316:Core/Src/stm32f0xx_hal_msp.c ****     /**TIM3 GPIO Configuration
 775              		.loc 1 316 5 view .LVU198
 776 0078 0C4A     		ldr	r2, .L40+8
 777 007a 5169     		ldr	r1, [r2, #20]
 778 007c 8020     		movs	r0, #128
 779 007e 8002     		lsls	r0, r0, #10
 780 0080 0143     		orrs	r1, r0
 781 0082 5161     		str	r1, [r2, #20]
 316:Core/Src/stm32f0xx_hal_msp.c ****     /**TIM3 GPIO Configuration
 782              		.loc 1 316 5 view .LVU199
 783 0084 5369     		ldr	r3, [r2, #20]
 784 0086 0340     		ands	r3, r0
 785 0088 0293     		str	r3, [sp, #8]
 316:Core/Src/stm32f0xx_hal_msp.c ****     /**TIM3 GPIO Configuration
 786              		.loc 1 316 5 view .LVU200
 787 008a 029B     		ldr	r3, [sp, #8]
 788              	.LBE14:
 316:Core/Src/stm32f0xx_hal_msp.c ****     /**TIM3 GPIO Configuration
 789              		.loc 1 316 5 view .LVU201
 321:Core/Src/stm32f0xx_hal_msp.c ****     GPIO_InitStruct.Mode = GPIO_MODE_AF_PP;
 790              		.loc 1 321 5 view .LVU202
 321:Core/Src/stm32f0xx_hal_msp.c ****     GPIO_InitStruct.Mode = GPIO_MODE_AF_PP;
 791              		.loc 1 321 25 is_stmt 0 view .LVU203
 792 008c C023     		movs	r3, #192
 793 008e 0393     		str	r3, [sp, #12]
 322:Core/Src/stm32f0xx_hal_msp.c ****     GPIO_InitStruct.Pull = GPIO_NOPULL;
 794              		.loc 1 322 5 is_stmt 1 view .LVU204
 322:Core/Src/stm32f0xx_hal_msp.c ****     GPIO_InitStruct.Pull = GPIO_NOPULL;
 795              		.loc 1 322 26 is_stmt 0 view .LVU205
 796 0090 BE3B     		subs	r3, r3, #190
 797 0092 0493     		str	r3, [sp, #16]
 323:Core/Src/stm32f0xx_hal_msp.c ****     GPIO_InitStruct.Speed = GPIO_SPEED_FREQ_LOW;
 798              		.loc 1 323 5 is_stmt 1 view .LVU206
 324:Core/Src/stm32f0xx_hal_msp.c ****     GPIO_InitStruct.Alternate = GPIO_AF1_TIM3;
 799              		.loc 1 324 5 view .LVU207
ARM GAS  C:\Users\jisu8\AppData\Local\Temp\cc2C0Ey9.s 			page 23


 325:Core/Src/stm32f0xx_hal_msp.c ****     HAL_GPIO_Init(GPIOA, &GPIO_InitStruct);
 800              		.loc 1 325 5 view .LVU208
 325:Core/Src/stm32f0xx_hal_msp.c ****     HAL_GPIO_Init(GPIOA, &GPIO_InitStruct);
 801              		.loc 1 325 31 is_stmt 0 view .LVU209
 802 0094 013B     		subs	r3, r3, #1
 803 0096 0793     		str	r3, [sp, #28]
 326:Core/Src/stm32f0xx_hal_msp.c **** 
 804              		.loc 1 326 5 is_stmt 1 view .LVU210
 805 0098 9020     		movs	r0, #144
 806 009a 03A9     		add	r1, sp, #12
 807 009c C005     		lsls	r0, r0, #23
 808 009e FFF7FEFF 		bl	HAL_GPIO_Init
 809              	.LVL46:
 810              		.loc 1 333 1 is_stmt 0 view .LVU211
 811 00a2 BCE7     		b	.L35
 812              	.L41:
 813              		.align	2
 814              	.L40:
 815 00a4 002C0140 		.word	1073818624
 816 00a8 00040040 		.word	1073742848
 817 00ac 00100240 		.word	1073876992
 818 00b0 00040048 		.word	1207960576
 819              		.cfi_endproc
 820              	.LFE46:
 822              		.section	.text.HAL_TIM_Base_MspDeInit,"ax",%progbits
 823              		.align	1
 824              		.global	HAL_TIM_Base_MspDeInit
 825              		.syntax unified
 826              		.code	16
 827              		.thumb_func
 829              	HAL_TIM_Base_MspDeInit:
 830              	.LVL47:
 831              	.LFB47:
 334:Core/Src/stm32f0xx_hal_msp.c **** /**
 335:Core/Src/stm32f0xx_hal_msp.c **** * @brief TIM_Base MSP De-Initialization
 336:Core/Src/stm32f0xx_hal_msp.c **** * This function freeze the hardware resources used in this example
 337:Core/Src/stm32f0xx_hal_msp.c **** * @param htim_base: TIM_Base handle pointer
 338:Core/Src/stm32f0xx_hal_msp.c **** * @retval None
 339:Core/Src/stm32f0xx_hal_msp.c **** */
 340:Core/Src/stm32f0xx_hal_msp.c **** void HAL_TIM_Base_MspDeInit(TIM_HandleTypeDef* htim_base)
 341:Core/Src/stm32f0xx_hal_msp.c **** {
 832              		.loc 1 341 1 is_stmt 1 view -0
 833              		.cfi_startproc
 834              		@ args = 0, pretend = 0, frame = 0
 835              		@ frame_needed = 0, uses_anonymous_args = 0
 836              		.loc 1 341 1 is_stmt 0 view .LVU213
 837 0000 10B5     		push	{r4, lr}
 838              	.LCFI12:
 839              		.cfi_def_cfa_offset 8
 840              		.cfi_offset 4, -8
 841              		.cfi_offset 14, -4
 342:Core/Src/stm32f0xx_hal_msp.c ****   if(htim_base->Instance==TIM1)
 842              		.loc 1 342 3 is_stmt 1 view .LVU214
 843              		.loc 1 342 15 is_stmt 0 view .LVU215
 844 0002 0368     		ldr	r3, [r0]
 845              		.loc 1 342 5 view .LVU216
 846 0004 154A     		ldr	r2, .L51
ARM GAS  C:\Users\jisu8\AppData\Local\Temp\cc2C0Ey9.s 			page 24


 847 0006 9342     		cmp	r3, r2
 848 0008 09D0     		beq	.L47
 343:Core/Src/stm32f0xx_hal_msp.c ****   {
 344:Core/Src/stm32f0xx_hal_msp.c ****   /* USER CODE BEGIN TIM1_MspDeInit 0 */
 345:Core/Src/stm32f0xx_hal_msp.c **** 
 346:Core/Src/stm32f0xx_hal_msp.c ****   /* USER CODE END TIM1_MspDeInit 0 */
 347:Core/Src/stm32f0xx_hal_msp.c ****     /* Peripheral clock disable */
 348:Core/Src/stm32f0xx_hal_msp.c ****     __HAL_RCC_TIM1_CLK_DISABLE();
 349:Core/Src/stm32f0xx_hal_msp.c ****   /* USER CODE BEGIN TIM1_MspDeInit 1 */
 350:Core/Src/stm32f0xx_hal_msp.c **** 
 351:Core/Src/stm32f0xx_hal_msp.c ****   /* USER CODE END TIM1_MspDeInit 1 */
 352:Core/Src/stm32f0xx_hal_msp.c ****   }
 353:Core/Src/stm32f0xx_hal_msp.c ****   else if(htim_base->Instance==TIM3)
 849              		.loc 1 353 8 is_stmt 1 view .LVU217
 850              		.loc 1 353 10 is_stmt 0 view .LVU218
 851 000a 154A     		ldr	r2, .L51+4
 852 000c 9342     		cmp	r3, r2
 853 000e 0CD0     		beq	.L48
 354:Core/Src/stm32f0xx_hal_msp.c ****   {
 355:Core/Src/stm32f0xx_hal_msp.c ****   /* USER CODE BEGIN TIM3_MspDeInit 0 */
 356:Core/Src/stm32f0xx_hal_msp.c **** 
 357:Core/Src/stm32f0xx_hal_msp.c ****   /* USER CODE END TIM3_MspDeInit 0 */
 358:Core/Src/stm32f0xx_hal_msp.c ****     /* Peripheral clock disable */
 359:Core/Src/stm32f0xx_hal_msp.c ****     __HAL_RCC_TIM3_CLK_DISABLE();
 360:Core/Src/stm32f0xx_hal_msp.c ****   /* USER CODE BEGIN TIM3_MspDeInit 1 */
 361:Core/Src/stm32f0xx_hal_msp.c **** 
 362:Core/Src/stm32f0xx_hal_msp.c ****   /* USER CODE END TIM3_MspDeInit 1 */
 363:Core/Src/stm32f0xx_hal_msp.c ****   }
 364:Core/Src/stm32f0xx_hal_msp.c ****   else if(htim_base->Instance==TIM14)
 854              		.loc 1 364 8 is_stmt 1 view .LVU219
 855              		.loc 1 364 10 is_stmt 0 view .LVU220
 856 0010 144A     		ldr	r2, .L51+8
 857 0012 9342     		cmp	r3, r2
 858 0014 0FD0     		beq	.L49
 365:Core/Src/stm32f0xx_hal_msp.c ****   {
 366:Core/Src/stm32f0xx_hal_msp.c ****   /* USER CODE BEGIN TIM14_MspDeInit 0 */
 367:Core/Src/stm32f0xx_hal_msp.c **** 
 368:Core/Src/stm32f0xx_hal_msp.c ****   /* USER CODE END TIM14_MspDeInit 0 */
 369:Core/Src/stm32f0xx_hal_msp.c ****     /* Peripheral clock disable */
 370:Core/Src/stm32f0xx_hal_msp.c ****     __HAL_RCC_TIM14_CLK_DISABLE();
 371:Core/Src/stm32f0xx_hal_msp.c **** 
 372:Core/Src/stm32f0xx_hal_msp.c ****     /* TIM14 interrupt DeInit */
 373:Core/Src/stm32f0xx_hal_msp.c ****     HAL_NVIC_DisableIRQ(TIM14_IRQn);
 374:Core/Src/stm32f0xx_hal_msp.c ****   /* USER CODE BEGIN TIM14_MspDeInit 1 */
 375:Core/Src/stm32f0xx_hal_msp.c **** 
 376:Core/Src/stm32f0xx_hal_msp.c ****   /* USER CODE END TIM14_MspDeInit 1 */
 377:Core/Src/stm32f0xx_hal_msp.c ****   }
 378:Core/Src/stm32f0xx_hal_msp.c ****   else if(htim_base->Instance==TIM16)
 859              		.loc 1 378 8 is_stmt 1 view .LVU221
 860              		.loc 1 378 10 is_stmt 0 view .LVU222
 861 0016 144A     		ldr	r2, .L51+12
 862 0018 9342     		cmp	r3, r2
 863 001a 15D0     		beq	.L50
 864              	.LVL48:
 865              	.L42:
 379:Core/Src/stm32f0xx_hal_msp.c ****   {
 380:Core/Src/stm32f0xx_hal_msp.c ****   /* USER CODE BEGIN TIM16_MspDeInit 0 */
ARM GAS  C:\Users\jisu8\AppData\Local\Temp\cc2C0Ey9.s 			page 25


 381:Core/Src/stm32f0xx_hal_msp.c **** 
 382:Core/Src/stm32f0xx_hal_msp.c ****   /* USER CODE END TIM16_MspDeInit 0 */
 383:Core/Src/stm32f0xx_hal_msp.c ****     /* Peripheral clock disable */
 384:Core/Src/stm32f0xx_hal_msp.c ****     __HAL_RCC_TIM16_CLK_DISABLE();
 385:Core/Src/stm32f0xx_hal_msp.c **** 
 386:Core/Src/stm32f0xx_hal_msp.c ****     /* TIM16 interrupt DeInit */
 387:Core/Src/stm32f0xx_hal_msp.c ****     HAL_NVIC_DisableIRQ(TIM16_IRQn);
 388:Core/Src/stm32f0xx_hal_msp.c ****   /* USER CODE BEGIN TIM16_MspDeInit 1 */
 389:Core/Src/stm32f0xx_hal_msp.c **** 
 390:Core/Src/stm32f0xx_hal_msp.c ****   /* USER CODE END TIM16_MspDeInit 1 */
 391:Core/Src/stm32f0xx_hal_msp.c ****   }
 392:Core/Src/stm32f0xx_hal_msp.c **** 
 393:Core/Src/stm32f0xx_hal_msp.c **** }
 866              		.loc 1 393 1 view .LVU223
 867              		@ sp needed
 868 001c 10BD     		pop	{r4, pc}
 869              	.LVL49:
 870              	.L47:
 348:Core/Src/stm32f0xx_hal_msp.c ****   /* USER CODE BEGIN TIM1_MspDeInit 1 */
 871              		.loc 1 348 5 is_stmt 1 view .LVU224
 872 001e 134A     		ldr	r2, .L51+16
 873 0020 9369     		ldr	r3, [r2, #24]
 874 0022 1349     		ldr	r1, .L51+20
 875 0024 0B40     		ands	r3, r1
 876 0026 9361     		str	r3, [r2, #24]
 877 0028 F8E7     		b	.L42
 878              	.L48:
 359:Core/Src/stm32f0xx_hal_msp.c ****   /* USER CODE BEGIN TIM3_MspDeInit 1 */
 879              		.loc 1 359 5 view .LVU225
 880 002a 104A     		ldr	r2, .L51+16
 881 002c D369     		ldr	r3, [r2, #28]
 882 002e 0221     		movs	r1, #2
 883 0030 8B43     		bics	r3, r1
 884 0032 D361     		str	r3, [r2, #28]
 885 0034 F2E7     		b	.L42
 886              	.L49:
 370:Core/Src/stm32f0xx_hal_msp.c **** 
 887              		.loc 1 370 5 view .LVU226
 888 0036 0D4A     		ldr	r2, .L51+16
 889 0038 D369     		ldr	r3, [r2, #28]
 890 003a 0E49     		ldr	r1, .L51+24
 891 003c 0B40     		ands	r3, r1
 892 003e D361     		str	r3, [r2, #28]
 373:Core/Src/stm32f0xx_hal_msp.c ****   /* USER CODE BEGIN TIM14_MspDeInit 1 */
 893              		.loc 1 373 5 view .LVU227
 894 0040 1320     		movs	r0, #19
 895              	.LVL50:
 373:Core/Src/stm32f0xx_hal_msp.c ****   /* USER CODE BEGIN TIM14_MspDeInit 1 */
 896              		.loc 1 373 5 is_stmt 0 view .LVU228
 897 0042 FFF7FEFF 		bl	HAL_NVIC_DisableIRQ
 898              	.LVL51:
 899 0046 E9E7     		b	.L42
 900              	.LVL52:
 901              	.L50:
 384:Core/Src/stm32f0xx_hal_msp.c **** 
 902              		.loc 1 384 5 is_stmt 1 view .LVU229
 903 0048 084A     		ldr	r2, .L51+16
ARM GAS  C:\Users\jisu8\AppData\Local\Temp\cc2C0Ey9.s 			page 26


 904 004a 9369     		ldr	r3, [r2, #24]
 905 004c 0A49     		ldr	r1, .L51+28
 906 004e 0B40     		ands	r3, r1
 907 0050 9361     		str	r3, [r2, #24]
 387:Core/Src/stm32f0xx_hal_msp.c ****   /* USER CODE BEGIN TIM16_MspDeInit 1 */
 908              		.loc 1 387 5 view .LVU230
 909 0052 1520     		movs	r0, #21
 910              	.LVL53:
 387:Core/Src/stm32f0xx_hal_msp.c ****   /* USER CODE BEGIN TIM16_MspDeInit 1 */
 911              		.loc 1 387 5 is_stmt 0 view .LVU231
 912 0054 FFF7FEFF 		bl	HAL_NVIC_DisableIRQ
 913              	.LVL54:
 914              		.loc 1 393 1 view .LVU232
 915 0058 E0E7     		b	.L42
 916              	.L52:
 917 005a C046     		.align	2
 918              	.L51:
 919 005c 002C0140 		.word	1073818624
 920 0060 00040040 		.word	1073742848
 921 0064 00200040 		.word	1073750016
 922 0068 00440140 		.word	1073824768
 923 006c 00100240 		.word	1073876992
 924 0070 FFF7FFFF 		.word	-2049
 925 0074 FFFEFFFF 		.word	-257
 926 0078 FFFFFDFF 		.word	-131073
 927              		.cfi_endproc
 928              	.LFE47:
 930              		.section	.text.HAL_UART_MspInit,"ax",%progbits
 931              		.align	1
 932              		.global	HAL_UART_MspInit
 933              		.syntax unified
 934              		.code	16
 935              		.thumb_func
 937              	HAL_UART_MspInit:
 938              	.LVL55:
 939              	.LFB48:
 394:Core/Src/stm32f0xx_hal_msp.c **** 
 395:Core/Src/stm32f0xx_hal_msp.c **** /**
 396:Core/Src/stm32f0xx_hal_msp.c **** * @brief UART MSP Initialization
 397:Core/Src/stm32f0xx_hal_msp.c **** * This function configures the hardware resources used in this example
 398:Core/Src/stm32f0xx_hal_msp.c **** * @param huart: UART handle pointer
 399:Core/Src/stm32f0xx_hal_msp.c **** * @retval None
 400:Core/Src/stm32f0xx_hal_msp.c **** */
 401:Core/Src/stm32f0xx_hal_msp.c **** void HAL_UART_MspInit(UART_HandleTypeDef* huart)
 402:Core/Src/stm32f0xx_hal_msp.c **** {
 940              		.loc 1 402 1 is_stmt 1 view -0
 941              		.cfi_startproc
 942              		@ args = 0, pretend = 0, frame = 32
 943              		@ frame_needed = 0, uses_anonymous_args = 0
 944              		.loc 1 402 1 is_stmt 0 view .LVU234
 945 0000 10B5     		push	{r4, lr}
 946              	.LCFI13:
 947              		.cfi_def_cfa_offset 8
 948              		.cfi_offset 4, -8
 949              		.cfi_offset 14, -4
 950 0002 88B0     		sub	sp, sp, #32
 951              	.LCFI14:
ARM GAS  C:\Users\jisu8\AppData\Local\Temp\cc2C0Ey9.s 			page 27


 952              		.cfi_def_cfa_offset 40
 953 0004 0400     		movs	r4, r0
 403:Core/Src/stm32f0xx_hal_msp.c ****   GPIO_InitTypeDef GPIO_InitStruct = {0};
 954              		.loc 1 403 3 is_stmt 1 view .LVU235
 955              		.loc 1 403 20 is_stmt 0 view .LVU236
 956 0006 1422     		movs	r2, #20
 957 0008 0021     		movs	r1, #0
 958 000a 03A8     		add	r0, sp, #12
 959              	.LVL56:
 960              		.loc 1 403 20 view .LVU237
 961 000c FFF7FEFF 		bl	memset
 962              	.LVL57:
 404:Core/Src/stm32f0xx_hal_msp.c ****   if(huart->Instance==USART1)
 963              		.loc 1 404 3 is_stmt 1 view .LVU238
 964              		.loc 1 404 11 is_stmt 0 view .LVU239
 965 0010 2268     		ldr	r2, [r4]
 966              		.loc 1 404 5 view .LVU240
 967 0012 174B     		ldr	r3, .L56
 968 0014 9A42     		cmp	r2, r3
 969 0016 01D0     		beq	.L55
 970              	.L53:
 405:Core/Src/stm32f0xx_hal_msp.c ****   {
 406:Core/Src/stm32f0xx_hal_msp.c ****   /* USER CODE BEGIN USART1_MspInit 0 */
 407:Core/Src/stm32f0xx_hal_msp.c **** 
 408:Core/Src/stm32f0xx_hal_msp.c ****   /* USER CODE END USART1_MspInit 0 */
 409:Core/Src/stm32f0xx_hal_msp.c ****     /* Peripheral clock enable */
 410:Core/Src/stm32f0xx_hal_msp.c ****     __HAL_RCC_USART1_CLK_ENABLE();
 411:Core/Src/stm32f0xx_hal_msp.c **** 
 412:Core/Src/stm32f0xx_hal_msp.c ****     __HAL_RCC_GPIOA_CLK_ENABLE();
 413:Core/Src/stm32f0xx_hal_msp.c ****     /**USART1 GPIO Configuration
 414:Core/Src/stm32f0xx_hal_msp.c ****     PA2     ------> USART1_TX
 415:Core/Src/stm32f0xx_hal_msp.c ****     PA3     ------> USART1_RX
 416:Core/Src/stm32f0xx_hal_msp.c ****     */
 417:Core/Src/stm32f0xx_hal_msp.c ****     GPIO_InitStruct.Pin = GPIO_PIN_2|GPIO_PIN_3;
 418:Core/Src/stm32f0xx_hal_msp.c ****     GPIO_InitStruct.Mode = GPIO_MODE_AF_PP;
 419:Core/Src/stm32f0xx_hal_msp.c ****     GPIO_InitStruct.Pull = GPIO_NOPULL;
 420:Core/Src/stm32f0xx_hal_msp.c ****     GPIO_InitStruct.Speed = GPIO_SPEED_FREQ_HIGH;
 421:Core/Src/stm32f0xx_hal_msp.c ****     GPIO_InitStruct.Alternate = GPIO_AF1_USART1;
 422:Core/Src/stm32f0xx_hal_msp.c ****     HAL_GPIO_Init(GPIOA, &GPIO_InitStruct);
 423:Core/Src/stm32f0xx_hal_msp.c **** 
 424:Core/Src/stm32f0xx_hal_msp.c ****     /* USART1 interrupt Init */
 425:Core/Src/stm32f0xx_hal_msp.c ****     HAL_NVIC_SetPriority(USART1_IRQn, 0, 0);
 426:Core/Src/stm32f0xx_hal_msp.c ****     HAL_NVIC_EnableIRQ(USART1_IRQn);
 427:Core/Src/stm32f0xx_hal_msp.c ****   /* USER CODE BEGIN USART1_MspInit 1 */
 428:Core/Src/stm32f0xx_hal_msp.c **** 
 429:Core/Src/stm32f0xx_hal_msp.c ****   /* USER CODE END USART1_MspInit 1 */
 430:Core/Src/stm32f0xx_hal_msp.c ****   }
 431:Core/Src/stm32f0xx_hal_msp.c **** 
 432:Core/Src/stm32f0xx_hal_msp.c **** }
 971              		.loc 1 432 1 view .LVU241
 972 0018 08B0     		add	sp, sp, #32
 973              		@ sp needed
 974              	.LVL58:
 975              		.loc 1 432 1 view .LVU242
 976 001a 10BD     		pop	{r4, pc}
 977              	.LVL59:
 978              	.L55:
ARM GAS  C:\Users\jisu8\AppData\Local\Temp\cc2C0Ey9.s 			page 28


 410:Core/Src/stm32f0xx_hal_msp.c **** 
 979              		.loc 1 410 5 is_stmt 1 view .LVU243
 980              	.LBB15:
 410:Core/Src/stm32f0xx_hal_msp.c **** 
 981              		.loc 1 410 5 view .LVU244
 410:Core/Src/stm32f0xx_hal_msp.c **** 
 982              		.loc 1 410 5 view .LVU245
 983 001c 154B     		ldr	r3, .L56+4
 984 001e 9969     		ldr	r1, [r3, #24]
 985 0020 8020     		movs	r0, #128
 986 0022 C001     		lsls	r0, r0, #7
 987 0024 0143     		orrs	r1, r0
 988 0026 9961     		str	r1, [r3, #24]
 410:Core/Src/stm32f0xx_hal_msp.c **** 
 989              		.loc 1 410 5 view .LVU246
 990 0028 9A69     		ldr	r2, [r3, #24]
 991 002a 0240     		ands	r2, r0
 992 002c 0192     		str	r2, [sp, #4]
 410:Core/Src/stm32f0xx_hal_msp.c **** 
 993              		.loc 1 410 5 view .LVU247
 994 002e 019A     		ldr	r2, [sp, #4]
 995              	.LBE15:
 410:Core/Src/stm32f0xx_hal_msp.c **** 
 996              		.loc 1 410 5 view .LVU248
 412:Core/Src/stm32f0xx_hal_msp.c ****     /**USART1 GPIO Configuration
 997              		.loc 1 412 5 view .LVU249
 998              	.LBB16:
 412:Core/Src/stm32f0xx_hal_msp.c ****     /**USART1 GPIO Configuration
 999              		.loc 1 412 5 view .LVU250
 412:Core/Src/stm32f0xx_hal_msp.c ****     /**USART1 GPIO Configuration
 1000              		.loc 1 412 5 view .LVU251
 1001 0030 5A69     		ldr	r2, [r3, #20]
 1002 0032 8021     		movs	r1, #128
 1003 0034 8902     		lsls	r1, r1, #10
 1004 0036 0A43     		orrs	r2, r1
 1005 0038 5A61     		str	r2, [r3, #20]
 412:Core/Src/stm32f0xx_hal_msp.c ****     /**USART1 GPIO Configuration
 1006              		.loc 1 412 5 view .LVU252
 1007 003a 5B69     		ldr	r3, [r3, #20]
 1008 003c 0B40     		ands	r3, r1
 1009 003e 0293     		str	r3, [sp, #8]
 412:Core/Src/stm32f0xx_hal_msp.c ****     /**USART1 GPIO Configuration
 1010              		.loc 1 412 5 view .LVU253
 1011 0040 029B     		ldr	r3, [sp, #8]
 1012              	.LBE16:
 412:Core/Src/stm32f0xx_hal_msp.c ****     /**USART1 GPIO Configuration
 1013              		.loc 1 412 5 view .LVU254
 417:Core/Src/stm32f0xx_hal_msp.c ****     GPIO_InitStruct.Mode = GPIO_MODE_AF_PP;
 1014              		.loc 1 417 5 view .LVU255
 417:Core/Src/stm32f0xx_hal_msp.c ****     GPIO_InitStruct.Mode = GPIO_MODE_AF_PP;
 1015              		.loc 1 417 25 is_stmt 0 view .LVU256
 1016 0042 0C23     		movs	r3, #12
 1017 0044 0393     		str	r3, [sp, #12]
 418:Core/Src/stm32f0xx_hal_msp.c ****     GPIO_InitStruct.Pull = GPIO_NOPULL;
 1018              		.loc 1 418 5 is_stmt 1 view .LVU257
 418:Core/Src/stm32f0xx_hal_msp.c ****     GPIO_InitStruct.Pull = GPIO_NOPULL;
 1019              		.loc 1 418 26 is_stmt 0 view .LVU258
ARM GAS  C:\Users\jisu8\AppData\Local\Temp\cc2C0Ey9.s 			page 29


 1020 0046 0A3B     		subs	r3, r3, #10
 1021 0048 0493     		str	r3, [sp, #16]
 419:Core/Src/stm32f0xx_hal_msp.c ****     GPIO_InitStruct.Speed = GPIO_SPEED_FREQ_HIGH;
 1022              		.loc 1 419 5 is_stmt 1 view .LVU259
 420:Core/Src/stm32f0xx_hal_msp.c ****     GPIO_InitStruct.Alternate = GPIO_AF1_USART1;
 1023              		.loc 1 420 5 view .LVU260
 420:Core/Src/stm32f0xx_hal_msp.c ****     GPIO_InitStruct.Alternate = GPIO_AF1_USART1;
 1024              		.loc 1 420 27 is_stmt 0 view .LVU261
 1025 004a 0133     		adds	r3, r3, #1
 1026 004c 0693     		str	r3, [sp, #24]
 421:Core/Src/stm32f0xx_hal_msp.c ****     HAL_GPIO_Init(GPIOA, &GPIO_InitStruct);
 1027              		.loc 1 421 5 is_stmt 1 view .LVU262
 421:Core/Src/stm32f0xx_hal_msp.c ****     HAL_GPIO_Init(GPIOA, &GPIO_InitStruct);
 1028              		.loc 1 421 31 is_stmt 0 view .LVU263
 1029 004e 023B     		subs	r3, r3, #2
 1030 0050 0793     		str	r3, [sp, #28]
 422:Core/Src/stm32f0xx_hal_msp.c **** 
 1031              		.loc 1 422 5 is_stmt 1 view .LVU264
 1032 0052 9020     		movs	r0, #144
 1033 0054 03A9     		add	r1, sp, #12
 1034 0056 C005     		lsls	r0, r0, #23
 1035 0058 FFF7FEFF 		bl	HAL_GPIO_Init
 1036              	.LVL60:
 425:Core/Src/stm32f0xx_hal_msp.c ****     HAL_NVIC_EnableIRQ(USART1_IRQn);
 1037              		.loc 1 425 5 view .LVU265
 1038 005c 0022     		movs	r2, #0
 1039 005e 0021     		movs	r1, #0
 1040 0060 1B20     		movs	r0, #27
 1041 0062 FFF7FEFF 		bl	HAL_NVIC_SetPriority
 1042              	.LVL61:
 426:Core/Src/stm32f0xx_hal_msp.c ****   /* USER CODE BEGIN USART1_MspInit 1 */
 1043              		.loc 1 426 5 view .LVU266
 1044 0066 1B20     		movs	r0, #27
 1045 0068 FFF7FEFF 		bl	HAL_NVIC_EnableIRQ
 1046              	.LVL62:
 1047              		.loc 1 432 1 is_stmt 0 view .LVU267
 1048 006c D4E7     		b	.L53
 1049              	.L57:
 1050 006e C046     		.align	2
 1051              	.L56:
 1052 0070 00380140 		.word	1073821696
 1053 0074 00100240 		.word	1073876992
 1054              		.cfi_endproc
 1055              	.LFE48:
 1057              		.section	.text.HAL_UART_MspDeInit,"ax",%progbits
 1058              		.align	1
 1059              		.global	HAL_UART_MspDeInit
 1060              		.syntax unified
 1061              		.code	16
 1062              		.thumb_func
 1064              	HAL_UART_MspDeInit:
 1065              	.LVL63:
 1066              	.LFB49:
 433:Core/Src/stm32f0xx_hal_msp.c **** 
 434:Core/Src/stm32f0xx_hal_msp.c **** /**
 435:Core/Src/stm32f0xx_hal_msp.c **** * @brief UART MSP De-Initialization
 436:Core/Src/stm32f0xx_hal_msp.c **** * This function freeze the hardware resources used in this example
ARM GAS  C:\Users\jisu8\AppData\Local\Temp\cc2C0Ey9.s 			page 30


 437:Core/Src/stm32f0xx_hal_msp.c **** * @param huart: UART handle pointer
 438:Core/Src/stm32f0xx_hal_msp.c **** * @retval None
 439:Core/Src/stm32f0xx_hal_msp.c **** */
 440:Core/Src/stm32f0xx_hal_msp.c **** void HAL_UART_MspDeInit(UART_HandleTypeDef* huart)
 441:Core/Src/stm32f0xx_hal_msp.c **** {
 1067              		.loc 1 441 1 is_stmt 1 view -0
 1068              		.cfi_startproc
 1069              		@ args = 0, pretend = 0, frame = 0
 1070              		@ frame_needed = 0, uses_anonymous_args = 0
 1071              		.loc 1 441 1 is_stmt 0 view .LVU269
 1072 0000 10B5     		push	{r4, lr}
 1073              	.LCFI15:
 1074              		.cfi_def_cfa_offset 8
 1075              		.cfi_offset 4, -8
 1076              		.cfi_offset 14, -4
 442:Core/Src/stm32f0xx_hal_msp.c ****   if(huart->Instance==USART1)
 1077              		.loc 1 442 3 is_stmt 1 view .LVU270
 1078              		.loc 1 442 11 is_stmt 0 view .LVU271
 1079 0002 0268     		ldr	r2, [r0]
 1080              		.loc 1 442 5 view .LVU272
 1081 0004 084B     		ldr	r3, .L61
 1082 0006 9A42     		cmp	r2, r3
 1083 0008 00D0     		beq	.L60
 1084              	.LVL64:
 1085              	.L58:
 443:Core/Src/stm32f0xx_hal_msp.c ****   {
 444:Core/Src/stm32f0xx_hal_msp.c ****   /* USER CODE BEGIN USART1_MspDeInit 0 */
 445:Core/Src/stm32f0xx_hal_msp.c **** 
 446:Core/Src/stm32f0xx_hal_msp.c ****   /* USER CODE END USART1_MspDeInit 0 */
 447:Core/Src/stm32f0xx_hal_msp.c ****     /* Peripheral clock disable */
 448:Core/Src/stm32f0xx_hal_msp.c ****     __HAL_RCC_USART1_CLK_DISABLE();
 449:Core/Src/stm32f0xx_hal_msp.c **** 
 450:Core/Src/stm32f0xx_hal_msp.c ****     /**USART1 GPIO Configuration
 451:Core/Src/stm32f0xx_hal_msp.c ****     PA2     ------> USART1_TX
 452:Core/Src/stm32f0xx_hal_msp.c ****     PA3     ------> USART1_RX
 453:Core/Src/stm32f0xx_hal_msp.c ****     */
 454:Core/Src/stm32f0xx_hal_msp.c ****     HAL_GPIO_DeInit(GPIOA, GPIO_PIN_2|GPIO_PIN_3);
 455:Core/Src/stm32f0xx_hal_msp.c **** 
 456:Core/Src/stm32f0xx_hal_msp.c ****     /* USART1 interrupt DeInit */
 457:Core/Src/stm32f0xx_hal_msp.c ****     HAL_NVIC_DisableIRQ(USART1_IRQn);
 458:Core/Src/stm32f0xx_hal_msp.c ****   /* USER CODE BEGIN USART1_MspDeInit 1 */
 459:Core/Src/stm32f0xx_hal_msp.c **** 
 460:Core/Src/stm32f0xx_hal_msp.c ****   /* USER CODE END USART1_MspDeInit 1 */
 461:Core/Src/stm32f0xx_hal_msp.c ****   }
 462:Core/Src/stm32f0xx_hal_msp.c **** 
 463:Core/Src/stm32f0xx_hal_msp.c **** }
 1086              		.loc 1 463 1 view .LVU273
 1087              		@ sp needed
 1088 000a 10BD     		pop	{r4, pc}
 1089              	.LVL65:
 1090              	.L60:
 448:Core/Src/stm32f0xx_hal_msp.c **** 
 1091              		.loc 1 448 5 is_stmt 1 view .LVU274
 1092 000c 074A     		ldr	r2, .L61+4
 1093 000e 9369     		ldr	r3, [r2, #24]
 1094 0010 0749     		ldr	r1, .L61+8
 1095 0012 0B40     		ands	r3, r1
ARM GAS  C:\Users\jisu8\AppData\Local\Temp\cc2C0Ey9.s 			page 31


 1096 0014 9361     		str	r3, [r2, #24]
 454:Core/Src/stm32f0xx_hal_msp.c **** 
 1097              		.loc 1 454 5 view .LVU275
 1098 0016 9020     		movs	r0, #144
 1099              	.LVL66:
 454:Core/Src/stm32f0xx_hal_msp.c **** 
 1100              		.loc 1 454 5 is_stmt 0 view .LVU276
 1101 0018 0C21     		movs	r1, #12
 1102 001a C005     		lsls	r0, r0, #23
 1103 001c FFF7FEFF 		bl	HAL_GPIO_DeInit
 1104              	.LVL67:
 457:Core/Src/stm32f0xx_hal_msp.c ****   /* USER CODE BEGIN USART1_MspDeInit 1 */
 1105              		.loc 1 457 5 is_stmt 1 view .LVU277
 1106 0020 1B20     		movs	r0, #27
 1107 0022 FFF7FEFF 		bl	HAL_NVIC_DisableIRQ
 1108              	.LVL68:
 1109              		.loc 1 463 1 is_stmt 0 view .LVU278
 1110 0026 F0E7     		b	.L58
 1111              	.L62:
 1112              		.align	2
 1113              	.L61:
 1114 0028 00380140 		.word	1073821696
 1115 002c 00100240 		.word	1073876992
 1116 0030 FFBFFFFF 		.word	-16385
 1117              		.cfi_endproc
 1118              	.LFE49:
 1120              		.text
 1121              	.Letext0:
 1122              		.file 2 "d:\\3.tools\\arm_gcc_toolchain\\arm-none-eabi\\include\\machine\\_default_types.h"
 1123              		.file 3 "d:\\3.tools\\arm_gcc_toolchain\\arm-none-eabi\\include\\sys\\_stdint.h"
 1124              		.file 4 "Drivers/CMSIS/Device/ST/STM32F0xx/Include/stm32f030x6.h"
 1125              		.file 5 "Drivers/CMSIS/Device/ST/STM32F0xx/Include/stm32f0xx.h"
 1126              		.file 6 "Drivers/STM32F0xx_HAL_Driver/Inc/stm32f0xx_hal_def.h"
 1127              		.file 7 "Drivers/STM32F0xx_HAL_Driver/Inc/stm32f0xx_hal_gpio.h"
 1128              		.file 8 "Drivers/STM32F0xx_HAL_Driver/Inc/stm32f0xx_hal_dma.h"
 1129              		.file 9 "Drivers/STM32F0xx_HAL_Driver/Inc/stm32f0xx_hal_adc.h"
 1130              		.file 10 "Drivers/STM32F0xx_HAL_Driver/Inc/stm32f0xx_hal_i2c.h"
 1131              		.file 11 "Drivers/STM32F0xx_HAL_Driver/Inc/stm32f0xx_hal_tim.h"
 1132              		.file 12 "Drivers/STM32F0xx_HAL_Driver/Inc/stm32f0xx_hal_uart.h"
 1133              		.file 13 "Drivers/STM32F0xx_HAL_Driver/Inc/stm32f0xx_hal_cortex.h"
 1134              		.file 14 "<built-in>"
ARM GAS  C:\Users\jisu8\AppData\Local\Temp\cc2C0Ey9.s 			page 32


DEFINED SYMBOLS
                            *ABS*:00000000 stm32f0xx_hal_msp.c
C:\Users\jisu8\AppData\Local\Temp\cc2C0Ey9.s:18     .text.HAL_MspInit:00000000 $t
C:\Users\jisu8\AppData\Local\Temp\cc2C0Ey9.s:24     .text.HAL_MspInit:00000000 HAL_MspInit
C:\Users\jisu8\AppData\Local\Temp\cc2C0Ey9.s:76     .text.HAL_MspInit:0000002c $d
C:\Users\jisu8\AppData\Local\Temp\cc2C0Ey9.s:81     .text.HAL_ADC_MspInit:00000000 $t
C:\Users\jisu8\AppData\Local\Temp\cc2C0Ey9.s:87     .text.HAL_ADC_MspInit:00000000 HAL_ADC_MspInit
C:\Users\jisu8\AppData\Local\Temp\cc2C0Ey9.s:185    .text.HAL_ADC_MspInit:00000058 $d
C:\Users\jisu8\AppData\Local\Temp\cc2C0Ey9.s:191    .text.HAL_ADC_MspDeInit:00000000 $t
C:\Users\jisu8\AppData\Local\Temp\cc2C0Ey9.s:197    .text.HAL_ADC_MspDeInit:00000000 HAL_ADC_MspDeInit
C:\Users\jisu8\AppData\Local\Temp\cc2C0Ey9.s:243    .text.HAL_ADC_MspDeInit:00000024 $d
C:\Users\jisu8\AppData\Local\Temp\cc2C0Ey9.s:250    .text.HAL_I2C_MspInit:00000000 $t
C:\Users\jisu8\AppData\Local\Temp\cc2C0Ey9.s:256    .text.HAL_I2C_MspInit:00000000 HAL_I2C_MspInit
C:\Users\jisu8\AppData\Local\Temp\cc2C0Ey9.s:395    .text.HAL_I2C_MspInit:00000080 $d
C:\Users\jisu8\AppData\Local\Temp\cc2C0Ey9.s:402    .text.HAL_I2C_MspDeInit:00000000 $t
C:\Users\jisu8\AppData\Local\Temp\cc2C0Ey9.s:408    .text.HAL_I2C_MspDeInit:00000000 HAL_I2C_MspDeInit
C:\Users\jisu8\AppData\Local\Temp\cc2C0Ey9.s:459    .text.HAL_I2C_MspDeInit:0000002c $d
C:\Users\jisu8\AppData\Local\Temp\cc2C0Ey9.s:467    .text.HAL_TIM_Base_MspInit:00000000 $t
C:\Users\jisu8\AppData\Local\Temp\cc2C0Ey9.s:473    .text.HAL_TIM_Base_MspInit:00000000 HAL_TIM_Base_MspInit
C:\Users\jisu8\AppData\Local\Temp\cc2C0Ey9.s:628    .text.HAL_TIM_Base_MspInit:00000098 $d
C:\Users\jisu8\AppData\Local\Temp\cc2C0Ey9.s:637    .text.HAL_TIM_MspPostInit:00000000 $t
C:\Users\jisu8\AppData\Local\Temp\cc2C0Ey9.s:643    .text.HAL_TIM_MspPostInit:00000000 HAL_TIM_MspPostInit
C:\Users\jisu8\AppData\Local\Temp\cc2C0Ey9.s:815    .text.HAL_TIM_MspPostInit:000000a4 $d
C:\Users\jisu8\AppData\Local\Temp\cc2C0Ey9.s:823    .text.HAL_TIM_Base_MspDeInit:00000000 $t
C:\Users\jisu8\AppData\Local\Temp\cc2C0Ey9.s:829    .text.HAL_TIM_Base_MspDeInit:00000000 HAL_TIM_Base_MspDeInit
C:\Users\jisu8\AppData\Local\Temp\cc2C0Ey9.s:919    .text.HAL_TIM_Base_MspDeInit:0000005c $d
C:\Users\jisu8\AppData\Local\Temp\cc2C0Ey9.s:931    .text.HAL_UART_MspInit:00000000 $t
C:\Users\jisu8\AppData\Local\Temp\cc2C0Ey9.s:937    .text.HAL_UART_MspInit:00000000 HAL_UART_MspInit
C:\Users\jisu8\AppData\Local\Temp\cc2C0Ey9.s:1052   .text.HAL_UART_MspInit:00000070 $d
C:\Users\jisu8\AppData\Local\Temp\cc2C0Ey9.s:1058   .text.HAL_UART_MspDeInit:00000000 $t
C:\Users\jisu8\AppData\Local\Temp\cc2C0Ey9.s:1064   .text.HAL_UART_MspDeInit:00000000 HAL_UART_MspDeInit
C:\Users\jisu8\AppData\Local\Temp\cc2C0Ey9.s:1114   .text.HAL_UART_MspDeInit:00000028 $d

UNDEFINED SYMBOLS
memset
HAL_GPIO_Init
HAL_GPIO_DeInit
HAL_NVIC_SetPriority
HAL_NVIC_EnableIRQ
HAL_NVIC_DisableIRQ
