ARM GAS  C:\Users\jisu8\AppData\Local\Temp\cct8EAr3.s 			page 1


   1              		.cpu cortex-m0
   2              		.eabi_attribute 20, 1
   3              		.eabi_attribute 21, 1
   4              		.eabi_attribute 23, 3
   5              		.eabi_attribute 24, 1
   6              		.eabi_attribute 25, 1
   7              		.eabi_attribute 26, 1
   8              		.eabi_attribute 30, 1
   9              		.eabi_attribute 34, 0
  10              		.eabi_attribute 18, 4
  11              		.file	"switch.c"
  12              		.text
  13              	.Ltext0:
  14              		.cfi_sections	.debug_frame
  15              		.section	.text.Switch_Control,"ax",%progbits
  16              		.align	1
  17              		.global	Switch_Control
  18              		.arch armv6s-m
  19              		.syntax unified
  20              		.code	16
  21              		.thumb_func
  22              		.fpu softvfp
  24              	Switch_Control:
  25              	.LFB40:
  26              		.file 1 "Core/Src/switch.c"
   1:Core/Src/switch.c **** #include "switch.h"
   2:Core/Src/switch.c **** 
   3:Core/Src/switch.c **** uint8 switch_status1,switch_status2,switch_status3,switch_status4;
   4:Core/Src/switch.c **** uint8 cup_in;
   5:Core/Src/switch.c **** 
   6:Core/Src/switch.c **** void Switch_Control(void)
   7:Core/Src/switch.c **** {
  27              		.loc 1 7 1 view -0
  28              		.cfi_startproc
  29              		@ args = 0, pretend = 0, frame = 0
  30              		@ frame_needed = 0, uses_anonymous_args = 0
  31 0000 10B5     		push	{r4, lr}
  32              	.LCFI0:
  33              		.cfi_def_cfa_offset 8
  34              		.cfi_offset 4, -8
  35              		.cfi_offset 14, -4
   8:Core/Src/switch.c ****     switch_status1 = HAL_GPIO_ReadPin(SWITCH_GROUP_1,SWITCH_PIN_1);
  36              		.loc 1 8 5 view .LVU1
  37              		.loc 1 8 22 is_stmt 0 view .LVU2
  38 0002 8021     		movs	r1, #128
  39 0004 9024     		movs	r4, #144
  40 0006 E405     		lsls	r4, r4, #23
  41 0008 C900     		lsls	r1, r1, #3
  42 000a 2000     		movs	r0, r4
  43 000c FFF7FEFF 		bl	HAL_GPIO_ReadPin
  44              	.LVL0:
  45              		.loc 1 8 20 view .LVU3
  46 0010 114B     		ldr	r3, .L2
  47 0012 1870     		strb	r0, [r3]
   9:Core/Src/switch.c ****     switch_status2 = HAL_GPIO_ReadPin(SWITCH_GROUP_2,SWITCH_PIN_2);
  48              		.loc 1 9 5 is_stmt 1 view .LVU4
  49              		.loc 1 9 22 is_stmt 0 view .LVU5
ARM GAS  C:\Users\jisu8\AppData\Local\Temp\cct8EAr3.s 			page 2


  50 0014 8021     		movs	r1, #128
  51 0016 0901     		lsls	r1, r1, #4
  52 0018 2000     		movs	r0, r4
  53 001a FFF7FEFF 		bl	HAL_GPIO_ReadPin
  54              	.LVL1:
  55              		.loc 1 9 20 view .LVU6
  56 001e 0F4B     		ldr	r3, .L2+4
  57 0020 1870     		strb	r0, [r3]
  10:Core/Src/switch.c ****     switch_status3 = HAL_GPIO_ReadPin(SWITCH_GROUP_3,SWITCH_PIN_3);
  58              		.loc 1 10 5 is_stmt 1 view .LVU7
  59              		.loc 1 10 22 is_stmt 0 view .LVU8
  60 0022 8021     		movs	r1, #128
  61 0024 4901     		lsls	r1, r1, #5
  62 0026 2000     		movs	r0, r4
  63 0028 FFF7FEFF 		bl	HAL_GPIO_ReadPin
  64              	.LVL2:
  65              		.loc 1 10 20 view .LVU9
  66 002c 0C4B     		ldr	r3, .L2+8
  67 002e 1870     		strb	r0, [r3]
  11:Core/Src/switch.c ****     switch_status4 = HAL_GPIO_ReadPin(SWITCH_GROUP_4,SWITCH_PIN_4);
  68              		.loc 1 11 5 is_stmt 1 view .LVU10
  69              		.loc 1 11 22 is_stmt 0 view .LVU11
  70 0030 8021     		movs	r1, #128
  71 0032 4900     		lsls	r1, r1, #1
  72 0034 2000     		movs	r0, r4
  73 0036 FFF7FEFF 		bl	HAL_GPIO_ReadPin
  74              	.LVL3:
  75              		.loc 1 11 20 view .LVU12
  76 003a 0A4B     		ldr	r3, .L2+12
  77 003c 1870     		strb	r0, [r3]
  12:Core/Src/switch.c ****     cup_in = HAL_GPIO_ReadPin(GPIOA,GPIO_PIN_3);
  78              		.loc 1 12 5 is_stmt 1 view .LVU13
  79              		.loc 1 12 14 is_stmt 0 view .LVU14
  80 003e 0821     		movs	r1, #8
  81 0040 2000     		movs	r0, r4
  82 0042 FFF7FEFF 		bl	HAL_GPIO_ReadPin
  83              	.LVL4:
  84              		.loc 1 12 12 view .LVU15
  85 0046 084B     		ldr	r3, .L2+16
  86 0048 1870     		strb	r0, [r3]
  13:Core/Src/switch.c ****     HAL_GPIO_WritePin(GPIOA,GPIO_PIN_5,GPIO_PIN_SET);
  87              		.loc 1 13 5 is_stmt 1 view .LVU16
  88 004a 0122     		movs	r2, #1
  89 004c 2021     		movs	r1, #32
  90 004e 2000     		movs	r0, r4
  91 0050 FFF7FEFF 		bl	HAL_GPIO_WritePin
  92              	.LVL5:
  14:Core/Src/switch.c **** 
  15:Core/Src/switch.c ****     return;
  93              		.loc 1 15 5 view .LVU17
  16:Core/Src/switch.c **** }...
  94              		.loc 1 16 1 is_stmt 0 view .LVU18
  95              		@ sp needed
  96 0054 10BD     		pop	{r4, pc}
  97              	.L3:
  98 0056 C046     		.align	2
  99              	.L2:
ARM GAS  C:\Users\jisu8\AppData\Local\Temp\cct8EAr3.s 			page 3


 100 0058 00000000 		.word	.LANCHOR0
 101 005c 00000000 		.word	.LANCHOR1
 102 0060 00000000 		.word	.LANCHOR2
 103 0064 00000000 		.word	.LANCHOR3
 104 0068 00000000 		.word	.LANCHOR4
 105              		.cfi_endproc
 106              	.LFE40:
 108              		.global	cup_in
 109              		.global	switch_status4
 110              		.global	switch_status3
 111              		.global	switch_status2
 112              		.global	switch_status1
 113              		.section	.bss.cup_in,"aw",%nobits
 114              		.set	.LANCHOR4,. + 0
 117              	cup_in:
 118 0000 00       		.space	1
 119              		.section	.bss.switch_status1,"aw",%nobits
 120              		.set	.LANCHOR0,. + 0
 123              	switch_status1:
 124 0000 00       		.space	1
 125              		.section	.bss.switch_status2,"aw",%nobits
 126              		.set	.LANCHOR1,. + 0
 129              	switch_status2:
 130 0000 00       		.space	1
 131              		.section	.bss.switch_status3,"aw",%nobits
 132              		.set	.LANCHOR2,. + 0
 135              	switch_status3:
 136 0000 00       		.space	1
 137              		.section	.bss.switch_status4,"aw",%nobits
 138              		.set	.LANCHOR3,. + 0
 141              	switch_status4:
 142 0000 00       		.space	1
 143              		.text
 144              	.Letext0:
 145              		.file 2 "d:\\3.tools\\arm_gcc_toolchain\\20_q4_major\\arm-none-eabi\\include\\machine\\_default_ty
 146              		.file 3 "d:\\3.tools\\arm_gcc_toolchain\\20_q4_major\\arm-none-eabi\\include\\sys\\_stdint.h"
 147              		.file 4 "Drivers/CMSIS/Device/ST/STM32F0xx/Include/stm32f030x6.h"
 148              		.file 5 "Core/Inc/vardef.h"
 149              		.file 6 "Drivers/STM32F0xx_HAL_Driver/Inc/stm32f0xx_hal_gpio.h"
ARM GAS  C:\Users\jisu8\AppData\Local\Temp\cct8EAr3.s 			page 4


DEFINED SYMBOLS
                            *ABS*:00000000 switch.c
C:\Users\jisu8\AppData\Local\Temp\cct8EAr3.s:16     .text.Switch_Control:00000000 $t
C:\Users\jisu8\AppData\Local\Temp\cct8EAr3.s:24     .text.Switch_Control:00000000 Switch_Control
C:\Users\jisu8\AppData\Local\Temp\cct8EAr3.s:100    .text.Switch_Control:00000058 $d
C:\Users\jisu8\AppData\Local\Temp\cct8EAr3.s:117    .bss.cup_in:00000000 cup_in
C:\Users\jisu8\AppData\Local\Temp\cct8EAr3.s:141    .bss.switch_status4:00000000 switch_status4
C:\Users\jisu8\AppData\Local\Temp\cct8EAr3.s:135    .bss.switch_status3:00000000 switch_status3
C:\Users\jisu8\AppData\Local\Temp\cct8EAr3.s:129    .bss.switch_status2:00000000 switch_status2
C:\Users\jisu8\AppData\Local\Temp\cct8EAr3.s:123    .bss.switch_status1:00000000 switch_status1
C:\Users\jisu8\AppData\Local\Temp\cct8EAr3.s:118    .bss.cup_in:00000000 $d
C:\Users\jisu8\AppData\Local\Temp\cct8EAr3.s:124    .bss.switch_status1:00000000 $d
C:\Users\jisu8\AppData\Local\Temp\cct8EAr3.s:130    .bss.switch_status2:00000000 $d
C:\Users\jisu8\AppData\Local\Temp\cct8EAr3.s:136    .bss.switch_status3:00000000 $d
C:\Users\jisu8\AppData\Local\Temp\cct8EAr3.s:142    .bss.switch_status4:00000000 $d

UNDEFINED SYMBOLS
HAL_GPIO_ReadPin
HAL_GPIO_WritePin
